TN:
SF:src/App.tsx
FN:8,(anonymous_1)
FNF:1
FNH:0
FNDA:0,(anonymous_1)
DA:2,0
DA:3,0
DA:4,0
DA:5,0
DA:6,0
DA:8,0
DA:9,0
DA:249,0
LF:8
LH:0
BRF:0
BRH:0
end_of_record
TN:
SF:src/app/router/ProtectedRoute.tsx
FN:11,(anonymous_0)
FNF:1
FNH:0
FNDA:0,(anonymous_0)
DA:2,0
DA:3,0
DA:4,0
DA:11,0
DA:15,0
DA:17,0
DA:18,0
DA:30,0
DA:31,0
DA:35,0
DA:40,0
DA:43,0
LF:12
LH:0
BRDA:13,0,0,0
BRDA:17,1,0,0
BRDA:17,1,1,0
BRDA:30,2,0,0
BRDA:30,2,1,0
BRDA:35,3,0,0
BRDA:35,3,1,0
BRDA:35,4,0,0
BRDA:35,4,1,0
BRF:9
BRH:0
end_of_record
TN:
SF:src/app/router/Router.tsx
FN:31,(anonymous_1)
FN:34,(anonymous_2)
FNF:2
FNH:0
FNDA:0,(anonymous_1)
FNDA:0,(anonymous_2)
DA:2,0
DA:3,0
DA:4,0
DA:5,0
DA:6,0
DA:7,0
DA:8,0
DA:9,0
DA:10,0
DA:11,0
DA:20,0
DA:31,0
DA:32,0
DA:35,0
DA:55,0
LF:15
LH:0
BRDA:39,0,0,0
BRDA:39,0,1,0
BRDA:42,1,0,0
BRDA:42,1,1,0
BRF:4
BRH:0
end_of_record
TN:
SF:src/components/index.ts
FNF:0
FNH:0
DA:2,0
DA:5,0
DA:8,0
DA:11,0
LF:4
LH:0
BRF:0
BRH:0
end_of_record
TN:
SF:src/components/common/index.ts
FN:2,(anonymous_1)
FNF:1
FNH:0
FNDA:0,(anonymous_1)
DA:2,0
LF:1
LH:0
BRF:0
BRH:0
end_of_record
TN:
SF:src/components/common/GlobalWireframe/GlobalWireframe.tsx
FN:6,GlobalWireframe
FN:26,(anonymous_10)
FN:29,(anonymous_11)
FN:61,(anonymous_12)
FN:76,(anonymous_13)
FNF:5
FNH:0
FNDA:0,GlobalWireframe
FNDA:0,(anonymous_10)
FNDA:0,(anonymous_11)
FNDA:0,(anonymous_12)
FNDA:0,(anonymous_13)
DA:1,0
DA:2,0
DA:3,0
DA:4,0
DA:6,0
DA:7,0
DA:26,0
DA:27,0
DA:29,0
DA:30,0
DA:31,0
DA:35,0
DA:36,0
DA:37,0
DA:39,0
DA:40,0
DA:41,0
DA:47,0
DA:62,0
DA:77,0
LF:20
LH:0
BRDA:30,0,0,0
BRDA:30,0,1,0
BRF:2
BRH:0
end_of_record
TN:
SF:src/components/forms/index.ts
FNF:0
FNH:0
DA:2,0
LF:1
LH:0
BRF:0
BRH:0
end_of_record
TN:
SF:src/components/forms/VehicleForm/VehicleForm.tsx
FN:48,(anonymous_8)
FN:78,(anonymous_9)
FN:84,(anonymous_10)
FN:96,(anonymous_11)
FN:122,(anonymous_12)
FN:125,(anonymous_13)
FN:133,(anonymous_14)
FN:133,(anonymous_15)
FN:151,(anonymous_16)
FN:151,(anonymous_17)
FN:167,(anonymous_18)
FN:167,(anonymous_19)
FN:182,(anonymous_20)
FN:195,(anonymous_21)
FN:207,(anonymous_22)
FN:213,(anonymous_23)
FN:230,(anonymous_24)
FN:238,(anonymous_25)
FN:244,(anonymous_26)
FN:245,(anonymous_27)
FN:265,(anonymous_28)
FN:270,(anonymous_29)
FN:277,(anonymous_30)
FN:290,(anonymous_31)
FN:304,(anonymous_32)
FN:307,(anonymous_33)
FN:467,(anonymous_34)
FN:469,(anonymous_35)
FN:471,(anonymous_36)
FN:567,(anonymous_37)
FN:573,(anonymous_38)
FN:615,(anonymous_39)
FN:625,(anonymous_40)
FN:674,(anonymous_41)
FN:687,(anonymous_42)
FN:708,(anonymous_43)
FN:760,(anonymous_44)
FN:761,(anonymous_45)
FNF:38
FNH:0
FNDA:0,(anonymous_8)
FNDA:0,(anonymous_9)
FNDA:0,(anonymous_10)
FNDA:0,(anonymous_11)
FNDA:0,(anonymous_12)
FNDA:0,(anonymous_13)
FNDA:0,(anonymous_14)
FNDA:0,(anonymous_15)
FNDA:0,(anonymous_16)
FNDA:0,(anonymous_17)
FNDA:0,(anonymous_18)
FNDA:0,(anonymous_19)
FNDA:0,(anonymous_20)
FNDA:0,(anonymous_21)
FNDA:0,(anonymous_22)
FNDA:0,(anonymous_23)
FNDA:0,(anonymous_24)
FNDA:0,(anonymous_25)
FNDA:0,(anonymous_26)
FNDA:0,(anonymous_27)
FNDA:0,(anonymous_28)
FNDA:0,(anonymous_29)
FNDA:0,(anonymous_30)
FNDA:0,(anonymous_31)
FNDA:0,(anonymous_32)
FNDA:0,(anonymous_33)
FNDA:0,(anonymous_34)
FNDA:0,(anonymous_35)
FNDA:0,(anonymous_36)
FNDA:0,(anonymous_37)
FNDA:0,(anonymous_38)
FNDA:0,(anonymous_39)
FNDA:0,(anonymous_40)
FNDA:0,(anonymous_41)
FNDA:0,(anonymous_42)
FNDA:0,(anonymous_43)
FNDA:0,(anonymous_44)
FNDA:0,(anonymous_45)
DA:1,0
DA:2,0
DA:21,0
DA:34,0
DA:36,0
DA:37,0
DA:38,0
DA:48,0
DA:55,0
DA:56,0
DA:59,0
DA:60,0
DA:61,0
DA:64,0
DA:65,0
DA:66,0
DA:69,0
DA:70,0
DA:71,0
DA:72,0
DA:75,0
DA:76,0
DA:78,0
DA:79,0
DA:80,0
DA:84,0
DA:85,0
DA:86,0
DA:87,0
DA:88,0
DA:89,0
DA:90,0
DA:91,0
DA:92,0
DA:96,0
DA:97,0
DA:98,0
DA:99,0
DA:108,0
DA:111,0
DA:112,0
DA:115,0
DA:116,0
DA:122,0
DA:123,0
DA:124,0
DA:125,0
DA:126,0
DA:127,0
DA:128,0
DA:129,0
DA:133,0
DA:134,0
DA:135,0
DA:136,0
DA:137,0
DA:139,0
DA:140,0
DA:141,0
DA:144,0
DA:145,0
DA:147,0
DA:151,0
DA:152,0
DA:153,0
DA:154,0
DA:155,0
DA:157,0
DA:158,0
DA:159,0
DA:161,0
DA:163,0
DA:167,0
DA:168,0
DA:169,0
DA:170,0
DA:172,0
DA:173,0
DA:174,0
DA:176,0
DA:178,0
DA:182,0
DA:183,0
DA:184,0
DA:186,0
DA:187,0
DA:188,0
DA:190,0
DA:191,0
DA:195,0
DA:196,0
DA:197,0
DA:199,0
DA:200,0
DA:202,0
DA:203,0
DA:207,0
DA:208,0
DA:209,0
DA:210,0
DA:213,0
DA:214,0
DA:215,0
DA:216,0
DA:217,0
DA:220,0
DA:221,0
DA:222,0
DA:223,0
DA:226,0
DA:229,0
DA:230,0
DA:231,0
DA:233,0
DA:235,0
DA:238,0
DA:239,0
DA:240,0
DA:241,0
DA:244,0
DA:245,0
DA:246,0
DA:256,0
DA:257,0
DA:258,0
DA:260,0
DA:261,0
DA:264,0
DA:266,0
DA:270,0
DA:271,0
DA:272,0
DA:273,0
DA:274,0
DA:277,0
DA:278,0
DA:279,0
DA:280,0
DA:281,0
DA:283,0
DA:284,0
DA:287,0
DA:290,0
DA:291,0
DA:292,0
DA:294,0
DA:297,0
DA:302,0
DA:304,0
DA:307,0
DA:308,0
DA:342,0
DA:468,0
DA:469,0
DA:470,0
DA:471,0
DA:472,0
DA:473,0
DA:474,0
DA:568,0
DA:574,0
DA:616,0
DA:626,0
DA:675,0
DA:688,0
DA:709,0
DA:760,0
DA:761,0
DA:884,0
LF:169
LH:0
BRDA:53,0,0,0
BRDA:79,1,0,0
BRDA:79,1,1,0
BRDA:79,2,0,0
BRDA:79,2,1,0
BRDA:85,3,0,0
BRDA:85,3,1,0
BRDA:97,4,0,0
BRDA:97,4,1,0
BRDA:98,5,0,0
BRDA:98,5,1,0
BRDA:111,6,0,0
BRDA:111,6,1,0
BRDA:123,7,0,0
BRDA:123,7,1,0
BRDA:125,8,0,0
BRDA:125,8,1,0
BRDA:126,9,0,0
BRDA:126,9,1,0
BRDA:139,10,0,0
BRDA:139,10,1,0
BRDA:190,11,0,0
BRDA:190,11,1,0
BRDA:190,12,0,0
BRDA:190,12,1,0
BRDA:202,13,0,0
BRDA:202,13,1,0
BRDA:202,14,0,0
BRDA:202,14,1,0
BRDA:202,14,2,0
BRDA:215,15,0,0
BRDA:215,15,1,0
BRDA:221,16,0,0
BRDA:221,16,1,0
BRDA:231,17,0,0
BRDA:231,17,1,0
BRDA:231,18,0,0
BRDA:231,18,1,0
BRDA:249,19,0,0
BRDA:249,19,1,0
BRDA:250,20,0,0
BRDA:250,20,1,0
BRDA:250,21,0,0
BRDA:250,21,1,0
BRDA:250,22,0,0
BRDA:250,22,1,0
BRDA:251,23,0,0
BRDA:251,23,1,0
BRDA:251,24,0,0
BRDA:251,24,1,0
BRDA:251,25,0,0
BRDA:251,25,1,0
BRDA:252,26,0,0
BRDA:252,26,1,0
BRDA:252,27,0,0
BRDA:252,27,1,0
BRDA:252,28,0,0
BRDA:252,28,1,0
BRDA:256,29,0,0
BRDA:256,29,1,0
BRDA:260,30,0,0
BRDA:260,30,1,0
BRDA:261,31,0,0
BRDA:261,31,1,0
BRDA:278,32,0,0
BRDA:278,32,1,0
BRDA:283,33,0,0
BRDA:283,33,1,0
BRDA:283,34,0,0
BRDA:283,34,1,0
BRDA:291,35,0,0
BRDA:291,35,1,0
BRDA:291,36,0,0
BRDA:291,36,1,0
BRDA:432,37,0,0
BRDA:432,37,1,0
BRDA:436,38,0,0
BRDA:436,38,1,0
BRDA:440,39,0,0
BRDA:440,39,1,0
BRDA:468,40,0,0
BRDA:468,40,1,0
BRDA:471,41,0,0
BRDA:471,41,1,0
BRDA:472,42,0,0
BRDA:472,42,1,0
BRDA:488,43,0,0
BRDA:488,43,1,0
BRDA:507,44,0,0
BRDA:507,44,1,0
BRDA:518,45,0,0
BRDA:518,45,1,0
BRDA:536,46,0,0
BRDA:536,46,1,0
BRDA:552,47,0,0
BRDA:552,47,1,0
BRDA:552,47,2,0
BRDA:561,48,0,0
BRDA:561,48,1,0
BRDA:561,49,0,0
BRDA:561,49,1,0
BRDA:568,50,0,0
BRDA:568,50,1,0
BRDA:568,51,0,0
BRDA:568,51,1,0
BRDA:571,52,0,0
BRDA:571,52,1,0
BRDA:599,53,0,0
BRDA:599,53,1,0
BRDA:608,54,0,0
BRDA:608,54,1,0
BRDA:608,55,0,0
BRDA:608,55,1,0
BRDA:616,56,0,0
BRDA:616,56,1,0
BRDA:616,57,0,0
BRDA:616,57,1,0
BRDA:620,58,0,0
BRDA:620,58,1,0
BRDA:621,59,0,0
BRDA:621,59,1,0
BRDA:653,60,0,0
BRDA:653,60,1,0
BRDA:660,61,0,0
BRDA:660,61,1,0
BRDA:660,62,0,0
BRDA:660,62,1,0
BRDA:669,63,0,0
BRDA:669,63,1,0
BRDA:670,64,0,0
BRDA:670,64,1,0
BRDA:717,65,0,0
BRDA:717,65,1,0
BRDA:718,66,0,0
BRDA:718,66,1,0
BRDA:719,67,0,0
BRDA:719,67,1,0
BRDA:720,68,0,0
BRDA:720,68,1,0
BRDA:721,69,0,0
BRDA:721,69,1,0
BRDA:722,70,0,0
BRDA:722,70,1,0
BRDA:723,71,0,0
BRDA:723,71,1,0
BRDA:724,72,0,0
BRDA:724,72,1,0
BRDA:725,73,0,0
BRDA:725,73,1,0
BRDA:726,74,0,0
BRDA:726,74,1,0
BRDA:727,75,0,0
BRDA:727,75,1,0
BRDA:728,76,0,0
BRDA:728,76,1,0
BRDA:729,77,0,0
BRDA:729,77,1,0
BRDA:730,78,0,0
BRDA:730,78,1,0
BRDA:774,79,0,0
BRDA:774,79,1,0
BRDA:875,80,0,0
BRDA:875,80,1,0
BRF:163
BRH:0
end_of_record
TN:
SF:src/components/forms/VehicleForm/index.ts
FN:1,(anonymous_1)
FNF:1
FNH:0
FNDA:0,(anonymous_1)
DA:1,0
LF:1
LH:0
BRF:0
BRH:0
end_of_record
TN:
SF:src/components/layout/index.ts
FN:2,(anonymous_1)
FN:3,(anonymous_2)
FN:4,(anonymous_3)
FN:5,(anonymous_4)
FN:6,(anonymous_5)
FNF:5
FNH:0
FNDA:0,(anonymous_1)
FNDA:0,(anonymous_2)
FNDA:0,(anonymous_3)
FNDA:0,(anonymous_4)
FNDA:0,(anonymous_5)
DA:2,0
DA:3,0
DA:4,0
DA:5,0
DA:6,0
LF:5
LH:0
BRF:0
BRH:0
end_of_record
TN:
SF:src/components/layout/DefaultLayout/index.ts
FN:2,(anonymous_1)
FN:3,(anonymous_2)
FN:4,(anonymous_3)
FNF:3
FNH:0
FNDA:0,(anonymous_1)
FNDA:0,(anonymous_2)
FNDA:0,(anonymous_3)
DA:2,0
DA:3,0
DA:4,0
LF:3
LH:0
BRF:0
BRH:0
end_of_record
TN:
SF:src/components/ui/index.ts
FNF:0
FNH:0
DA:2,0
DA:3,0
LF:2
LH:0
BRF:0
BRH:0
end_of_record
TN:
SF:src/components/ui/Card/index.ts
FN:1,(anonymous_1)
FNF:1
FNH:0
FNDA:0,(anonymous_1)
DA:1,0
LF:1
LH:0
BRF:0
BRH:0
end_of_record
TN:
SF:src/components/ui/StatusBadge/StatusBadge.tsx
FN:18,(anonymous_0)
FN:23,(anonymous_1)
FNF:2
FNH:2
FNDA:16,(anonymous_0)
FNDA:16,(anonymous_1)
DA:2,1
DA:3,1
DA:18,1
DA:23,16
DA:24,16
DA:26,1
DA:33,1
DA:40,11
DA:47,1
DA:54,1
DA:61,1
DA:70,16
DA:71,16
DA:74,16
DA:95,16
DA:96,13
DA:99,3
DA:131,1
LF:18
LH:18
BRDA:20,0,0,12
BRDA:21,1,0,13
BRDA:24,2,0,1
BRDA:24,2,1,1
BRDA:24,2,2,11
BRDA:24,2,3,1
BRDA:24,2,4,1
BRDA:24,2,5,1
BRDA:83,3,0,1
BRDA:83,3,1,15
BRDA:87,4,0,16
BRDA:87,4,1,2
BRDA:95,5,0,13
BRDA:95,5,1,3
BRDA:112,6,0,3
BRDA:112,6,1,3
BRDA:117,7,0,3
BRDA:117,7,1,1
BRF:18
BRH:18
end_of_record
TN:
SF:src/components/ui/StatusBadge/index.ts
FN:1,(anonymous_1)
FNF:1
FNH:0
FNDA:0,(anonymous_1)
DA:1,0
LF:1
LH:0
BRF:0
BRH:0
end_of_record
TN:
SF:src/features/auth/index.ts
FN:2,(anonymous_4)
FN:2,(anonymous_5)
FNF:2
FNH:0
FNDA:0,(anonymous_4)
FNDA:0,(anonymous_5)
DA:2,0
DA:5,0
LF:2
LH:0
BRF:0
BRH:0
end_of_record
TN:
SF:src/features/auth/components/AuthContext.tsx
FN:12,(anonymous_7)
FN:16,(anonymous_8)
FN:20,(anonymous_9)
FN:20,(anonymous_10)
FN:34,(anonymous_11)
FN:43,(anonymous_12)
FN:43,(anonymous_13)
FN:60,(anonymous_14)
FN:60,(anonymous_15)
FN:77,(anonymous_16)
FN:82,(anonymous_17)
FN:82,(anonymous_18)
FN:104,(anonymous_19)
FNF:13
FNH:13
FNDA:68,(anonymous_7)
FNDA:32,(anonymous_8)
FNDA:32,(anonymous_9)
FNDA:32,(anonymous_10)
FNDA:2,(anonymous_11)
FNDA:1,(anonymous_12)
FNDA:1,(anonymous_13)
FNDA:1,(anonymous_14)
FNDA:1,(anonymous_15)
FNDA:1,(anonymous_16)
FNDA:1,(anonymous_17)
FNDA:1,(anonymous_18)
FNDA:17,(anonymous_19)
DA:1,4
DA:2,4
DA:3,4
DA:6,4
DA:12,4
DA:13,68
DA:14,68
DA:16,68
DA:17,32
DA:20,68
DA:21,32
DA:22,32
DA:23,4
DA:24,2
DA:27,2
DA:28,2
DA:30,32
DA:34,68
DA:35,2
DA:43,68
DA:44,1
DA:45,1
DA:46,1
DA:47,1
DA:49,1
DA:50,1
DA:51,1
DA:53,0
DA:56,0
DA:60,68
DA:61,1
DA:62,1
DA:63,1
DA:64,1
DA:66,1
DA:67,1
DA:68,1
DA:70,0
DA:73,0
DA:77,68
DA:78,1
DA:79,1
DA:82,68
DA:83,1
DA:84,1
DA:85,1
DA:87,0
DA:91,68
DA:101,68
DA:104,4
DA:105,17
DA:106,17
DA:107,0
DA:109,17
LF:54
LH:48
BRDA:22,0,0,4
BRDA:22,0,1,28
BRDA:106,1,0,0
BRDA:106,1,1,17
BRF:4
BRH:3
end_of_record
TN:
SF:src/features/auth/services/apiAuth.ts
FN:7,(anonymous_7)
FN:13,(anonymous_9)
FN:19,(anonymous_11)
FN:30,(anonymous_13)
FN:35,(anonymous_15)
FN:40,(anonymous_17)
FN:46,(anonymous_19)
FN:56,(anonymous_21)
FN:61,(anonymous_23)
FN:66,(anonymous_25)
FN:71,(anonymous_27)
FN:75,(anonymous_28)
FN:79,(anonymous_29)
FNF:13
FNH:6
FNDA:3,(anonymous_7)
FNDA:6,(anonymous_9)
FNDA:1,(anonymous_11)
FNDA:4,(anonymous_13)
FNDA:3,(anonymous_15)
FNDA:0,(anonymous_17)
FNDA:0,(anonymous_19)
FNDA:0,(anonymous_21)
FNDA:0,(anonymous_23)
FNDA:0,(anonymous_25)
FNDA:18,(anonymous_27)
FNDA:0,(anonymous_28)
FNDA:0,(anonymous_29)
DA:2,3
DA:8,3
DA:9,1
DA:10,1
DA:14,6
DA:15,2
DA:16,2
DA:20,1
DA:21,1
DA:23,0
DA:25,1
DA:31,4
DA:32,2
DA:36,3
DA:37,1
DA:41,0
DA:42,0
DA:43,0
DA:47,0
DA:48,0
DA:49,0
DA:51,0
DA:52,0
DA:57,0
DA:58,0
DA:62,0
DA:63,0
DA:67,0
DA:68,0
DA:72,18
DA:76,0
DA:80,0
DA:81,0
DA:82,0
DA:86,3
LF:35
LH:16
BRF:0
BRH:0
end_of_record
TN:
SF:src/features/blockchain/components/BlockchainOverview.tsx
FN:34,BlockchainOverview
FN:49,(anonymous_1)
FNF:2
FNH:0
FNDA:0,BlockchainOverview
FNDA:0,(anonymous_1)
DA:1,0
DA:2,0
DA:9,0
DA:34,0
DA:43,0
DA:45,0
DA:46,0
DA:47,0
DA:49,0
DA:50,0
DA:51,0
DA:52,0
DA:55,0
DA:57,0
LF:14
LH:0
BRDA:45,0,0,0
BRDA:45,0,1,0
BRDA:46,1,0,0
BRDA:46,1,1,0
BRDA:47,2,0,0
BRDA:47,2,1,0
BRDA:50,3,0,0
BRDA:50,3,1,0
BRDA:51,4,0,0
BRDA:51,4,1,0
BRDA:214,5,0,0
BRDA:214,5,1,0
BRDA:224,6,0,0
BRDA:224,6,1,0
BRDA:234,7,0,0
BRDA:234,7,1,0
BRDA:234,8,0,0
BRDA:234,8,1,0
BRDA:234,9,0,0
BRDA:234,9,1,0
BRDA:235,10,0,0
BRDA:235,10,1,0
BRDA:235,11,0,0
BRDA:235,11,1,0
BRDA:235,12,0,0
BRDA:235,12,1,0
BRDA:237,13,0,0
BRDA:237,13,1,0
BRDA:237,14,0,0
BRDA:237,14,1,0
BRDA:237,15,0,0
BRDA:237,15,1,0
BRDA:246,16,0,0
BRDA:246,16,1,0
BRDA:262,17,0,0
BRDA:262,17,1,0
BRDA:263,18,0,0
BRDA:263,18,1,0
BRDA:265,19,0,0
BRDA:265,19,1,0
BRDA:270,20,0,0
BRDA:270,20,1,0
BRDA:298,21,0,0
BRDA:298,21,1,0
BRDA:316,22,0,0
BRDA:316,22,1,0
BRF:46
BRH:0
end_of_record
TN:
SF:src/features/blockchain/components/NetworkInfo.tsx
FN:26,NetworkInfo
FN:38,(anonymous_8)
FN:38,(anonymous_9)
FN:43,(anonymous_10)
FN:46,(anonymous_11)
FN:56,(anonymous_12)
FN:65,(anonymous_13)
FN:69,(anonymous_14)
FNF:8
FNH:0
FNDA:0,NetworkInfo
FNDA:0,(anonymous_8)
FNDA:0,(anonymous_9)
FNDA:0,(anonymous_10)
FNDA:0,(anonymous_11)
FNDA:0,(anonymous_12)
FNDA:0,(anonymous_13)
FNDA:0,(anonymous_14)
DA:1,0
DA:2,0
DA:3,0
DA:11,0
DA:13,0
DA:26,0
DA:27,0
DA:36,0
DA:38,0
DA:39,0
DA:40,0
DA:41,0
DA:43,0
DA:46,0
DA:56,0
DA:61,0
DA:65,0
DA:66,0
DA:69,0
DA:70,0
DA:72,0
DA:79,0
DA:86,0
DA:93,0
DA:102,0
DA:104,0
LF:26
LH:0
BRDA:49,0,0,0
BRDA:49,0,1,0
BRDA:49,1,0,0
BRDA:49,1,1,0
BRDA:49,2,0,0
BRDA:49,2,1,0
BRDA:49,3,0,0
BRDA:49,3,1,0
BRDA:50,4,0,0
BRDA:50,4,1,0
BRDA:50,5,0,0
BRDA:50,5,1,0
BRDA:50,6,0,0
BRDA:50,6,1,0
BRDA:50,7,0,0
BRDA:50,7,1,0
BRDA:51,8,0,0
BRDA:51,8,1,0
BRDA:51,9,0,0
BRDA:51,9,1,0
BRDA:51,10,0,0
BRDA:51,10,1,0
BRDA:51,11,0,0
BRDA:51,11,1,0
BRDA:52,12,0,0
BRDA:52,12,1,0
BRDA:70,13,0,0
BRDA:70,13,1,0
BRDA:70,13,2,0
BRDA:70,13,3,0
BRDA:144,14,0,0
BRDA:144,14,1,0
BRDA:144,15,0,0
BRDA:144,15,1,0
BRDA:147,16,0,0
BRDA:147,16,1,0
BRDA:147,17,0,0
BRDA:147,17,1,0
BRF:38
BRH:0
end_of_record
TN:
SF:src/features/blockchain/components/TransactionHistory.tsx
FN:24,TransactionHistory
FN:29,(anonymous_8)
FN:29,(anonymous_9)
FN:35,(anonymous_10)
FN:45,(anonymous_11)
FN:56,(anonymous_12)
FN:60,(anonymous_13)
FN:60,(anonymous_14)
FN:68,(anonymous_15)
FN:108,(anonymous_16)
FN:123,(anonymous_17)
FN:171,(anonymous_18)
FN:229,(anonymous_19)
FN:229,(anonymous_20)
FNF:14
FNH:0
FNDA:0,TransactionHistory
FNDA:0,(anonymous_8)
FNDA:0,(anonymous_9)
FNDA:0,(anonymous_10)
FNDA:0,(anonymous_11)
FNDA:0,(anonymous_12)
FNDA:0,(anonymous_13)
FNDA:0,(anonymous_14)
FNDA:0,(anonymous_15)
FNDA:0,(anonymous_16)
FNDA:0,(anonymous_17)
FNDA:0,(anonymous_18)
FNDA:0,(anonymous_19)
FNDA:0,(anonymous_20)
DA:1,0
DA:2,0
DA:3,0
DA:9,0
DA:11,0
DA:24,0
DA:25,0
DA:26,0
DA:27,0
DA:29,0
DA:30,0
DA:31,0
DA:32,0
DA:34,0
DA:35,0
DA:45,0
DA:47,0
DA:49,0
DA:50,0
DA:52,0
DA:56,0
DA:57,0
DA:60,0
DA:61,0
DA:62,0
DA:63,0
DA:64,0
DA:68,0
DA:69,0
DA:71,0
DA:78,0
DA:85,0
DA:92,0
DA:99,0
DA:108,0
DA:109,0
DA:111,0
DA:112,0
DA:114,0
DA:123,0
DA:124,0
DA:127,0
DA:128,0
DA:138,0
DA:139,0
DA:152,0
DA:172,0
DA:173,0
DA:229,0
DA:230,0
DA:231,0
DA:232,0
DA:234,0
LF:53
LH:0
BRDA:34,0,0,0
BRDA:34,0,1,0
BRDA:36,1,0,0
BRDA:36,1,1,0
BRDA:37,2,0,0
BRDA:37,2,1,0
BRDA:37,2,2,0
BRDA:38,3,0,0
BRDA:38,3,1,0
BRDA:39,4,0,0
BRDA:39,4,1,0
BRDA:39,4,2,0
BRDA:40,5,0,0
BRDA:40,5,1,0
BRDA:41,6,0,0
BRDA:41,6,1,0
BRDA:42,7,0,0
BRDA:42,7,1,0
BRDA:69,8,0,0
BRDA:69,8,1,0
BRDA:69,8,2,0
BRDA:69,8,3,0
BRDA:69,8,4,0
BRDA:111,9,0,0
BRDA:111,9,1,0
BRDA:127,10,0,0
BRDA:127,10,1,0
BRDA:138,11,0,0
BRDA:138,11,1,0
BRDA:202,12,0,0
BRDA:202,12,1,0
BRDA:207,13,0,0
BRDA:207,13,1,0
BRDA:219,14,0,0
BRDA:219,14,1,0
BRF:35
BRH:0
end_of_record
TN:
SF:src/features/blockchain/components/UserServicesStatus.tsx
FN:32,UserServicesStatus
FN:38,(anonymous_8)
FN:38,(anonymous_9)
FN:51,(anonymous_10)
FN:52,(anonymous_11)
FN:57,(anonymous_12)
FN:79,(anonymous_13)
FN:79,(anonymous_14)
FN:86,(anonymous_15)
FN:86,(anonymous_16)
FN:106,(anonymous_17)
FN:110,(anonymous_18)
FN:145,(anonymous_19)
FN:156,(anonymous_20)
FN:157,(anonymous_21)
FN:175,(anonymous_22)
FN:192,(anonymous_23)
FN:203,(anonymous_24)
FN:209,(anonymous_25)
FN:214,(anonymous_26)
FN:252,(anonymous_27)
FN:274,(anonymous_28)
FN:277,(anonymous_29)
FN:280,(anonymous_30)
FNF:24
FNH:0
FNDA:0,UserServicesStatus
FNDA:0,(anonymous_8)
FNDA:0,(anonymous_9)
FNDA:0,(anonymous_10)
FNDA:0,(anonymous_11)
FNDA:0,(anonymous_12)
FNDA:0,(anonymous_13)
FNDA:0,(anonymous_14)
FNDA:0,(anonymous_15)
FNDA:0,(anonymous_16)
FNDA:0,(anonymous_17)
FNDA:0,(anonymous_18)
FNDA:0,(anonymous_19)
FNDA:0,(anonymous_20)
FNDA:0,(anonymous_21)
FNDA:0,(anonymous_22)
FNDA:0,(anonymous_23)
FNDA:0,(anonymous_24)
FNDA:0,(anonymous_25)
FNDA:0,(anonymous_26)
FNDA:0,(anonymous_27)
FNDA:0,(anonymous_28)
FNDA:0,(anonymous_29)
FNDA:0,(anonymous_30)
DA:1,0
DA:2,0
DA:3,0
DA:10,0
DA:11,0
DA:14,0
DA:32,0
DA:33,0
DA:34,0
DA:35,0
DA:36,0
DA:38,0
DA:39,0
DA:40,0
DA:43,0
DA:44,0
DA:45,0
DA:48,0
DA:51,0
DA:52,0
DA:53,0
DA:57,0
DA:69,0
DA:71,0
DA:72,0
DA:73,0
DA:75,0
DA:79,0
DA:80,0
DA:81,0
DA:82,0
DA:83,0
DA:86,0
DA:87,0
DA:88,0
DA:90,0
DA:91,0
DA:92,0
DA:93,0
DA:95,0
DA:99,0
DA:101,0
DA:102,0
DA:106,0
DA:107,0
DA:110,0
DA:111,0
DA:113,0
DA:119,0
DA:125,0
DA:131,0
DA:139,0
DA:146,0
DA:157,0
DA:158,0
DA:159,0
DA:176,0
DA:193,0
DA:203,0
DA:210,0
DA:214,0
DA:222,0
DA:253,0
DA:274,0
DA:277,0
DA:280,0
LF:66
LH:0
BRDA:44,0,0,0
BRDA:44,0,1,0
BRDA:58,1,0,0
BRDA:58,1,1,0
BRDA:60,2,0,0
BRDA:60,2,1,0
BRDA:62,3,0,0
BRDA:62,3,1,0
BRDA:63,4,0,0
BRDA:63,4,1,0
BRDA:64,5,0,0
BRDA:64,5,1,0
BRDA:90,6,0,0
BRDA:90,6,1,0
BRDA:92,7,0,0
BRDA:92,7,1,0
BRDA:111,8,0,0
BRDA:111,8,1,0
BRDA:111,8,2,0
BRDA:111,8,3,0
BRDA:158,9,0,0
BRDA:158,9,1,0
BRDA:242,10,0,0
BRDA:242,10,1,0
BRDA:267,11,0,0
BRDA:267,11,1,0
BRF:26
BRH:0
end_of_record
TN:
SF:src/features/blockchain/services/blockchainService.ts
FN:78,(anonymous_7)
FN:95,(anonymous_9)
FN:103,(anonymous_11)
FN:112,(anonymous_13)
FN:120,(anonymous_15)
FN:128,(anonymous_17)
FN:136,(anonymous_19)
FN:144,(anonymous_21)
FN:152,(anonymous_23)
FN:160,(anonymous_25)
FN:168,(anonymous_27)
FN:176,(anonymous_29)
FN:184,(anonymous_31)
FN:192,(anonymous_33)
FN:202,(anonymous_35)
FN:210,(anonymous_37)
FN:218,(anonymous_39)
FN:226,(anonymous_41)
FN:235,(anonymous_43)
FN:243,(anonymous_45)
FN:251,(anonymous_47)
FN:259,(anonymous_49)
FNF:22
FNH:0
FNDA:0,(anonymous_7)
FNDA:0,(anonymous_9)
FNDA:0,(anonymous_11)
FNDA:0,(anonymous_13)
FNDA:0,(anonymous_15)
FNDA:0,(anonymous_17)
FNDA:0,(anonymous_19)
FNDA:0,(anonymous_21)
FNDA:0,(anonymous_23)
FNDA:0,(anonymous_25)
FNDA:0,(anonymous_27)
FNDA:0,(anonymous_29)
FNDA:0,(anonymous_31)
FNDA:0,(anonymous_33)
FNDA:0,(anonymous_35)
FNDA:0,(anonymous_37)
FNDA:0,(anonymous_39)
FNDA:0,(anonymous_41)
FNDA:0,(anonymous_43)
FNDA:0,(anonymous_45)
FNDA:0,(anonymous_47)
FNDA:0,(anonymous_49)
DA:1,0
DA:74,0
DA:75,0
DA:87,0
DA:91,0
DA:96,0
DA:99,0
DA:104,0
DA:107,0
DA:113,0
DA:116,0
DA:121,0
DA:124,0
DA:129,0
DA:132,0
DA:137,0
DA:140,0
DA:145,0
DA:148,0
DA:153,0
DA:156,0
DA:161,0
DA:164,0
DA:169,0
DA:172,0
DA:177,0
DA:180,0
DA:185,0
DA:188,0
DA:193,0
DA:196,0
DA:203,0
DA:206,0
DA:211,0
DA:214,0
DA:219,0
DA:222,0
DA:227,0
DA:231,0
DA:236,0
DA:239,0
DA:244,0
DA:247,0
DA:252,0
DA:255,0
DA:260,0
DA:263,0
LF:47
LH:0
BRF:0
BRH:0
end_of_record
TN:
SF:src/features/vehicles/index.ts
FN:2,(anonymous_5)
FN:3,(anonymous_6)
FN:4,(anonymous_7)
FNF:3
FNH:0
FNDA:0,(anonymous_5)
FNDA:0,(anonymous_6)
FNDA:0,(anonymous_7)
DA:2,0
DA:3,0
DA:4,0
DA:7,0
DA:8,0
DA:9,0
DA:12,0
DA:13,0
DA:14,0
DA:25,0
DA:26,0
DA:27,0
DA:28,0
DA:29,0
DA:32,0
DA:33,0
DA:34,0
LF:17
LH:0
BRF:0
BRH:0
end_of_record
TN:
SF:src/features/vehicles/components/BlockchainConfirmationModal.tsx
FN:35,(anonymous_7)
FN:48,(anonymous_8)
FN:50,(anonymous_9)
FN:51,(anonymous_10)
FN:60,(anonymous_11)
FN:64,(anonymous_12)
FN:70,(anonymous_13)
FN:70,(anonymous_14)
FN:98,(anonymous_15)
FN:98,(anonymous_16)
FN:133,(anonymous_17)
FN:138,(anonymous_18)
FN:312,(anonymous_19)
FNF:13
FNH:0
FNDA:0,(anonymous_7)
FNDA:0,(anonymous_8)
FNDA:0,(anonymous_9)
FNDA:0,(anonymous_10)
FNDA:0,(anonymous_11)
FNDA:0,(anonymous_12)
FNDA:0,(anonymous_13)
FNDA:0,(anonymous_14)
FNDA:0,(anonymous_15)
FNDA:0,(anonymous_16)
FNDA:0,(anonymous_17)
FNDA:0,(anonymous_18)
FNDA:0,(anonymous_19)
DA:1,0
DA:2,0
DA:16,0
DA:23,0
DA:26,0
DA:35,0
DA:41,0
DA:42,0
DA:43,0
DA:44,0
DA:45,0
DA:46,0
DA:48,0
DA:49,0
DA:50,0
DA:51,0
DA:52,0
DA:53,0
DA:54,0
DA:56,0
DA:60,0
DA:64,0
DA:65,0
DA:66,0
DA:67,0
DA:70,0
DA:71,0
DA:72,0
DA:74,0
DA:83,0
DA:84,0
DA:85,0
DA:86,0
DA:88,0
DA:91,0
DA:92,0
DA:94,0
DA:98,0
DA:99,0
DA:100,0
DA:101,0
DA:104,0
DA:105,0
DA:107,0
DA:109,0
DA:110,0
DA:111,0
DA:114,0
DA:121,0
DA:123,0
DA:126,0
DA:127,0
DA:129,0
DA:133,0
DA:134,0
DA:135,0
DA:139,0
DA:140,0
DA:141,0
DA:142,0
DA:143,0
DA:147,0
DA:148,0
DA:149,0
DA:150,0
DA:151,0
DA:155,0
DA:173,0
DA:312,0
DA:425,0
LF:70
LH:0
BRDA:49,0,0,0
BRDA:49,0,1,0
BRDA:49,1,0,0
BRDA:49,1,1,0
BRDA:52,2,0,0
BRDA:52,2,1,0
BRDA:83,3,0,0
BRDA:83,3,1,0
BRDA:88,4,0,0
BRDA:88,4,1,0
BRDA:99,5,0,0
BRDA:99,5,1,0
BRDA:109,6,0,0
BRDA:109,6,1,0
BRDA:116,7,0,0
BRDA:116,7,1,0
BRDA:123,8,0,0
BRDA:123,8,1,0
BRDA:134,9,0,0
BRDA:134,9,1,0
BRDA:192,10,0,0
BRDA:192,10,1,0
BRDA:233,11,0,0
BRDA:233,11,1,0
BRDA:233,11,2,0
BRDA:271,12,0,0
BRDA:271,12,1,0
BRDA:281,13,0,0
BRDA:281,13,1,0
BRDA:290,14,0,0
BRDA:290,14,1,0
BRDA:324,15,0,0
BRDA:324,15,1,0
BRDA:361,16,0,0
BRDA:361,16,1,0
BRDA:379,17,0,0
BRDA:379,17,1,0
BRDA:388,18,0,0
BRDA:388,18,1,0
BRF:39
BRH:0
end_of_record
TN:
SF:src/features/vehicles/components/ServiceModal.tsx
FN:44,(anonymous_16)
FN:59,(anonymous_17)
FN:71,(anonymous_18)
FN:71,(anonymous_19)
FN:98,(anonymous_20)
FN:98,(anonymous_21)
FN:116,(anonymous_22)
FN:117,(anonymous_23)
FN:121,(anonymous_24)
FN:121,(anonymous_25)
FN:199,(anonymous_26)
FN:202,(anonymous_27)
FN:206,(anonymous_28)
FN:207,(anonymous_29)
FN:258,(anonymous_30)
FN:264,(anonymous_31)
FN:317,(anonymous_32)
FN:318,(anonymous_33)
FN:383,(anonymous_34)
FNF:19
FNH:0
FNDA:0,(anonymous_16)
FNDA:0,(anonymous_17)
FNDA:0,(anonymous_18)
FNDA:0,(anonymous_19)
FNDA:0,(anonymous_20)
FNDA:0,(anonymous_21)
FNDA:0,(anonymous_22)
FNDA:0,(anonymous_23)
FNDA:0,(anonymous_24)
FNDA:0,(anonymous_25)
FNDA:0,(anonymous_26)
FNDA:0,(anonymous_27)
FNDA:0,(anonymous_28)
FNDA:0,(anonymous_29)
FNDA:0,(anonymous_30)
FNDA:0,(anonymous_31)
FNDA:0,(anonymous_32)
FNDA:0,(anonymous_33)
FNDA:0,(anonymous_34)
DA:1,0
DA:2,0
DA:17,0
DA:26,0
DA:27,0
DA:29,0
DA:30,0
DA:31,0
DA:44,0
DA:52,0
DA:53,0
DA:54,0
DA:55,0
DA:56,0
DA:59,0
DA:60,0
DA:61,0
DA:62,0
DA:63,0
DA:64,0
DA:65,0
DA:66,0
DA:71,0
DA:72,0
DA:74,0
DA:75,0
DA:76,0
DA:80,0
DA:82,0
DA:83,0
DA:84,0
DA:85,0
DA:89,0
DA:98,0
DA:106,0
DA:107,0
DA:110,0
DA:111,0
DA:116,0
DA:117,0
DA:118,0
DA:121,0
DA:122,0
DA:124,0
DA:125,0
DA:126,0
DA:129,0
DA:130,0
DA:133,0
DA:134,0
DA:139,0
DA:141,0
DA:142,0
DA:145,0
DA:146,0
DA:149,0
DA:152,0
DA:153,0
DA:154,0
DA:155,0
DA:156,0
DA:157,0
DA:158,0
DA:159,0
DA:161,0
DA:164,0
DA:168,0
DA:200,0
DA:202,0
DA:207,0
DA:208,0
DA:209,0
DA:259,0
DA:264,0
DA:317,0
DA:318,0
DA:383,0
DA:512,0
LF:78
LH:0
BRDA:49,0,0,0
BRDA:50,1,0,0
BRDA:60,2,0,0
BRDA:60,2,1,0
BRDA:65,3,0,0
BRDA:65,3,1,0
BRDA:74,4,0,0
BRDA:74,4,1,0
BRDA:82,5,0,0
BRDA:82,5,1,0
BRDA:83,6,0,0
BRDA:83,6,1,0
BRDA:118,7,0,0
BRDA:118,7,1,0
BRDA:122,8,0,0
BRDA:122,8,1,0
BRDA:152,9,0,0
BRDA:152,9,1,0
BRDA:154,10,0,0
BRDA:154,10,1,0
BRDA:154,11,0,0
BRDA:154,11,1,0
BRDA:154,12,0,0
BRDA:154,12,1,0
BRDA:156,13,0,0
BRDA:156,13,1,0
BRDA:156,14,0,0
BRDA:156,14,1,0
BRDA:156,15,0,0
BRDA:156,15,1,0
BRDA:158,16,0,0
BRDA:158,16,1,0
BRDA:158,17,0,0
BRDA:158,17,1,0
BRDA:158,18,0,0
BRDA:158,18,1,0
BRDA:190,19,0,0
BRDA:190,19,1,0
BRDA:190,19,2,0
BRDA:200,20,0,0
BRDA:200,20,1,0
BRDA:200,21,0,0
BRDA:200,21,1,0
BRDA:200,22,0,0
BRDA:200,22,1,0
BRDA:200,23,0,0
BRDA:200,23,1,0
BRDA:200,24,0,0
BRDA:200,24,1,0
BRDA:200,25,0,0
BRDA:200,25,1,0
BRDA:208,26,0,0
BRDA:208,26,1,0
BRDA:408,27,0,0
BRDA:408,27,1,0
BRDA:489,28,0,0
BRDA:489,28,1,0
BRDA:489,28,2,0
BRF:58
BRH:0
end_of_record
TN:
SF:src/features/vehicles/components/VehicleModal.tsx
FN:33,(anonymous_7)
FN:41,(anonymous_8)
FN:47,(anonymous_9)
FN:47,(anonymous_10)
FN:57,(anonymous_11)
FN:70,(anonymous_12)
FN:96,(anonymous_13)
FN:107,(anonymous_14)
FN:122,(anonymous_15)
FN:126,(anonymous_16)
FN:130,(anonymous_17)
FN:146,(anonymous_18)
FN:166,(anonymous_19)
FN:177,(anonymous_20)
FN:181,(anonymous_21)
FN:232,(anonymous_22)
FN:320,(anonymous_23)
FN:323,(anonymous_24)
FNF:18
FNH:0
FNDA:0,(anonymous_7)
FNDA:0,(anonymous_8)
FNDA:0,(anonymous_9)
FNDA:0,(anonymous_10)
FNDA:0,(anonymous_11)
FNDA:0,(anonymous_12)
FNDA:0,(anonymous_13)
FNDA:0,(anonymous_14)
FNDA:0,(anonymous_15)
FNDA:0,(anonymous_16)
FNDA:0,(anonymous_17)
FNDA:0,(anonymous_18)
FNDA:0,(anonymous_19)
FNDA:0,(anonymous_20)
FNDA:0,(anonymous_21)
FNDA:0,(anonymous_22)
FNDA:0,(anonymous_23)
FNDA:0,(anonymous_24)
DA:1,0
DA:2,0
DA:10,0
DA:21,0
DA:22,0
DA:23,0
DA:25,0
DA:33,0
DA:38,0
DA:39,0
DA:41,0
DA:42,0
DA:43,0
DA:47,0
DA:48,0
DA:50,0
DA:52,0
DA:54,0
DA:57,0
DA:58,0
DA:59,0
DA:60,0
DA:61,0
DA:62,0
DA:63,0
DA:64,0
DA:65,0
DA:70,0
DA:72,0
DA:73,0
DA:92,0
DA:96,0
DA:97,0
DA:100,0
DA:103,0
DA:105,0
DA:106,0
DA:107,0
DA:108,0
DA:110,0
DA:112,0
DA:113,0
DA:116,0
DA:120,0
DA:122,0
DA:123,0
DA:126,0
DA:127,0
DA:130,0
DA:131,0
DA:132,0
DA:133,0
DA:135,0
DA:136,0
DA:139,0
DA:140,0
DA:142,0
DA:146,0
DA:147,0
DA:148,0
DA:150,0
DA:151,0
DA:154,0
DA:156,0
DA:166,0
DA:167,0
DA:178,0
DA:179,0
DA:182,0
DA:183,0
DA:232,0
DA:233,0
DA:250,0
DA:321,0
DA:324,0
DA:584,0
LF:76
LH:0
BRDA:42,0,0,0
BRDA:42,0,1,0
BRDA:42,1,0,0
BRDA:42,1,1,0
BRDA:48,2,0,0
BRDA:48,2,1,0
BRDA:58,3,0,0
BRDA:58,3,1,0
BRDA:58,3,2,0
BRDA:58,3,3,0
BRDA:58,3,4,0
BRDA:58,3,5,0
BRDA:58,3,6,0
BRDA:72,4,0,0
BRDA:72,4,1,0
BRDA:76,5,0,0
BRDA:76,5,1,0
BRDA:120,6,0,0
BRDA:120,6,1,0
BRDA:133,7,0,0
BRDA:133,7,1,0
BRDA:135,8,0,0
BRDA:135,8,1,0
BRDA:148,9,0,0
BRDA:148,9,1,0
BRDA:150,10,0,0
BRDA:150,10,1,0
BRDA:223,11,0,0
BRDA:223,11,1,0
BRDA:223,11,2,0
BRDA:243,12,0,0
BRDA:243,12,1,0
BRDA:386,13,0,0
BRDA:386,13,1,0
BRDA:391,14,0,0
BRDA:391,14,1,0
BRDA:397,15,0,0
BRDA:397,15,1,0
BRDA:439,16,0,0
BRDA:439,16,1,0
BRDA:499,17,0,0
BRDA:499,17,1,0
BRDA:500,18,0,0
BRDA:500,18,1,0
BRDA:501,19,0,0
BRDA:501,19,1,0
BRDA:502,20,0,0
BRDA:502,20,1,0
BRDA:503,21,0,0
BRDA:503,21,1,0
BRDA:504,22,0,0
BRDA:504,22,1,0
BRDA:505,23,0,0
BRDA:505,23,1,0
BRDA:506,24,0,0
BRDA:506,24,1,0
BRDA:507,25,0,0
BRDA:507,25,1,0
BRDA:508,26,0,0
BRDA:508,26,1,0
BRDA:509,27,0,0
BRDA:509,27,1,0
BRDA:510,28,0,0
BRDA:510,28,1,0
BRDA:511,29,0,0
BRDA:511,29,1,0
BRDA:512,30,0,0
BRDA:512,30,1,0
BRDA:555,31,0,0
BRDA:555,31,1,0
BRDA:555,31,2,0
BRF:71
BRH:0
end_of_record
TN:
SF:src/features/vehicles/hooks/useMockVehicle.ts
FN:11,useMockVehicle
FNF:1
FNH:0
FNDA:0,useMockVehicle
DA:1,0
DA:2,0
DA:11,0
DA:12,0
DA:151,0
DA:172,0
DA:188,0
LF:7
LH:0
BRF:0
BRH:0
end_of_record
TN:
SF:src/features/vehicles/hooks/useVehicleDetails.tsx
FN:14,useVehicleDetails
FN:24,(anonymous_2)
FN:28,(anonymous_3)
FN:35,(anonymous_4)
FN:41,(anonymous_5)
FN:49,(anonymous_6)
FN:55,(anonymous_7)
FN:59,(anonymous_8)
FN:60,(anonymous_9)
FN:60,(anonymous_10)
FN:64,(anonymous_11)
FN:69,(anonymous_12)
FN:73,(anonymous_13)
FN:74,(anonymous_14)
FN:74,(anonymous_15)
FN:78,(anonymous_16)
FN:88,(anonymous_17)
FN:93,(anonymous_18)
FN:97,(anonymous_19)
FNF:19
FNH:0
FNDA:0,useVehicleDetails
FNDA:0,(anonymous_2)
FNDA:0,(anonymous_3)
FNDA:0,(anonymous_4)
FNDA:0,(anonymous_5)
FNDA:0,(anonymous_6)
FNDA:0,(anonymous_7)
FNDA:0,(anonymous_8)
FNDA:0,(anonymous_9)
FNDA:0,(anonymous_10)
FNDA:0,(anonymous_11)
FNDA:0,(anonymous_12)
FNDA:0,(anonymous_13)
FNDA:0,(anonymous_14)
FNDA:0,(anonymous_15)
FNDA:0,(anonymous_16)
FNDA:0,(anonymous_17)
FNDA:0,(anonymous_18)
FNDA:0,(anonymous_19)
DA:1,0
DA:2,0
DA:3,0
DA:14,0
DA:21,0
DA:24,0
DA:25,0
DA:28,0
DA:29,0
DA:36,0
DA:41,0
DA:42,0
DA:50,0
DA:55,0
DA:56,0
DA:59,0
DA:60,0
DA:61,0
DA:64,0
DA:65,0
DA:69,0
DA:70,0
DA:73,0
DA:74,0
DA:75,0
DA:78,0
DA:79,0
DA:88,0
DA:89,0
DA:90,0
DA:93,0
DA:94,0
DA:97,0
DA:98,0
DA:101,0
LF:35
LH:0
BRF:0
BRH:0
end_of_record
TN:
SF:src/features/vehicles/hooks/useVehicles.ts
FN:26,(anonymous_7)
FN:36,(anonymous_8)
FN:36,(anonymous_9)
FN:50,(anonymous_10)
FN:50,(anonymous_11)
FN:60,(anonymous_12)
FN:60,(anonymous_13)
FN:66,(anonymous_14)
FN:83,(anonymous_15)
FN:83,(anonymous_16)
FN:89,(anonymous_17)
FN:90,(anonymous_18)
FN:93,(anonymous_19)
FN:107,(anonymous_20)
FN:107,(anonymous_21)
FN:113,(anonymous_22)
FN:114,(anonymous_23)
FN:130,(anonymous_24)
FN:130,(anonymous_25)
FN:136,(anonymous_26)
FN:137,(anonymous_27)
FN:138,(anonymous_28)
FN:151,(anonymous_29)
FN:151,(anonymous_30)
FN:156,(anonymous_31)
FN:156,(anonymous_32)
FN:161,(anonymous_33)
FN:166,(anonymous_34)
FN:195,(anonymous_35)
FN:200,(anonymous_36)
FN:200,(anonymous_37)
FN:215,(anonymous_38)
FN:219,(anonymous_39)
FNF:33
FNH:0
FNDA:0,(anonymous_7)
FNDA:0,(anonymous_8)
FNDA:0,(anonymous_9)
FNDA:0,(anonymous_10)
FNDA:0,(anonymous_11)
FNDA:0,(anonymous_12)
FNDA:0,(anonymous_13)
FNDA:0,(anonymous_14)
FNDA:0,(anonymous_15)
FNDA:0,(anonymous_16)
FNDA:0,(anonymous_17)
FNDA:0,(anonymous_18)
FNDA:0,(anonymous_19)
FNDA:0,(anonymous_20)
FNDA:0,(anonymous_21)
FNDA:0,(anonymous_22)
FNDA:0,(anonymous_23)
FNDA:0,(anonymous_24)
FNDA:0,(anonymous_25)
FNDA:0,(anonymous_26)
FNDA:0,(anonymous_27)
FNDA:0,(anonymous_28)
FNDA:0,(anonymous_29)
FNDA:0,(anonymous_30)
FNDA:0,(anonymous_31)
FNDA:0,(anonymous_32)
FNDA:0,(anonymous_33)
FNDA:0,(anonymous_34)
FNDA:0,(anonymous_35)
FNDA:0,(anonymous_36)
FNDA:0,(anonymous_37)
FNDA:0,(anonymous_38)
FNDA:0,(anonymous_39)
DA:1,0
DA:2,0
DA:26,0
DA:27,0
DA:31,0
DA:32,0
DA:33,0
DA:36,0
DA:37,0
DA:38,0
DA:39,0
DA:40,0
DA:41,0
DA:43,0
DA:45,0
DA:50,0
DA:51,0
DA:52,0
DA:53,0
DA:55,0
DA:60,0
DA:61,0
DA:62,0
DA:63,0
DA:66,0
DA:72,0
DA:74,0
DA:76,0
DA:77,0
DA:78,0
DA:83,0
DA:84,0
DA:85,0
DA:86,0
DA:89,0
DA:91,0
DA:94,0
DA:98,0
DA:100,0
DA:101,0
DA:102,0
DA:107,0
DA:108,0
DA:109,0
DA:110,0
DA:113,0
DA:114,0
DA:119,0
DA:121,0
DA:123,0
DA:124,0
DA:125,0
DA:130,0
DA:131,0
DA:132,0
DA:133,0
DA:136,0
DA:137,0
DA:138,0
DA:142,0
DA:144,0
DA:145,0
DA:146,0
DA:151,0
DA:152,0
DA:156,0
DA:157,0
DA:161,0
DA:162,0
DA:166,0
DA:167,0
DA:168,0
DA:171,0
DA:195,0
DA:196,0
DA:197,0
DA:198,0
DA:200,0
DA:201,0
DA:203,0
DA:204,0
DA:205,0
DA:206,0
DA:207,0
DA:209,0
DA:211,0
DA:215,0
DA:216,0
DA:219,0
DA:220,0
DA:223,0
LF:91
LH:0
BRDA:43,0,0,0
BRDA:43,0,1,0
BRDA:43,1,0,0
BRDA:43,1,1,0
BRDA:43,2,0,0
BRDA:43,2,1,0
BRDA:43,3,0,0
BRDA:43,3,1,0
BRDA:43,4,0,0
BRDA:43,4,1,0
BRDA:76,5,0,0
BRDA:76,5,1,0
BRDA:76,6,0,0
BRDA:76,6,1,0
BRDA:76,7,0,0
BRDA:76,7,1,0
BRDA:76,8,0,0
BRDA:76,8,1,0
BRDA:76,9,0,0
BRDA:76,9,1,0
BRDA:91,10,0,0
BRDA:91,10,1,0
BRDA:94,11,0,0
BRDA:94,11,1,0
BRDA:100,12,0,0
BRDA:100,12,1,0
BRDA:100,13,0,0
BRDA:100,13,1,0
BRDA:100,14,0,0
BRDA:100,14,1,0
BRDA:100,15,0,0
BRDA:100,15,1,0
BRDA:100,16,0,0
BRDA:100,16,1,0
BRDA:123,17,0,0
BRDA:123,17,1,0
BRDA:123,18,0,0
BRDA:123,18,1,0
BRDA:123,19,0,0
BRDA:123,19,1,0
BRDA:123,20,0,0
BRDA:123,20,1,0
BRDA:123,21,0,0
BRDA:123,21,1,0
BRDA:144,22,0,0
BRDA:144,22,1,0
BRDA:144,23,0,0
BRDA:144,23,1,0
BRDA:144,24,0,0
BRDA:144,24,1,0
BRDA:144,25,0,0
BRDA:144,25,1,0
BRDA:144,26,0,0
BRDA:144,26,1,0
BRDA:201,27,0,0
BRDA:201,27,1,0
BRDA:209,28,0,0
BRDA:209,28,1,0
BRDA:209,29,0,0
BRDA:209,29,1,0
BRDA:209,30,0,0
BRDA:209,30,1,0
BRDA:209,31,0,0
BRDA:209,31,1,0
BRDA:209,32,0,0
BRDA:209,32,1,0
BRF:66
BRH:0
end_of_record
TN:
SF:src/features/vehicles/services/vehicleService.ts
FN:17,(anonymous_7)
FN:21,(anonymous_9)
FN:46,(anonymous_10)
FN:54,(anonymous_12)
FN:62,(anonymous_14)
FN:66,(anonymous_16)
FN:91,(anonymous_17)
FN:99,(anonymous_19)
FN:107,(anonymous_21)
FN:114,(anonymous_23)
FN:125,(anonymous_24)
FN:133,(anonymous_25)
FN:146,(anonymous_26)
FN:159,(anonymous_27)
FN:166,(anonymous_28)
FN:174,(anonymous_30)
FN:181,(anonymous_31)
FN:188,(anonymous_32)
FN:195,(anonymous_33)
FNF:19
FNH:0
FNDA:0,(anonymous_7)
FNDA:0,(anonymous_9)
FNDA:0,(anonymous_10)
FNDA:0,(anonymous_12)
FNDA:0,(anonymous_14)
FNDA:0,(anonymous_16)
FNDA:0,(anonymous_17)
FNDA:0,(anonymous_19)
FNDA:0,(anonymous_21)
FNDA:0,(anonymous_23)
FNDA:0,(anonymous_24)
FNDA:0,(anonymous_25)
FNDA:0,(anonymous_26)
FNDA:0,(anonymous_27)
FNDA:0,(anonymous_28)
FNDA:0,(anonymous_30)
FNDA:0,(anonymous_31)
FNDA:0,(anonymous_32)
FNDA:0,(anonymous_33)
DA:1,0
DA:11,0
DA:12,0
DA:18,0
DA:21,0
DA:22,0
DA:23,0
DA:24,0
DA:25,0
DA:31,0
DA:32,0
DA:35,0
DA:40,0
DA:47,0
DA:48,0
DA:55,0
DA:56,0
DA:63,0
DA:66,0
DA:67,0
DA:68,0
DA:69,0
DA:70,0
DA:76,0
DA:77,0
DA:80,0
DA:85,0
DA:92,0
DA:93,0
DA:100,0
DA:101,0
DA:108,0
DA:115,0
DA:116,0
DA:117,0
DA:119,0
DA:126,0
DA:127,0
DA:134,0
DA:136,0
DA:137,0
DA:140,0
DA:147,0
DA:149,0
DA:150,0
DA:153,0
DA:160,0
DA:167,0
DA:168,0
DA:175,0
DA:182,0
DA:189,0
DA:196,0
LF:53
LH:0
BRDA:22,0,0,0
BRDA:22,0,1,0
BRDA:22,1,0,0
BRDA:22,1,1,0
BRDA:24,2,0,0
BRDA:24,2,1,0
BRDA:31,3,0,0
BRDA:31,3,1,0
BRDA:67,4,0,0
BRDA:67,4,1,0
BRDA:67,5,0,0
BRDA:67,5,1,0
BRDA:69,6,0,0
BRDA:69,6,1,0
BRDA:76,7,0,0
BRDA:76,7,1,0
BRDA:92,8,0,0
BRDA:92,8,1,0
BRDA:119,9,0,0
BRDA:119,9,1,0
BRDA:136,10,0,0
BRDA:136,10,1,0
BRDA:149,11,0,0
BRDA:149,11,1,0
BRF:24
BRH:0
end_of_record
TN:
SF:src/features/vehicles/services/vehicleServiceService.ts
FN:41,(anonymous_7)
FN:49,(anonymous_9)
FN:53,(anonymous_11)
FN:91,(anonymous_12)
FN:95,(anonymous_14)
FN:133,(anonymous_15)
FN:141,(anonymous_17)
FN:149,(anonymous_19)
FN:156,(anonymous_21)
FN:171,(anonymous_23)
FN:179,(anonymous_25)
FN:187,(anonymous_27)
FN:200,(anonymous_29)
FN:208,(anonymous_31)
FNF:14
FNH:0
FNDA:0,(anonymous_7)
FNDA:0,(anonymous_9)
FNDA:0,(anonymous_11)
FNDA:0,(anonymous_12)
FNDA:0,(anonymous_14)
FNDA:0,(anonymous_15)
FNDA:0,(anonymous_17)
FNDA:0,(anonymous_19)
FNDA:0,(anonymous_21)
FNDA:0,(anonymous_23)
FNDA:0,(anonymous_25)
FNDA:0,(anonymous_27)
FNDA:0,(anonymous_29)
FNDA:0,(anonymous_31)
DA:1,0
DA:35,0
DA:36,0
DA:42,0
DA:43,0
DA:50,0
DA:53,0
DA:92,0
DA:95,0
DA:134,0
DA:135,0
DA:142,0
DA:143,0
DA:150,0
DA:161,0
DA:165,0
DA:172,0
DA:173,0
DA:180,0
DA:181,0
DA:188,0
DA:194,0
DA:201,0
DA:202,0
DA:209,0
DA:210,0
LF:26
LH:0
BRDA:63,0,0,0
BRDA:63,0,1,0
BRDA:66,1,0,0
BRDA:66,1,1,0
BRDA:71,2,0,0
BRDA:71,2,1,0
BRDA:72,3,0,0
BRDA:72,3,1,0
BRDA:73,4,0,0
BRDA:73,4,1,0
BRDA:84,5,0,0
BRDA:84,5,1,0
BRDA:105,6,0,0
BRDA:105,6,1,0
BRDA:108,7,0,0
BRDA:108,7,1,0
BRDA:113,8,0,0
BRDA:113,8,1,0
BRDA:114,9,0,0
BRDA:114,9,1,0
BRDA:115,10,0,0
BRDA:115,10,1,0
BRDA:126,11,0,0
BRDA:126,11,1,0
BRF:24
BRH:0
end_of_record
TN:
SF:src/features/vehicles/types/vehicle.types.ts
FN:1,(anonymous_0)
FN:6,(anonymous_1)
FNF:2
FNH:0
FNDA:0,(anonymous_0)
FNDA:0,(anonymous_1)
DA:1,0
DA:2,0
DA:3,0
DA:6,0
DA:7,0
DA:8,0
DA:9,0
DA:10,0
DA:11,0
DA:12,0
LF:10
LH:0
BRDA:1,0,0,0
BRDA:1,0,1,0
BRDA:6,1,0,0
BRDA:6,1,1,0
BRF:4
BRH:0
end_of_record
TN:
SF:src/features/vehicles/utils/chartConfigs.ts
FN:4,(anonymous_0)
FN:6,(anonymous_1)
FN:33,(anonymous_2)
FN:89,(anonymous_3)
FNF:4
FNH:0
FNDA:0,(anonymous_0)
FNDA:0,(anonymous_1)
FNDA:0,(anonymous_2)
FNDA:0,(anonymous_3)
DA:4,0
DA:5,0
DA:6,0
DA:33,0
DA:35,0
DA:50,0
DA:89,0
DA:91,0
DA:106,0
LF:9
LH:0
BRF:0
BRH:0
end_of_record
TN:
SF:src/features/vehicles/utils/constants.ts
FNF:0
FNH:0
DA:1,0
DA:11,0
LF:2
LH:0
BRF:0
BRH:0
end_of_record
TN:
SF:src/features/vehicles/utils/helpers.ts
FN:3,getVehicleEventTypeLabel
FN:22,getChainStatusConfig
FN:85,isValidFileType
FN:96,formatFileSize
FN:123,(anonymous_4)
FN:127,(anonymous_5)
FNF:6
FNH:0
FNDA:0,getVehicleEventTypeLabel
FNDA:0,getChainStatusConfig
FNDA:0,isValidFileType
FNDA:0,formatFileSize
FNDA:0,(anonymous_4)
FNDA:0,(anonymous_5)
DA:1,0
DA:3,0
DA:4,0
DA:13,0
DA:22,0
DA:23,0
DA:51,0
DA:52,0
DA:59,0
DA:66,0
DA:76,0
DA:85,0
DA:86,0
DA:93,0
DA:96,0
DA:97,0
DA:99,0
DA:100,0
DA:101,0
DA:103,0
DA:106,0
DA:116,0
DA:123,0
DA:124,0
DA:127,0
DA:128,0
DA:129,0
LF:27
LH:0
BRDA:13,0,0,0
BRDA:13,0,1,0
BRDA:51,1,0,0
BRDA:51,1,1,0
BRDA:51,2,0,0
BRDA:51,2,1,0
BRDA:59,3,0,0
BRDA:59,3,1,0
BRDA:97,4,0,0
BRDA:97,4,1,0
BRF:10
BRH:0
end_of_record
TN:
SF:src/features/vehicles/utils/menuUtils.tsx
FN:4,createMenuItems
FNF:1
FNH:0
FNDA:0,createMenuItems
DA:1,0
DA:4,0
DA:9,0
LF:3
LH:0
BRF:0
BRH:0
end_of_record
TN:
SF:src/features/vehicles/utils/tableColumns.tsx
FN:19,createEventColumns
FN:28,(anonymous_1)
FN:34,(anonymous_2)
FN:41,(anonymous_3)
FN:48,(anonymous_4)
FN:54,(anonymous_5)
FN:66,(anonymous_6)
FN:72,(anonymous_7)
FN:80,(anonymous_8)
FN:99,createDocumentColumns
FN:107,(anonymous_10)
FN:118,(anonymous_11)
FN:124,(anonymous_12)
FN:130,(anonymous_13)
FN:139,(anonymous_14)
FN:146,(anonymous_15)
FNF:16
FNH:0
FNDA:0,createEventColumns
FNDA:0,(anonymous_1)
FNDA:0,(anonymous_2)
FNDA:0,(anonymous_3)
FNDA:0,(anonymous_4)
FNDA:0,(anonymous_5)
FNDA:0,(anonymous_6)
FNDA:0,(anonymous_7)
FNDA:0,(anonymous_8)
FNDA:0,createDocumentColumns
FNDA:0,(anonymous_10)
FNDA:0,(anonymous_11)
FNDA:0,(anonymous_12)
FNDA:0,(anonymous_13)
FNDA:0,(anonymous_14)
FNDA:0,(anonymous_15)
DA:1,0
DA:2,0
DA:14,0
DA:15,0
DA:17,0
DA:19,0
DA:23,0
DA:28,0
DA:34,0
DA:41,0
DA:48,0
DA:55,0
DA:56,0
DA:57,0
DA:59,0
DA:60,0
DA:67,0
DA:72,0
DA:99,0
DA:102,0
DA:108,0
DA:118,0
DA:124,0
DA:131,0
DA:140,0
DA:146,0
LF:26
LH:0
BRDA:48,0,0,0
BRDA:48,0,1,0
BRDA:56,1,0,0
BRDA:56,1,1,0
BRDA:56,2,0,0
BRDA:56,2,1,0
BRDA:109,3,0,0
BRDA:109,3,1,0
BRF:8
BRH:0
end_of_record
TN:
SF:src/features/vehicles/utils/vehicleStats.ts
FN:16,calculateVehicleStats
FN:41,(anonymous_1)
FNF:2
FNH:0
FNDA:0,calculateVehicleStats
FNDA:0,(anonymous_1)
DA:1,0
DA:16,0
DA:17,0
DA:18,0
DA:29,0
DA:41,0
DA:42,0
DA:45,0
DA:48,0
DA:51,0
DA:54,0
DA:57,0
DA:60,0
DA:61,0
DA:66,0
DA:68,0
LF:16
LH:0
BRDA:17,0,0,0
BRDA:17,0,1,0
BRDA:42,1,0,0
BRDA:42,1,1,0
BRDA:45,2,0,0
BRDA:45,2,1,0
BRDA:48,3,0,0
BRDA:48,3,1,0
BRDA:51,4,0,0
BRDA:51,4,1,0
BRDA:54,5,0,0
BRDA:54,5,1,0
BRDA:60,6,0,0
BRDA:60,6,1,0
BRDA:60,7,0,0
BRDA:60,7,1,0
BRF:16
BRH:0
end_of_record
TN:
SF:src/pages/Auth/index.ts
FN:1,(anonymous_1)
FN:2,(anonymous_2)
FNF:2
FNH:0
FNDA:0,(anonymous_1)
FNDA:0,(anonymous_2)
DA:1,0
DA:2,0
LF:2
LH:0
BRF:0
BRH:0
end_of_record
TN:
SF:src/pages/Blockchain/index.ts
FN:1,(anonymous_1)
FNF:1
FNH:0
FNDA:0,(anonymous_1)
DA:1,0
LF:1
LH:0
BRF:0
BRH:0
end_of_record
TN:
SF:src/pages/Home/index.ts
FN:1,(anonymous_1)
FNF:1
FNH:0
FNDA:0,(anonymous_1)
DA:1,0
LF:1
LH:0
BRF:0
BRH:0
end_of_record
TN:
SF:src/pages/Maintenance/index.ts
FN:1,(anonymous_1)
FNF:1
FNH:0
FNDA:0,(anonymous_1)
DA:1,0
LF:1
LH:0
BRF:0
BRH:0
end_of_record
TN:
SF:src/pages/NotFound/index.ts
FN:1,(anonymous_1)
FNF:1
FNH:0
FNDA:0,(anonymous_1)
DA:1,0
LF:1
LH:0
BRF:0
BRH:0
end_of_record
TN:
SF:src/pages/Profile/index.ts
FN:1,(anonymous_1)
FNF:1
FNH:0
FNDA:0,(anonymous_1)
DA:1,0
LF:1
LH:0
BRF:0
BRH:0
end_of_record
TN:
SF:src/pages/Reports/index.ts
FN:1,(anonymous_1)
FNF:1
FNH:0
FNDA:0,(anonymous_1)
DA:1,0
LF:1
LH:0
BRF:0
BRH:0
end_of_record
TN:
SF:src/pages/Vehicles/index.ts
FN:1,(anonymous_1)
FNF:1
FNH:0
FNDA:0,(anonymous_1)
DA:1,0
LF:1
LH:0
BRF:0
BRH:0
end_of_record
TN:
SF:src/shared/api.ts
FN:9,(anonymous_8)
FN:21,(anonymous_9)
FN:24,(anonymous_10)
FN:31,(anonymous_11)
FN:38,(anonymous_12)
FN:41,(anonymous_13)
FN:52,(anonymous_14)
FN:57,(anonymous_16)
FN:62,(anonymous_18)
FN:67,(anonymous_20)
FN:72,(anonymous_22)
FNF:11
FNH:0
FNDA:0,(anonymous_8)
FNDA:0,(anonymous_9)
FNDA:0,(anonymous_10)
FNDA:0,(anonymous_11)
FNDA:0,(anonymous_12)
FNDA:0,(anonymous_13)
FNDA:0,(anonymous_14)
FNDA:0,(anonymous_16)
FNDA:0,(anonymous_18)
FNDA:0,(anonymous_20)
FNDA:0,(anonymous_22)
DA:1,0
DA:4,0
DA:10,0
DA:18,0
DA:23,0
DA:25,0
DA:26,0
DA:27,0
DA:29,0
DA:32,0
DA:37,0
DA:39,0
DA:42,0
DA:43,0
DA:44,0
DA:46,0
DA:53,0
DA:54,0
DA:58,0
DA:59,0
DA:63,0
DA:64,0
DA:68,0
DA:69,0
DA:73,0
DA:74,0
DA:78,0
DA:79,0
LF:28
LH:0
BRDA:26,0,0,0
BRDA:26,0,1,0
BRDA:42,1,0,0
BRDA:42,1,1,0
BRDA:42,2,0,0
BRDA:42,2,1,0
BRDA:42,3,0,0
BRDA:42,3,1,0
BRF:8
BRH:0
end_of_record
TN:
SF:src/shared/index.ts
FNF:0
FNH:0
DA:2,0
DA:3,0
DA:4,0
DA:5,0
LF:4
LH:0
BRF:0
BRH:0
end_of_record
TN:
SF:src/shared/constants/index.ts
FNF:0
FNH:0
DA:2,0
DA:9,0
LF:2
LH:0
BRF:0
BRH:0
end_of_record
TN:
SF:src/shared/hooks/index.ts
FNF:0
FNH:0
DA:2,0
LF:1
LH:0
BRF:0
BRH:0
end_of_record
TN:
SF:src/shared/hooks/useApi.ts
FN:4,useApi
FN:14,(anonymous_8)
FN:14,(anonymous_9)
FN:15,(anonymous_10)
FN:30,(anonymous_11)
FNF:5
FNH:0
FNDA:0,useApi
FNDA:0,(anonymous_8)
FNDA:0,(anonymous_9)
FNDA:0,(anonymous_10)
FNDA:0,(anonymous_11)
DA:1,0
DA:4,0
DA:7,0
DA:13,0
DA:14,0
DA:15,0
DA:17,0
DA:18,0
DA:19,0
DA:20,0
DA:22,0
DA:23,0
DA:24,0
DA:30,0
DA:31,0
DA:34,0
LF:16
LH:0
BRDA:22,0,0,0
BRDA:22,0,1,0
BRDA:22,0,2,0
BRDA:22,1,0,0
BRDA:22,1,1,0
BRDA:22,2,0,0
BRDA:22,2,1,0
BRDA:22,3,0,0
BRDA:22,3,1,0
BRDA:22,4,0,0
BRDA:22,4,1,0
BRF:11
BRH:0
end_of_record
TN:
SF:src/shared/services/api.ts
FN:9,(anonymous_1)
FN:21,(anonymous_2)
FN:23,(anonymous_3)
FN:30,(anonymous_4)
FN:36,(anonymous_5)
FN:37,(anonymous_6)
FN:49,(anonymous_7)
FN:53,(anonymous_8)
FN:57,(anonymous_9)
FN:61,(anonymous_10)
FN:65,(anonymous_11)
FN:74,(anonymous_12)
FN:78,(anonymous_13)
FN:82,(anonymous_14)
FN:86,(anonymous_15)
FNF:15
FNH:11
FNDA:3,(anonymous_1)
FNDA:3,(anonymous_2)
FNDA:0,(anonymous_3)
FNDA:0,(anonymous_4)
FNDA:0,(anonymous_5)
FNDA:0,(anonymous_6)
FNDA:4,(anonymous_7)
FNDA:22,(anonymous_8)
FNDA:4,(anonymous_9)
FNDA:20,(anonymous_10)
FNDA:2,(anonymous_11)
FNDA:5,(anonymous_12)
FNDA:1,(anonymous_13)
FNDA:1,(anonymous_14)
FNDA:1,(anonymous_15)
DA:1,3
DA:4,3
DA:10,3
DA:18,3
DA:22,3
DA:24,0
DA:25,0
DA:26,0
DA:28,0
DA:31,0
DA:35,3
DA:36,0
DA:38,0
DA:39,0
DA:40,0
DA:41,0
DA:44,0
DA:50,4
DA:54,22
DA:58,4
DA:62,20
DA:66,2
DA:67,2
DA:68,1
DA:69,1
DA:70,1
DA:75,5
DA:79,1
DA:83,1
DA:87,1
DA:91,3
LF:31
LH:20
BRDA:25,0,0,0
BRDA:25,0,1,0
BRDA:38,1,0,0
BRDA:38,1,1,0
BRDA:38,2,0,0
BRDA:38,2,1,0
BRDA:38,3,0,0
BRDA:38,3,1,0
BRDA:40,4,0,0
BRDA:40,4,1,0
BRDA:67,5,0,1
BRDA:67,5,1,1
BRDA:69,6,0,1
BRDA:69,6,1,0
BRF:14
BRH:3
end_of_record
TN:
SF:src/shared/services/index.ts
FNF:0
FNH:0
DA:2,0
LF:1
LH:0
BRF:0
BRH:0
end_of_record
TN:
SF:src/shared/types/index.ts
FNF:0
FNH:0
DA:2,0
DA:3,0
DA:4,0
DA:5,0
LF:4
LH:0
BRF:0
BRH:0
end_of_record
TN:
SF:src/shared/utils/format.ts
FN:1,currencyBRL
FN:13,kmFormat
FN:17,percentFormat
FN:21,formatBRDate
FNF:4
FNH:0
FNDA:0,currencyBRL
FNDA:0,kmFormat
FNDA:0,percentFormat
FNDA:0,formatBRDate
DA:1,0
DA:3,0
DA:5,0
DA:13,0
DA:14,0
DA:17,0
DA:18,0
DA:21,0
DA:22,0
DA:23,0
DA:24,0
DA:25,0
LF:12
LH:0
BRDA:3,0,0,0
BRDA:3,0,1,0
BRDA:14,1,0,0
BRDA:14,1,1,0
BRDA:22,2,0,0
BRDA:22,2,1,0
BRDA:23,3,0,0
BRDA:23,3,1,0
BRDA:24,4,0,0
BRDA:24,4,1,0
BRF:10
BRH:0
end_of_record
TN:
SF:src/shared/utils/index.ts
FNF:0
FNH:0
DA:2,0
DA:3,0
LF:2
LH:0
BRF:0
BRH:0
end_of_record
TN:
SF:src/shared/utils/vehicleValidation.ts
FN:7,(anonymous_0)
FN:44,(anonymous_1)
FN:68,(anonymous_2)
FN:87,(anonymous_3)
FN:106,(anonymous_4)
FN:131,(anonymous_5)
FN:150,(anonymous_6)
FN:171,(anonymous_7)
FN:197,(anonymous_8)
FN:204,(anonymous_9)
FN:218,(anonymous_10)
FN:236,(anonymous_11)
FN:248,(anonymous_12)
FN:256,(anonymous_13)
FN:264,(anonymous_14)
FN:271,(anonymous_15)
FN:275,(anonymous_16)
FNF:17
FNH:0
FNDA:0,(anonymous_0)
FNDA:0,(anonymous_1)
FNDA:0,(anonymous_2)
FNDA:0,(anonymous_3)
FNDA:0,(anonymous_4)
FNDA:0,(anonymous_5)
FNDA:0,(anonymous_6)
FNDA:0,(anonymous_7)
FNDA:0,(anonymous_8)
FNDA:0,(anonymous_9)
FNDA:0,(anonymous_10)
FNDA:0,(anonymous_11)
FNDA:0,(anonymous_12)
FNDA:0,(anonymous_13)
FNDA:0,(anonymous_14)
FNDA:0,(anonymous_15)
FNDA:0,(anonymous_16)
DA:3,0
DA:8,0
DA:11,0
DA:12,0
DA:15,0
DA:16,0
DA:19,0
DA:20,0
DA:23,0
DA:24,0
DA:27,0
DA:28,0
DA:31,0
DA:32,0
DA:35,0
DA:36,0
DA:38,0
DA:45,0
DA:46,0
DA:49,0
DA:51,0
DA:52,0
DA:55,0
DA:56,0
DA:58,0
DA:59,0
DA:62,0
DA:69,0
DA:70,0
DA:73,0
DA:74,0
DA:77,0
DA:78,0
DA:81,0
DA:88,0
DA:89,0
DA:92,0
DA:93,0
DA:96,0
DA:97,0
DA:100,0
DA:107,0
DA:108,0
DA:111,0
DA:113,0
DA:114,0
DA:117,0
DA:118,0
DA:119,0
DA:121,0
DA:122,0
DA:125,0
DA:132,0
DA:133,0
DA:136,0
DA:137,0
DA:140,0
DA:141,0
DA:144,0
DA:151,0
DA:152,0
DA:155,0
DA:157,0
DA:158,0
DA:161,0
DA:162,0
DA:165,0
DA:173,0
DA:174,0
DA:177,0
DA:179,0
DA:180,0
DA:183,0
DA:184,0
DA:187,0
DA:188,0
DA:191,0
DA:198,0
DA:205,0
DA:206,0
DA:208,0
DA:209,0
DA:212,0
DA:219,0
DA:220,0
DA:222,0
DA:223,0
DA:224,0
DA:225,0
DA:226,0
DA:227,0
DA:230,0
DA:237,0
DA:238,0
DA:240,0
DA:242,0
DA:249,0
DA:250,0
DA:257,0
DA:258,0
DA:265,0
DA:272,0
DA:275,0
LF:103
LH:0
BRDA:12,0,0,0
BRDA:12,0,1,0
BRDA:16,1,0,0
BRDA:16,1,1,0
BRDA:20,2,0,0
BRDA:20,2,1,0
BRDA:24,3,0,0
BRDA:24,3,1,0
BRDA:28,4,0,0
BRDA:28,4,1,0
BRDA:32,5,0,0
BRDA:32,5,1,0
BRDA:36,6,0,0
BRDA:36,6,1,0
BRDA:45,7,0,0
BRDA:45,7,1,0
BRDA:45,8,0,0
BRDA:45,8,1,0
BRDA:51,9,0,0
BRDA:51,9,1,0
BRDA:51,10,0,0
BRDA:51,10,1,0
BRDA:58,11,0,0
BRDA:58,11,1,0
BRDA:58,12,0,0
BRDA:58,12,1,0
BRDA:69,13,0,0
BRDA:69,13,1,0
BRDA:69,14,0,0
BRDA:69,14,1,0
BRDA:73,15,0,0
BRDA:73,15,1,0
BRDA:77,16,0,0
BRDA:77,16,1,0
BRDA:88,17,0,0
BRDA:88,17,1,0
BRDA:88,18,0,0
BRDA:88,18,1,0
BRDA:92,19,0,0
BRDA:92,19,1,0
BRDA:96,20,0,0
BRDA:96,20,1,0
BRDA:107,21,0,0
BRDA:107,21,1,0
BRDA:107,22,0,0
BRDA:107,22,1,0
BRDA:113,23,0,0
BRDA:113,23,1,0
BRDA:121,24,0,0
BRDA:121,24,1,0
BRDA:121,25,0,0
BRDA:121,25,1,0
BRDA:132,26,0,0
BRDA:132,26,1,0
BRDA:132,27,0,0
BRDA:132,27,1,0
BRDA:136,28,0,0
BRDA:136,28,1,0
BRDA:140,29,0,0
BRDA:140,29,1,0
BRDA:151,30,0,0
BRDA:151,30,1,0
BRDA:151,31,0,0
BRDA:151,31,1,0
BRDA:157,32,0,0
BRDA:157,32,1,0
BRDA:161,33,0,0
BRDA:161,33,1,0
BRDA:173,34,0,0
BRDA:173,34,1,0
BRDA:173,35,0,0
BRDA:173,35,1,0
BRDA:179,36,0,0
BRDA:179,36,1,0
BRDA:183,37,0,0
BRDA:183,37,1,0
BRDA:187,38,0,0
BRDA:187,38,1,0
BRDA:208,39,0,0
BRDA:208,39,1,0
BRDA:222,40,0,0
BRDA:222,40,1,0
BRDA:224,41,0,0
BRDA:224,41,1,0
BRDA:226,42,0,0
BRDA:226,42,1,0
BRDA:240,43,0,0
BRDA:240,43,1,0
BRDA:250,44,0,0
BRDA:250,44,1,0
BRF:90
BRH:0
end_of_record
