TN:
SF:src/App.tsx
FN:8,(anonymous_1)
FNF:1
FNH:1
FNDA:5,(anonymous_1)
DA:1,1
DA:2,1
DA:3,1
DA:4,1
DA:5,1
DA:6,1
DA:8,1
DA:9,5
DA:261,1
LF:9
LH:9
BRF:0
BRH:0
end_of_record
TN:
SF:src/app/router/ProtectedRoute.tsx
FN:11,(anonymous_1)
FNF:1
FNH:1
FNDA:4,(anonymous_1)
DA:1,1
DA:2,1
DA:3,1
DA:4,1
DA:11,1
DA:15,4
DA:17,4
DA:18,1
DA:30,3
DA:31,1
DA:35,2
DA:40,2
DA:43,1
LF:13
LH:13
BRDA:13,0,0,3
BRDA:17,1,0,1
BRDA:17,1,1,3
BRDA:30,2,0,1
BRDA:30,2,1,2
BRDA:35,3,0,1
BRDA:35,3,1,1
BRDA:35,4,0,2
BRDA:35,4,1,1
BRF:9
BRH:9
end_of_record
TN:
SF:src/app/router/Router.tsx
FN:39,(anonymous_1)
FN:42,(anonymous_2)
FNF:2
FNH:2
FNDA:1,(anonymous_1)
FNDA:12,(anonymous_2)
DA:1,1
DA:2,1
DA:3,1
DA:4,1
DA:5,1
DA:6,1
DA:7,1
DA:8,1
DA:9,1
DA:10,1
DA:11,1
DA:12,1
DA:13,1
DA:14,1
DA:15,1
DA:24,1
DA:39,1
DA:40,1
DA:43,12
DA:63,1
LF:20
LH:20
BRDA:47,0,0,5
BRDA:47,0,1,7
BRDA:50,1,0,5
BRDA:50,1,1,5
BRF:4
BRH:4
end_of_record
TN:
SF:src/components/GoogleLoginButton.tsx
FN:11,(anonymous_0)
FN:18,(anonymous_1)
FN:62,(anonymous_2)
FN:70,(anonymous_3)
FN:135,(anonymous_4)
FN:141,(anonymous_5)
FNF:6
FNH:0
FNDA:0,(anonymous_0)
FNDA:0,(anonymous_1)
FNDA:0,(anonymous_2)
FNDA:0,(anonymous_3)
FNDA:0,(anonymous_4)
FNDA:0,(anonymous_5)
DA:1,0
DA:2,0
DA:3,0
DA:11,0
DA:16,0
DA:18,0
DA:19,0
DA:21,0
DA:22,0
DA:23,0
DA:26,0
DA:27,0
DA:30,0
DA:31,0
DA:32,0
DA:33,0
DA:34,0
DA:37,0
DA:38,0
DA:39,0
DA:40,0
DA:41,0
DA:42,0
DA:43,0
DA:44,0
DA:46,0
DA:49,0
DA:55,0
DA:56,0
DA:57,0
DA:58,0
DA:62,0
DA:63,0
DA:64,0
DA:65,0
DA:70,0
DA:71,0
DA:72,0
DA:74,0
DA:75,0
DA:79,0
DA:80,0
DA:81,0
DA:85,0
DA:87,0
DA:88,0
DA:113,0
DA:136,0
DA:137,0
DA:138,0
DA:142,0
DA:143,0
DA:144,0
LF:53
LH:0
BRDA:14,0,0,0
BRDA:21,1,0,0
BRDA:21,1,1,0
BRDA:55,2,0,0
BRDA:55,2,1,0
BRDA:63,3,0,0
BRDA:63,3,1,0
BRDA:71,4,0,0
BRDA:71,4,1,0
BRDA:87,5,0,0
BRDA:87,5,1,0
BRDA:116,6,0,0
BRDA:116,6,1,0
BRDA:136,7,0,0
BRDA:136,7,1,0
BRDA:136,8,0,0
BRDA:136,8,1,0
BRDA:142,9,0,0
BRDA:142,9,1,0
BRDA:142,10,0,0
BRDA:142,10,1,0
BRDA:149,11,0,0
BRDA:149,11,1,0
BRF:23
BRH:0
end_of_record
TN:
SF:src/components/index.ts
FNF:0
FNH:0
DA:2,0
DA:5,0
DA:8,0
DA:11,0
LF:4
LH:0
BRF:0
BRH:0
end_of_record
TN:
SF:src/components/charts/CustomTooltip.tsx
FN:35,(anonymous_1)
FN:47,(anonymous_2)
FN:67,(anonymous_3)
FN:80,(anonymous_4)
FN:93,(anonymous_5)
FN:98,(anonymous_6)
FN:109,(anonymous_7)
FN:110,(anonymous_8)
FN:110,(anonymous_9)
FN:135,(anonymous_10)
FN:136,(anonymous_11)
FN:164,(anonymous_12)
FN:183,(anonymous_13)
FNF:13
FNH:10
FNDA:3,(anonymous_1)
FNDA:1,(anonymous_2)
FNDA:1,(anonymous_3)
FNDA:1,(anonymous_4)
FNDA:0,(anonymous_5)
FNDA:0,(anonymous_6)
FNDA:1,(anonymous_7)
FNDA:1,(anonymous_8)
FNDA:1,(anonymous_9)
FNDA:1,(anonymous_10)
FNDA:1,(anonymous_11)
FNDA:1,(anonymous_12)
FNDA:0,(anonymous_13)
DA:1,1
DA:2,1
DA:3,1
DA:9,1
DA:10,1
DA:12,1
DA:35,1
DA:43,3
DA:44,2
DA:47,1
DA:48,1
DA:49,1
DA:50,1
DA:52,0
DA:53,0
DA:55,0
DA:56,0
DA:58,0
DA:59,0
DA:61,0
DA:62,0
DA:64,0
DA:67,1
DA:68,1
DA:77,1
DA:80,1
DA:81,1
DA:82,0
DA:84,1
DA:85,0
DA:87,1
DA:88,0
DA:90,1
DA:93,1
DA:94,0
DA:95,0
DA:98,1
DA:99,0
DA:100,0
DA:102,0
DA:103,0
DA:105,0
DA:109,1
DA:110,1
DA:111,1
DA:113,1
DA:135,1
DA:137,1
DA:138,1
DA:142,1
DA:164,1
DA:183,0
DA:227,1
LF:53
LH:33
BRDA:39,0,0,3
BRDA:43,1,0,2
BRDA:43,1,1,1
BRDA:43,2,0,3
BRDA:43,2,1,2
BRDA:43,2,2,2
BRDA:49,3,0,1
BRDA:49,3,1,0
BRDA:49,4,0,1
BRDA:49,4,1,0
BRDA:52,5,0,0
BRDA:52,5,1,0
BRDA:52,6,0,0
BRDA:52,6,1,0
BRDA:55,7,0,0
BRDA:55,7,1,0
BRDA:55,8,0,0
BRDA:55,8,1,0
BRDA:58,9,0,0
BRDA:58,9,1,0
BRDA:58,10,0,0
BRDA:58,10,1,0
BRDA:61,11,0,0
BRDA:61,11,1,0
BRDA:61,12,0,0
BRDA:61,12,1,0
BRDA:77,13,0,1
BRDA:77,13,1,1
BRDA:81,14,0,0
BRDA:81,14,1,1
BRDA:81,15,0,1
BRDA:81,15,1,1
BRDA:81,15,2,1
BRDA:84,16,0,0
BRDA:84,16,1,1
BRDA:84,17,0,1
BRDA:84,17,1,1
BRDA:87,18,0,0
BRDA:87,18,1,1
BRDA:87,19,0,1
BRDA:87,19,1,1
BRDA:94,20,0,0
BRDA:94,20,1,0
BRDA:99,21,0,0
BRDA:99,21,1,0
BRDA:102,22,0,0
BRDA:102,22,1,0
BRDA:109,23,0,1
BRDA:109,23,1,1
BRDA:111,24,0,0
BRDA:111,24,1,1
BRDA:118,25,0,1
BRDA:118,25,1,1
BRDA:120,26,0,1
BRDA:120,26,1,0
BRDA:123,27,0,1
BRDA:123,27,1,0
BRDA:138,28,0,0
BRDA:138,28,1,1
BRDA:138,29,0,1
BRDA:138,29,1,0
BRDA:149,30,0,1
BRDA:149,30,1,0
BRDA:149,30,2,0
BRDA:164,31,0,0
BRDA:164,31,1,1
BRDA:164,32,0,1
BRDA:164,32,1,1
BRDA:180,33,0,1
BRDA:180,33,1,0
BRDA:183,34,0,0
BRDA:183,34,1,0
BRDA:183,35,0,0
BRDA:183,35,1,0
BRDA:187,36,0,0
BRDA:187,36,1,0
BRDA:195,37,0,0
BRDA:195,37,1,0
BRDA:203,38,0,0
BRDA:203,38,1,0
BRDA:207,39,0,0
BRDA:207,39,1,0
BRDA:207,40,0,0
BRDA:207,40,1,0
BRF:84
BRH:34
end_of_record
TN:
SF:src/components/common/index.ts
FN:2,(anonymous_1)
FN:3,(anonymous_2)
FNF:2
FNH:1
FNDA:5,(anonymous_1)
FNDA:0,(anonymous_2)
DA:2,6
DA:3,1
LF:2
LH:2
BRF:0
BRH:0
end_of_record
TN:
SF:src/components/common/ErrorBoundary/ErrorBoundary.tsx
FN:13,(anonymous_9)
FN:18,(anonymous_10)
FN:22,(anonymous_11)
FN:26,(anonymous_12)
FN:42,(anonymous_13)
FNF:5
FNH:5
FNDA:10,(anonymous_9)
FNDA:10,(anonymous_10)
FNDA:5,(anonymous_11)
FNDA:21,(anonymous_12)
FNDA:1,(anonymous_13)
DA:1,2
DA:14,9
DA:19,10
DA:23,5
DA:27,21
DA:28,10
DA:42,1
DA:58,11
DA:62,2
LF:9
LH:9
BRDA:27,0,0,10
BRDA:27,0,1,11
BRDA:28,1,0,10
BRDA:28,1,1,8
BRF:4
BRH:4
end_of_record
TN:
SF:src/components/common/ErrorBoundary/index.ts
FN:1,(anonymous_1)
FNF:1
FNH:0
FNDA:0,(anonymous_1)
DA:1,1
LF:1
LH:1
BRF:0
BRH:0
end_of_record
TN:
SF:src/components/common/GlobalWireframe/GlobalWireframe.tsx
FN:6,GlobalWireframe
FN:26,(anonymous_10)
FN:29,(anonymous_11)
FN:61,(anonymous_12)
FN:76,(anonymous_13)
FNF:5
FNH:1
FNDA:5,GlobalWireframe
FNDA:0,(anonymous_10)
FNDA:0,(anonymous_11)
FNDA:0,(anonymous_12)
FNDA:0,(anonymous_13)
DA:1,1
DA:2,1
DA:3,1
DA:4,1
DA:6,1
DA:7,5
DA:26,1
DA:27,0
DA:29,0
DA:30,0
DA:31,0
DA:35,0
DA:36,0
DA:37,0
DA:39,0
DA:40,0
DA:41,0
DA:47,0
DA:62,0
DA:77,0
LF:20
LH:7
BRDA:30,0,0,0
BRDA:30,0,1,0
BRF:2
BRH:0
end_of_record
TN:
SF:src/components/forms/index.ts
FNF:0
FNH:0
DA:2,0
LF:1
LH:0
BRF:0
BRH:0
end_of_record
TN:
SF:src/components/forms/VehicleForm/VehicleForm.tsx
FN:48,(anonymous_9)
FN:78,(anonymous_10)
FN:84,(anonymous_11)
FN:96,(anonymous_12)
FN:122,(anonymous_13)
FN:125,(anonymous_14)
FN:133,(anonymous_15)
FN:151,(anonymous_16)
FN:167,(anonymous_17)
FN:182,(anonymous_18)
FN:195,(anonymous_19)
FN:207,(anonymous_20)
FN:213,(anonymous_21)
FN:230,(anonymous_22)
FN:238,(anonymous_23)
FN:244,(anonymous_24)
FN:245,(anonymous_25)
FN:265,(anonymous_26)
FN:270,(anonymous_27)
FN:277,(anonymous_28)
FN:290,(anonymous_29)
FN:304,(anonymous_30)
FN:307,(anonymous_31)
FN:467,(anonymous_32)
FN:469,(anonymous_33)
FN:471,(anonymous_34)
FN:567,(anonymous_35)
FN:573,(anonymous_36)
FN:615,(anonymous_37)
FN:625,(anonymous_38)
FN:674,(anonymous_39)
FN:687,(anonymous_40)
FN:708,(anonymous_41)
FN:760,(anonymous_42)
FN:761,(anonymous_43)
FNF:35
FNH:0
FNDA:0,(anonymous_9)
FNDA:0,(anonymous_10)
FNDA:0,(anonymous_11)
FNDA:0,(anonymous_12)
FNDA:0,(anonymous_13)
FNDA:0,(anonymous_14)
FNDA:0,(anonymous_15)
FNDA:0,(anonymous_16)
FNDA:0,(anonymous_17)
FNDA:0,(anonymous_18)
FNDA:0,(anonymous_19)
FNDA:0,(anonymous_20)
FNDA:0,(anonymous_21)
FNDA:0,(anonymous_22)
FNDA:0,(anonymous_23)
FNDA:0,(anonymous_24)
FNDA:0,(anonymous_25)
FNDA:0,(anonymous_26)
FNDA:0,(anonymous_27)
FNDA:0,(anonymous_28)
FNDA:0,(anonymous_29)
FNDA:0,(anonymous_30)
FNDA:0,(anonymous_31)
FNDA:0,(anonymous_32)
FNDA:0,(anonymous_33)
FNDA:0,(anonymous_34)
FNDA:0,(anonymous_35)
FNDA:0,(anonymous_36)
FNDA:0,(anonymous_37)
FNDA:0,(anonymous_38)
FNDA:0,(anonymous_39)
FNDA:0,(anonymous_40)
FNDA:0,(anonymous_41)
FNDA:0,(anonymous_42)
FNDA:0,(anonymous_43)
DA:1,0
DA:2,0
DA:21,0
DA:34,0
DA:36,0
DA:37,0
DA:38,0
DA:48,0
DA:55,0
DA:56,0
DA:59,0
DA:60,0
DA:61,0
DA:64,0
DA:65,0
DA:66,0
DA:69,0
DA:70,0
DA:71,0
DA:72,0
DA:75,0
DA:76,0
DA:78,0
DA:79,0
DA:80,0
DA:84,0
DA:85,0
DA:86,0
DA:87,0
DA:88,0
DA:89,0
DA:90,0
DA:91,0
DA:92,0
DA:96,0
DA:97,0
DA:98,0
DA:99,0
DA:108,0
DA:111,0
DA:112,0
DA:115,0
DA:116,0
DA:122,0
DA:123,0
DA:124,0
DA:125,0
DA:126,0
DA:127,0
DA:128,0
DA:129,0
DA:133,0
DA:134,0
DA:135,0
DA:136,0
DA:137,0
DA:139,0
DA:140,0
DA:141,0
DA:144,0
DA:145,0
DA:147,0
DA:151,0
DA:152,0
DA:153,0
DA:154,0
DA:155,0
DA:157,0
DA:158,0
DA:159,0
DA:161,0
DA:163,0
DA:167,0
DA:168,0
DA:169,0
DA:170,0
DA:172,0
DA:173,0
DA:174,0
DA:176,0
DA:178,0
DA:182,0
DA:183,0
DA:184,0
DA:186,0
DA:187,0
DA:188,0
DA:190,0
DA:191,0
DA:195,0
DA:196,0
DA:197,0
DA:199,0
DA:200,0
DA:202,0
DA:203,0
DA:207,0
DA:208,0
DA:209,0
DA:210,0
DA:213,0
DA:214,0
DA:215,0
DA:216,0
DA:217,0
DA:220,0
DA:221,0
DA:222,0
DA:223,0
DA:226,0
DA:229,0
DA:230,0
DA:231,0
DA:233,0
DA:235,0
DA:238,0
DA:239,0
DA:240,0
DA:241,0
DA:244,0
DA:245,0
DA:246,0
DA:256,0
DA:257,0
DA:258,0
DA:260,0
DA:261,0
DA:264,0
DA:266,0
DA:270,0
DA:271,0
DA:272,0
DA:273,0
DA:274,0
DA:277,0
DA:278,0
DA:279,0
DA:280,0
DA:281,0
DA:283,0
DA:284,0
DA:287,0
DA:290,0
DA:291,0
DA:292,0
DA:294,0
DA:297,0
DA:302,0
DA:304,0
DA:307,0
DA:308,0
DA:342,0
DA:468,0
DA:469,0
DA:470,0
DA:471,0
DA:472,0
DA:473,0
DA:474,0
DA:568,0
DA:574,0
DA:616,0
DA:626,0
DA:675,0
DA:688,0
DA:709,0
DA:760,0
DA:761,0
DA:884,0
LF:169
LH:0
BRDA:53,0,0,0
BRDA:79,1,0,0
BRDA:79,1,1,0
BRDA:79,2,0,0
BRDA:79,2,1,0
BRDA:85,3,0,0
BRDA:85,3,1,0
BRDA:97,4,0,0
BRDA:97,4,1,0
BRDA:98,5,0,0
BRDA:98,5,1,0
BRDA:111,6,0,0
BRDA:111,6,1,0
BRDA:123,7,0,0
BRDA:123,7,1,0
BRDA:125,8,0,0
BRDA:125,8,1,0
BRDA:126,9,0,0
BRDA:126,9,1,0
BRDA:139,10,0,0
BRDA:139,10,1,0
BRDA:190,11,0,0
BRDA:190,11,1,0
BRDA:190,12,0,0
BRDA:190,12,1,0
BRDA:202,13,0,0
BRDA:202,13,1,0
BRDA:202,14,0,0
BRDA:202,14,1,0
BRDA:202,14,2,0
BRDA:215,15,0,0
BRDA:215,15,1,0
BRDA:221,16,0,0
BRDA:221,16,1,0
BRDA:249,17,0,0
BRDA:249,17,1,0
BRDA:250,18,0,0
BRDA:250,18,1,0
BRDA:251,19,0,0
BRDA:251,19,1,0
BRDA:252,20,0,0
BRDA:252,20,1,0
BRDA:256,21,0,0
BRDA:256,21,1,0
BRDA:260,22,0,0
BRDA:260,22,1,0
BRDA:261,23,0,0
BRDA:261,23,1,0
BRDA:278,24,0,0
BRDA:278,24,1,0
BRDA:283,25,0,0
BRDA:283,25,1,0
BRDA:283,26,0,0
BRDA:283,26,1,0
BRDA:291,27,0,0
BRDA:291,27,1,0
BRDA:291,28,0,0
BRDA:291,28,1,0
BRDA:432,29,0,0
BRDA:432,29,1,0
BRDA:436,30,0,0
BRDA:436,30,1,0
BRDA:440,31,0,0
BRDA:440,31,1,0
BRDA:468,32,0,0
BRDA:468,32,1,0
BRDA:471,33,0,0
BRDA:471,33,1,0
BRDA:472,34,0,0
BRDA:472,34,1,0
BRDA:488,35,0,0
BRDA:488,35,1,0
BRDA:507,36,0,0
BRDA:507,36,1,0
BRDA:518,37,0,0
BRDA:518,37,1,0
BRDA:536,38,0,0
BRDA:536,38,1,0
BRDA:552,39,0,0
BRDA:552,39,1,0
BRDA:552,39,2,0
BRDA:561,40,0,0
BRDA:561,40,1,0
BRDA:561,41,0,0
BRDA:561,41,1,0
BRDA:571,42,0,0
BRDA:571,42,1,0
BRDA:599,43,0,0
BRDA:599,43,1,0
BRDA:608,44,0,0
BRDA:608,44,1,0
BRDA:608,45,0,0
BRDA:608,45,1,0
BRDA:620,46,0,0
BRDA:620,46,1,0
BRDA:621,47,0,0
BRDA:621,47,1,0
BRDA:653,48,0,0
BRDA:653,48,1,0
BRDA:660,49,0,0
BRDA:660,49,1,0
BRDA:660,50,0,0
BRDA:660,50,1,0
BRDA:669,51,0,0
BRDA:669,51,1,0
BRDA:670,52,0,0
BRDA:670,52,1,0
BRDA:717,53,0,0
BRDA:717,53,1,0
BRDA:718,54,0,0
BRDA:718,54,1,0
BRDA:719,55,0,0
BRDA:719,55,1,0
BRDA:720,56,0,0
BRDA:720,56,1,0
BRDA:721,57,0,0
BRDA:721,57,1,0
BRDA:722,58,0,0
BRDA:722,58,1,0
BRDA:723,59,0,0
BRDA:723,59,1,0
BRDA:724,60,0,0
BRDA:724,60,1,0
BRDA:725,61,0,0
BRDA:725,61,1,0
BRDA:726,62,0,0
BRDA:726,62,1,0
BRDA:727,63,0,0
BRDA:727,63,1,0
BRDA:728,64,0,0
BRDA:728,64,1,0
BRDA:729,65,0,0
BRDA:729,65,1,0
BRDA:730,66,0,0
BRDA:730,66,1,0
BRDA:774,67,0,0
BRDA:774,67,1,0
BRDA:875,68,0,0
BRDA:875,68,1,0
BRF:139
BRH:0
end_of_record
TN:
SF:src/components/forms/VehicleForm/index.ts
FN:1,(anonymous_1)
FNF:1
FNH:0
FNDA:0,(anonymous_1)
DA:1,0
LF:1
LH:0
BRF:0
BRH:0
end_of_record
TN:
SF:src/components/layout/index.ts
FN:2,(anonymous_1)
FN:3,(anonymous_2)
FN:4,(anonymous_3)
FN:5,(anonymous_4)
FN:6,(anonymous_5)
FNF:5
FNH:1
FNDA:0,(anonymous_1)
FNDA:5,(anonymous_2)
FNDA:0,(anonymous_3)
FNDA:0,(anonymous_4)
FNDA:0,(anonymous_5)
DA:2,1
DA:3,6
DA:4,1
DA:5,1
DA:6,1
LF:5
LH:5
BRF:0
BRH:0
end_of_record
TN:
SF:src/components/layout/DefaultLayout/index.ts
FN:2,(anonymous_1)
FN:3,(anonymous_2)
FN:4,(anonymous_3)
FNF:3
FNH:0
FNDA:0,(anonymous_1)
FNDA:0,(anonymous_2)
FNDA:0,(anonymous_3)
DA:2,0
DA:3,0
DA:4,0
LF:3
LH:0
BRF:0
BRH:0
end_of_record
TN:
SF:src/components/layout/DefaultLayout/Footer/Footer.tsx
FN:7,Footer
FNF:1
FNH:1
FNDA:3,Footer
DA:1,1
DA:2,1
DA:3,1
DA:5,1
DA:7,1
DA:8,3
LF:6
LH:6
BRF:0
BRH:0
end_of_record
TN:
SF:src/components/layout/DefaultLayout/Header/Header.tsx
FN:15,(anonymous_1)
FN:25,(anonymous_2)
FNF:2
FNH:1
FNDA:0,(anonymous_1)
FNDA:2,(anonymous_2)
DA:1,1
DA:2,1
DA:3,1
DA:5,1
DA:7,1
DA:25,1
DA:26,2
DA:51,1
LF:8
LH:8
BRDA:25,0,0,1
BRDA:30,1,0,1
BRDA:30,1,1,1
BRF:3
BRH:3
end_of_record
TN:
SF:src/components/layout/DefaultLayout/Sider/Sider.tsx
FN:14,getItem
FN:28,(anonymous_11)
FN:33,(anonymous_12)
FN:79,(anonymous_13)
FN:86,(anonymous_14)
FNF:5
FNH:0
FNDA:0,getItem
FNDA:0,(anonymous_11)
FNDA:0,(anonymous_12)
FNDA:0,(anonymous_13)
FNDA:0,(anonymous_14)
DA:1,0
DA:2,0
DA:3,0
DA:4,0
DA:5,0
DA:6,0
DA:8,0
DA:10,0
DA:20,0
DA:28,0
DA:29,0
DA:30,0
DA:31,0
DA:33,0
DA:34,0
DA:37,0
DA:64,0
DA:79,0
DA:86,0
DA:96,0
LF:20
LH:0
BRDA:39,0,0,0
BRDA:39,0,1,0
BRDA:46,1,0,0
BRDA:46,1,1,0
BRDA:50,2,0,0
BRDA:50,2,1,0
BRDA:56,3,0,0
BRDA:56,3,1,0
BRDA:57,4,0,0
BRDA:57,4,1,0
BRDA:75,5,0,0
BRDA:75,5,1,0
BRDA:82,6,0,0
BRDA:82,6,1,0
BRF:14
BRH:0
end_of_record
TN:
SF:src/components/layout/Defaultframe/Defaultframe.tsx
FN:16,DefaultFrame
FN:27,(anonymous_11)
FN:31,(anonymous_12)
FN:36,(anonymous_13)
FN:41,(anonymous_14)
FN:44,(anonymous_15)
FNF:6
FNH:0
FNDA:0,DefaultFrame
FNDA:0,(anonymous_11)
FNDA:0,(anonymous_12)
FNDA:0,(anonymous_13)
FNDA:0,(anonymous_14)
FNDA:0,(anonymous_15)
DA:1,0
DA:2,0
DA:3,0
DA:4,0
DA:5,0
DA:16,0
DA:24,0
DA:25,0
DA:27,0
DA:28,0
DA:31,0
DA:32,0
DA:36,0
DA:37,0
DA:38,0
DA:41,0
DA:42,0
DA:44,0
DA:48,0
LF:19
LH:0
BRDA:20,0,0,0
BRDA:21,1,0,0
BRDA:22,2,0,0
BRDA:37,3,0,0
BRDA:37,3,1,0
BRDA:50,4,0,0
BRDA:50,4,1,0
BRDA:52,5,0,0
BRDA:52,5,1,0
BRDA:56,6,0,0
BRDA:56,6,1,0
BRDA:57,7,0,0
BRDA:57,7,1,0
BRDA:57,8,0,0
BRDA:57,8,1,0
BRDA:61,9,0,0
BRDA:61,9,1,0
BRDA:62,10,0,0
BRDA:62,10,1,0
BRF:19
BRH:0
end_of_record
TN:
SF:src/components/layout/Footer/Footer.tsx
FN:8,Footer
FNF:1
FNH:1
FNDA:9,Footer
DA:1,1
DA:2,1
DA:3,1
DA:4,1
DA:6,1
DA:8,1
DA:9,9
LF:7
LH:7
BRF:0
BRH:0
end_of_record
TN:
SF:src/components/layout/Header/Header.tsx
FN:15,(anonymous_1)
FN:25,(anonymous_2)
FNF:2
FNH:1
FNDA:0,(anonymous_1)
FNDA:10,(anonymous_2)
DA:1,1
DA:2,1
DA:3,1
DA:5,1
DA:7,1
DA:25,1
DA:26,10
DA:51,1
LF:8
LH:8
BRDA:25,0,0,7
BRDA:30,1,0,2
BRDA:30,1,1,8
BRF:3
BRH:3
end_of_record
TN:
SF:src/components/layout/Sider/Sider.tsx
FN:14,getItem
FN:28,(anonymous_11)
FN:33,(anonymous_12)
FN:79,(anonymous_13)
FN:86,(anonymous_14)
FNF:5
FNH:0
FNDA:0,getItem
FNDA:0,(anonymous_11)
FNDA:0,(anonymous_12)
FNDA:0,(anonymous_13)
FNDA:0,(anonymous_14)
DA:1,0
DA:2,0
DA:3,0
DA:4,0
DA:5,0
DA:6,0
DA:8,0
DA:10,0
DA:20,0
DA:28,0
DA:29,0
DA:30,0
DA:31,0
DA:33,0
DA:34,0
DA:37,0
DA:64,0
DA:79,0
DA:86,0
DA:96,0
LF:20
LH:0
BRDA:39,0,0,0
BRDA:39,0,1,0
BRDA:46,1,0,0
BRDA:46,1,1,0
BRDA:50,2,0,0
BRDA:50,2,1,0
BRDA:56,3,0,0
BRDA:56,3,1,0
BRDA:57,4,0,0
BRDA:57,4,1,0
BRDA:75,5,0,0
BRDA:75,5,1,0
BRDA:82,6,0,0
BRDA:82,6,1,0
BRF:14
BRH:0
end_of_record
TN:
SF:src/components/layout/VehicleSider/VehicleSider.tsx
FN:20,getItem
FN:38,(anonymous_11)
FN:43,(anonymous_12)
FN:56,(anonymous_13)
FN:87,(anonymous_14)
FN:101,(anonymous_15)
FN:123,(anonymous_16)
FNF:7
FNH:0
FNDA:0,getItem
FNDA:0,(anonymous_11)
FNDA:0,(anonymous_12)
FNDA:0,(anonymous_13)
FNDA:0,(anonymous_14)
FNDA:0,(anonymous_15)
FNDA:0,(anonymous_16)
DA:1,0
DA:2,0
DA:3,0
DA:11,0
DA:12,0
DA:14,0
DA:16,0
DA:26,0
DA:38,0
DA:39,0
DA:40,0
DA:41,0
DA:43,0
DA:44,0
DA:47,0
DA:56,0
DA:57,0
DA:58,0
DA:59,0
DA:60,0
DA:61,0
DA:62,0
DA:63,0
DA:64,0
DA:67,0
DA:88,0
DA:89,0
DA:90,0
DA:101,0
DA:124,0
DA:125,0
DA:148,0
LF:32
LH:0
BRDA:58,0,0,0
BRDA:58,0,1,0
BRDA:59,1,0,0
BRDA:59,1,1,0
BRDA:60,2,0,0
BRDA:60,2,1,0
BRDA:61,3,0,0
BRDA:61,3,1,0
BRDA:62,4,0,0
BRDA:62,4,1,0
BRDA:63,5,0,0
BRDA:63,5,1,0
BRDA:83,6,0,0
BRDA:83,6,1,0
BRDA:97,7,0,0
BRDA:97,7,1,0
BRDA:136,8,0,0
BRDA:136,8,1,0
BRDA:137,9,0,0
BRDA:137,9,1,0
BRDA:141,10,0,0
BRDA:141,10,1,0
BRF:22
BRH:0
end_of_record
TN:
SF:src/components/ui/index.ts
FNF:0
FNH:0
DA:2,0
DA:3,0
LF:2
LH:0
BRF:0
BRH:0
end_of_record
TN:
SF:src/components/ui/Card/VehicleCard.tsx
FN:21,VehicleCard
FN:28,(anonymous_2)
FN:32,(anonymous_3)
FN:49,(anonymous_4)
FN:56,(anonymous_5)
FN:114,(anonymous_6)
FN:124,(anonymous_7)
FN:128,(anonymous_8)
FN:154,(anonymous_9)
FN:159,(anonymous_10)
FNF:10
FNH:0
FNDA:0,VehicleCard
FNDA:0,(anonymous_2)
FNDA:0,(anonymous_3)
FNDA:0,(anonymous_4)
FNDA:0,(anonymous_5)
FNDA:0,(anonymous_6)
FNDA:0,(anonymous_7)
FNDA:0,(anonymous_8)
FNDA:0,(anonymous_9)
FNDA:0,(anonymous_10)
DA:1,0
DA:2,0
DA:8,0
DA:11,0
DA:21,0
DA:28,0
DA:29,0
DA:32,0
DA:33,0
DA:35,0
DA:36,0
DA:39,0
DA:40,0
DA:41,0
DA:44,0
DA:49,0
DA:56,0
DA:61,0
DA:114,0
DA:125,0
DA:126,0
DA:129,0
DA:130,0
DA:155,0
DA:156,0
DA:157,0
DA:160,0
DA:161,0
DA:162,0
LF:29
LH:0
BRDA:26,0,0,0
BRDA:33,1,0,0
BRDA:33,1,1,0
BRDA:35,2,0,0
BRDA:35,2,1,0
BRDA:35,3,0,0
BRDA:35,3,1,0
BRDA:39,4,0,0
BRDA:39,4,1,0
BRDA:66,5,0,0
BRDA:66,5,1,0
BRDA:66,6,0,0
BRDA:66,6,1,0
BRDA:68,7,0,0
BRDA:68,7,1,0
BRDA:85,8,0,0
BRDA:85,8,1,0
BRDA:137,9,0,0
BRDA:137,9,1,0
BRDA:137,9,2,0
BRF:20
BRH:0
end_of_record
TN:
SF:src/components/ui/Card/index.ts
FN:1,(anonymous_1)
FNF:1
FNH:0
FNDA:0,(anonymous_1)
DA:1,0
LF:1
LH:0
BRF:0
BRH:0
end_of_record
TN:
SF:src/components/ui/StatusBadge/StatusBadge.tsx
FN:18,(anonymous_1)
FN:23,(anonymous_2)
FNF:2
FNH:2
FNDA:18,(anonymous_1)
FNDA:18,(anonymous_2)
DA:1,1
DA:2,1
DA:3,1
DA:18,1
DA:23,18
DA:24,18
DA:26,9
DA:33,2
DA:40,2
DA:47,2
DA:54,2
DA:61,1
DA:70,18
DA:71,18
DA:74,18
DA:95,18
DA:96,15
DA:99,3
DA:131,1
LF:19
LH:19
BRDA:20,0,0,15
BRDA:21,1,0,16
BRDA:24,2,0,9
BRDA:24,2,1,2
BRDA:24,2,2,2
BRDA:24,2,3,2
BRDA:24,2,4,2
BRDA:24,2,5,1
BRDA:83,3,0,1
BRDA:83,3,1,17
BRDA:87,4,0,18
BRDA:87,4,1,1
BRDA:95,5,0,15
BRDA:95,5,1,3
BRDA:112,6,0,3
BRDA:112,6,1,3
BRDA:117,7,0,3
BRDA:117,7,1,0
BRF:18
BRH:17
end_of_record
TN:
SF:src/components/ui/StatusBadge/index.ts
FN:1,(anonymous_1)
FNF:1
FNH:0
FNDA:0,(anonymous_1)
DA:1,0
LF:1
LH:0
BRF:0
BRH:0
end_of_record
TN:
SF:src/features/auth/index.ts
FN:2,(anonymous_4)
FN:2,(anonymous_5)
FNF:2
FNH:0
FNDA:0,(anonymous_4)
FNDA:0,(anonymous_5)
DA:2,0
DA:5,0
LF:2
LH:0
BRF:0
BRH:0
end_of_record
TN:
SF:src/features/auth/components/AuthContext.tsx
FN:12,(anonymous_9)
FN:16,(anonymous_10)
FN:20,(anonymous_11)
FN:39,(anonymous_12)
FN:48,(anonymous_13)
FN:73,(anonymous_14)
FN:90,(anonymous_15)
FN:95,(anonymous_16)
FN:117,(anonymous_17)
FNF:9
FNH:9
FNDA:36,(anonymous_9)
FNDA:16,(anonymous_10)
FNDA:16,(anonymous_11)
FNDA:2,(anonymous_12)
FNDA:1,(anonymous_13)
FNDA:1,(anonymous_14)
FNDA:1,(anonymous_15)
FNDA:1,(anonymous_16)
FNDA:17,(anonymous_17)
DA:1,3
DA:2,3
DA:3,3
DA:6,3
DA:12,3
DA:13,36
DA:14,36
DA:16,36
DA:17,16
DA:20,36
DA:21,16
DA:22,16
DA:23,4
DA:24,4
DA:25,2
DA:26,2
DA:28,12
DA:31,2
DA:32,2
DA:33,2
DA:35,16
DA:39,36
DA:40,2
DA:48,36
DA:49,1
DA:51,1
DA:52,0
DA:53,0
DA:54,0
DA:58,1
DA:59,1
DA:60,1
DA:62,1
DA:63,1
DA:64,1
DA:66,0
DA:69,0
DA:73,36
DA:74,1
DA:75,1
DA:76,1
DA:77,1
DA:79,1
DA:80,1
DA:81,1
DA:83,0
DA:86,0
DA:90,36
DA:91,1
DA:92,1
DA:95,36
DA:96,1
DA:97,1
DA:98,1
DA:100,0
DA:104,36
DA:114,36
DA:117,3
DA:118,17
DA:119,17
DA:120,0
DA:122,17
LF:62
LH:53
BRDA:22,0,0,4
BRDA:22,0,1,12
BRDA:51,1,0,0
BRDA:51,1,1,1
BRDA:51,2,0,1
BRDA:51,2,1,0
BRDA:119,3,0,0
BRDA:119,3,1,17
BRF:8
BRH:5
end_of_record
TN:
SF:src/features/auth/services/apiAuth.ts
FN:7,(anonymous_0)
FN:13,(anonymous_1)
FN:19,(anonymous_2)
FN:30,(anonymous_3)
FN:35,(anonymous_4)
FN:40,(anonymous_5)
FN:46,(anonymous_6)
FN:56,(anonymous_7)
FN:61,(anonymous_8)
FN:66,(anonymous_9)
FN:71,(anonymous_10)
FN:75,(anonymous_11)
FN:79,(anonymous_12)
FNF:13
FNH:6
FNDA:3,(anonymous_0)
FNDA:6,(anonymous_1)
FNDA:1,(anonymous_2)
FNDA:4,(anonymous_3)
FNDA:3,(anonymous_4)
FNDA:0,(anonymous_5)
FNDA:0,(anonymous_6)
FNDA:0,(anonymous_7)
FNDA:0,(anonymous_8)
FNDA:0,(anonymous_9)
FNDA:2,(anonymous_10)
FNDA:0,(anonymous_11)
FNDA:0,(anonymous_12)
DA:2,2
DA:8,3
DA:9,1
DA:10,1
DA:14,6
DA:15,2
DA:16,2
DA:20,1
DA:21,1
DA:23,0
DA:25,1
DA:31,4
DA:32,2
DA:36,3
DA:37,1
DA:41,0
DA:42,0
DA:43,0
DA:47,0
DA:48,0
DA:49,0
DA:51,0
DA:52,0
DA:57,0
DA:58,0
DA:62,0
DA:63,0
DA:67,0
DA:68,0
DA:72,2
DA:76,0
DA:80,0
DA:81,0
DA:82,0
DA:86,2
LF:35
LH:16
BRF:0
BRH:0
end_of_record
TN:
SF:src/features/auth/services/googleAuthService.ts
FN:15,(anonymous_0)
FNF:1
FNH:1
FNDA:6,(anonymous_0)
DA:1,1
DA:16,6
DA:17,6
DA:22,3
DA:24,3
DA:29,1
LF:6
LH:6
BRDA:24,0,0,3
BRDA:24,0,1,2
BRF:2
BRH:2
end_of_record
TN:
SF:src/features/blockchain/index.ts
FN:2,(anonymous_5)
FN:3,(anonymous_6)
FN:4,(anonymous_7)
FN:5,(anonymous_8)
FN:6,(anonymous_9)
FNF:5
FNH:0
FNDA:0,(anonymous_5)
FNDA:0,(anonymous_6)
FNDA:0,(anonymous_7)
FNDA:0,(anonymous_8)
FNDA:0,(anonymous_9)
DA:2,0
DA:3,0
DA:4,0
DA:5,0
DA:6,0
DA:9,0
DA:12,0
LF:7
LH:0
BRF:0
BRH:0
end_of_record
TN:
SF:src/features/blockchain/components/BlockchainOverview.tsx
FN:34,BlockchainOverview
FN:49,(anonymous_1)
FNF:2
FNH:0
FNDA:0,BlockchainOverview
FNDA:0,(anonymous_1)
DA:1,0
DA:2,0
DA:9,0
DA:34,0
DA:43,0
DA:45,0
DA:46,0
DA:47,0
DA:49,0
DA:50,0
DA:51,0
DA:52,0
DA:55,0
DA:57,0
LF:14
LH:0
BRDA:45,0,0,0
BRDA:45,0,1,0
BRDA:46,1,0,0
BRDA:46,1,1,0
BRDA:47,2,0,0
BRDA:47,2,1,0
BRDA:50,3,0,0
BRDA:50,3,1,0
BRDA:51,4,0,0
BRDA:51,4,1,0
BRDA:214,5,0,0
BRDA:214,5,1,0
BRDA:224,6,0,0
BRDA:224,6,1,0
BRDA:234,7,0,0
BRDA:234,7,1,0
BRDA:235,8,0,0
BRDA:235,8,1,0
BRDA:237,9,0,0
BRDA:237,9,1,0
BRDA:246,10,0,0
BRDA:246,10,1,0
BRDA:262,11,0,0
BRDA:262,11,1,0
BRDA:263,12,0,0
BRDA:263,12,1,0
BRDA:265,13,0,0
BRDA:265,13,1,0
BRDA:270,14,0,0
BRDA:270,14,1,0
BRDA:298,15,0,0
BRDA:298,15,1,0
BRDA:316,16,0,0
BRDA:316,16,1,0
BRF:34
BRH:0
end_of_record
TN:
SF:src/features/blockchain/components/BlockchainStatus.tsx
FN:20,BlockchainStatus
FN:25,(anonymous_11)
FN:43,(anonymous_12)
FN:49,(anonymous_13)
FN:52,(anonymous_14)
FN:65,(anonymous_15)
FN:78,(anonymous_16)
FN:91,(anonymous_17)
FNF:8
FNH:0
FNDA:0,BlockchainStatus
FNDA:0,(anonymous_11)
FNDA:0,(anonymous_12)
FNDA:0,(anonymous_13)
FNDA:0,(anonymous_14)
FNDA:0,(anonymous_15)
FNDA:0,(anonymous_16)
FNDA:0,(anonymous_17)
DA:1,0
DA:2,0
DA:3,0
DA:11,0
DA:12,0
DA:14,0
DA:20,0
DA:21,0
DA:22,0
DA:23,0
DA:25,0
DA:26,0
DA:27,0
DA:28,0
DA:29,0
DA:30,0
DA:32,0
DA:33,0
DA:39,0
DA:43,0
DA:44,0
DA:47,0
DA:49,0
DA:52,0
DA:53,0
DA:55,0
DA:57,0
DA:59,0
DA:61,0
DA:65,0
DA:66,0
DA:68,0
DA:70,0
DA:72,0
DA:74,0
DA:78,0
DA:79,0
DA:81,0
DA:83,0
DA:85,0
DA:87,0
DA:91,0
DA:92,0
DA:93,0
DA:96,0
LF:45
LH:0
BRDA:20,0,0,0
BRDA:53,1,0,0
BRDA:53,1,1,0
BRDA:53,1,2,0
BRDA:53,1,3,0
BRDA:66,2,0,0
BRDA:66,2,1,0
BRDA:66,2,2,0
BRDA:66,2,3,0
BRDA:79,3,0,0
BRDA:79,3,1,0
BRDA:79,3,2,0
BRDA:79,3,3,0
BRDA:92,4,0,0
BRDA:92,4,1,0
BRDA:121,5,0,0
BRDA:121,5,1,0
BRDA:125,6,0,0
BRDA:125,6,1,0
BRDA:127,7,0,0
BRDA:127,7,1,0
BRDA:131,8,0,0
BRDA:131,8,1,0
BRDA:141,9,0,0
BRDA:141,9,1,0
BRDA:152,10,0,0
BRDA:152,10,1,0
BRDA:163,11,0,0
BRDA:163,11,1,0
BRDA:171,12,0,0
BRDA:171,12,1,0
BRDA:192,13,0,0
BRDA:192,13,1,0
BRF:33
BRH:0
end_of_record
TN:
SF:src/features/blockchain/components/NetworkInfo.tsx
FN:26,NetworkInfo
FN:38,(anonymous_10)
FN:43,(anonymous_11)
FN:46,(anonymous_12)
FN:56,(anonymous_13)
FN:65,(anonymous_14)
FN:69,(anonymous_15)
FNF:7
FNH:0
FNDA:0,NetworkInfo
FNDA:0,(anonymous_10)
FNDA:0,(anonymous_11)
FNDA:0,(anonymous_12)
FNDA:0,(anonymous_13)
FNDA:0,(anonymous_14)
FNDA:0,(anonymous_15)
DA:1,0
DA:2,0
DA:3,0
DA:11,0
DA:13,0
DA:26,0
DA:27,0
DA:36,0
DA:38,0
DA:39,0
DA:40,0
DA:41,0
DA:43,0
DA:46,0
DA:56,0
DA:61,0
DA:65,0
DA:66,0
DA:69,0
DA:70,0
DA:72,0
DA:79,0
DA:86,0
DA:93,0
DA:102,0
DA:104,0
LF:26
LH:0
BRDA:49,0,0,0
BRDA:49,0,1,0
BRDA:50,1,0,0
BRDA:50,1,1,0
BRDA:51,2,0,0
BRDA:51,2,1,0
BRDA:52,3,0,0
BRDA:52,3,1,0
BRDA:70,4,0,0
BRDA:70,4,1,0
BRDA:70,4,2,0
BRDA:70,4,3,0
BRDA:144,5,0,0
BRDA:144,5,1,0
BRDA:144,6,0,0
BRDA:144,6,1,0
BRDA:147,7,0,0
BRDA:147,7,1,0
BRDA:147,8,0,0
BRDA:147,8,1,0
BRF:20
BRH:0
end_of_record
TN:
SF:src/features/blockchain/components/TransactionHistory.tsx
FN:24,TransactionHistory
FN:29,(anonymous_1)
FN:35,(anonymous_2)
FN:45,(anonymous_3)
FN:56,(anonymous_4)
FN:60,(anonymous_5)
FN:68,(anonymous_6)
FN:108,(anonymous_7)
FN:123,(anonymous_8)
FN:171,(anonymous_9)
FN:229,(anonymous_10)
FNF:11
FNH:0
FNDA:0,TransactionHistory
FNDA:0,(anonymous_1)
FNDA:0,(anonymous_2)
FNDA:0,(anonymous_3)
FNDA:0,(anonymous_4)
FNDA:0,(anonymous_5)
FNDA:0,(anonymous_6)
FNDA:0,(anonymous_7)
FNDA:0,(anonymous_8)
FNDA:0,(anonymous_9)
FNDA:0,(anonymous_10)
DA:1,0
DA:2,0
DA:3,0
DA:9,0
DA:11,0
DA:24,0
DA:25,0
DA:26,0
DA:27,0
DA:29,0
DA:30,0
DA:31,0
DA:32,0
DA:34,0
DA:35,0
DA:45,0
DA:47,0
DA:49,0
DA:50,0
DA:52,0
DA:56,0
DA:57,0
DA:60,0
DA:61,0
DA:62,0
DA:63,0
DA:64,0
DA:68,0
DA:69,0
DA:71,0
DA:78,0
DA:85,0
DA:92,0
DA:99,0
DA:108,0
DA:109,0
DA:111,0
DA:112,0
DA:114,0
DA:123,0
DA:124,0
DA:127,0
DA:128,0
DA:138,0
DA:139,0
DA:152,0
DA:172,0
DA:173,0
DA:230,0
DA:231,0
DA:232,0
DA:234,0
LF:52
LH:0
BRDA:34,0,0,0
BRDA:34,0,1,0
BRDA:36,1,0,0
BRDA:36,1,1,0
BRDA:37,2,0,0
BRDA:37,2,1,0
BRDA:37,2,2,0
BRDA:38,3,0,0
BRDA:38,3,1,0
BRDA:39,4,0,0
BRDA:39,4,1,0
BRDA:39,4,2,0
BRDA:40,5,0,0
BRDA:40,5,1,0
BRDA:41,6,0,0
BRDA:41,6,1,0
BRDA:42,7,0,0
BRDA:42,7,1,0
BRDA:69,8,0,0
BRDA:69,8,1,0
BRDA:69,8,2,0
BRDA:69,8,3,0
BRDA:69,8,4,0
BRDA:111,9,0,0
BRDA:111,9,1,0
BRDA:127,10,0,0
BRDA:127,10,1,0
BRDA:138,11,0,0
BRDA:138,11,1,0
BRDA:202,12,0,0
BRDA:202,12,1,0
BRDA:207,13,0,0
BRDA:207,13,1,0
BRDA:219,14,0,0
BRDA:219,14,1,0
BRF:35
BRH:0
end_of_record
TN:
SF:src/features/blockchain/components/UserServicesStatus.tsx
FN:32,UserServicesStatus
FN:38,(anonymous_10)
FN:51,(anonymous_11)
FN:52,(anonymous_12)
FN:57,(anonymous_13)
FN:79,(anonymous_14)
FN:86,(anonymous_15)
FN:106,(anonymous_16)
FN:110,(anonymous_17)
FN:145,(anonymous_18)
FN:156,(anonymous_19)
FN:157,(anonymous_20)
FN:175,(anonymous_21)
FN:192,(anonymous_22)
FN:203,(anonymous_23)
FN:209,(anonymous_24)
FN:214,(anonymous_25)
FN:252,(anonymous_26)
FN:274,(anonymous_27)
FN:277,(anonymous_28)
FN:280,(anonymous_29)
FNF:21
FNH:0
FNDA:0,UserServicesStatus
FNDA:0,(anonymous_10)
FNDA:0,(anonymous_11)
FNDA:0,(anonymous_12)
FNDA:0,(anonymous_13)
FNDA:0,(anonymous_14)
FNDA:0,(anonymous_15)
FNDA:0,(anonymous_16)
FNDA:0,(anonymous_17)
FNDA:0,(anonymous_18)
FNDA:0,(anonymous_19)
FNDA:0,(anonymous_20)
FNDA:0,(anonymous_21)
FNDA:0,(anonymous_22)
FNDA:0,(anonymous_23)
FNDA:0,(anonymous_24)
FNDA:0,(anonymous_25)
FNDA:0,(anonymous_26)
FNDA:0,(anonymous_27)
FNDA:0,(anonymous_28)
FNDA:0,(anonymous_29)
DA:1,0
DA:2,0
DA:3,0
DA:10,0
DA:11,0
DA:14,0
DA:32,0
DA:33,0
DA:34,0
DA:35,0
DA:36,0
DA:38,0
DA:39,0
DA:40,0
DA:43,0
DA:44,0
DA:45,0
DA:48,0
DA:51,0
DA:52,0
DA:53,0
DA:57,0
DA:69,0
DA:71,0
DA:72,0
DA:73,0
DA:75,0
DA:79,0
DA:80,0
DA:81,0
DA:82,0
DA:83,0
DA:86,0
DA:87,0
DA:88,0
DA:90,0
DA:91,0
DA:92,0
DA:93,0
DA:95,0
DA:99,0
DA:101,0
DA:102,0
DA:106,0
DA:107,0
DA:110,0
DA:111,0
DA:113,0
DA:119,0
DA:125,0
DA:131,0
DA:139,0
DA:146,0
DA:157,0
DA:158,0
DA:159,0
DA:176,0
DA:193,0
DA:203,0
DA:210,0
DA:214,0
DA:222,0
DA:253,0
DA:274,0
DA:277,0
DA:280,0
LF:66
LH:0
BRDA:44,0,0,0
BRDA:44,0,1,0
BRDA:58,1,0,0
BRDA:58,1,1,0
BRDA:60,2,0,0
BRDA:60,2,1,0
BRDA:62,3,0,0
BRDA:62,3,1,0
BRDA:63,4,0,0
BRDA:63,4,1,0
BRDA:64,5,0,0
BRDA:64,5,1,0
BRDA:90,6,0,0
BRDA:90,6,1,0
BRDA:92,7,0,0
BRDA:92,7,1,0
BRDA:111,8,0,0
BRDA:111,8,1,0
BRDA:111,8,2,0
BRDA:111,8,3,0
BRDA:158,9,0,0
BRDA:158,9,1,0
BRDA:242,10,0,0
BRDA:242,10,1,0
BRDA:267,11,0,0
BRDA:267,11,1,0
BRF:26
BRH:0
end_of_record
TN:
SF:src/features/blockchain/services/blockchainService.ts
FN:78,(anonymous_0)
FN:95,(anonymous_1)
FN:103,(anonymous_2)
FN:112,(anonymous_3)
FN:120,(anonymous_4)
FN:128,(anonymous_5)
FN:136,(anonymous_6)
FN:144,(anonymous_7)
FN:152,(anonymous_8)
FN:160,(anonymous_9)
FN:168,(anonymous_10)
FN:176,(anonymous_11)
FN:184,(anonymous_12)
FN:192,(anonymous_13)
FN:202,(anonymous_14)
FN:210,(anonymous_15)
FN:218,(anonymous_16)
FN:226,(anonymous_17)
FN:235,(anonymous_18)
FN:243,(anonymous_19)
FN:251,(anonymous_20)
FN:259,(anonymous_21)
FNF:22
FNH:5
FNDA:1,(anonymous_0)
FNDA:1,(anonymous_1)
FNDA:0,(anonymous_2)
FNDA:0,(anonymous_3)
FNDA:0,(anonymous_4)
FNDA:0,(anonymous_5)
FNDA:0,(anonymous_6)
FNDA:0,(anonymous_7)
FNDA:0,(anonymous_8)
FNDA:0,(anonymous_9)
FNDA:1,(anonymous_10)
FNDA:0,(anonymous_11)
FNDA:0,(anonymous_12)
FNDA:0,(anonymous_13)
FNDA:0,(anonymous_14)
FNDA:1,(anonymous_15)
FNDA:0,(anonymous_16)
FNDA:0,(anonymous_17)
FNDA:1,(anonymous_18)
FNDA:0,(anonymous_19)
FNDA:0,(anonymous_20)
FNDA:0,(anonymous_21)
DA:1,1
DA:74,1
DA:75,1
DA:87,1
DA:91,1
DA:96,1
DA:99,1
DA:104,0
DA:107,0
DA:113,0
DA:116,0
DA:121,0
DA:124,0
DA:129,0
DA:132,0
DA:137,0
DA:140,0
DA:145,0
DA:148,0
DA:153,0
DA:156,0
DA:161,0
DA:164,0
DA:169,1
DA:172,1
DA:177,0
DA:180,0
DA:185,0
DA:188,0
DA:193,0
DA:196,0
DA:203,0
DA:206,0
DA:211,1
DA:214,1
DA:219,0
DA:222,0
DA:227,0
DA:231,0
DA:236,1
DA:239,1
DA:244,0
DA:247,0
DA:252,0
DA:255,0
DA:260,0
DA:263,0
LF:47
LH:13
BRF:0
BRH:0
end_of_record
TN:
SF:src/features/vehicles/index.ts
FN:2,(anonymous_5)
FN:3,(anonymous_6)
FN:4,(anonymous_7)
FNF:3
FNH:0
FNDA:0,(anonymous_5)
FNDA:0,(anonymous_6)
FNDA:0,(anonymous_7)
DA:2,0
DA:3,0
DA:4,0
DA:7,0
DA:8,0
DA:9,0
DA:12,0
DA:13,0
DA:14,0
DA:25,0
DA:26,0
DA:27,0
DA:28,0
DA:29,0
DA:32,0
DA:33,0
DA:34,0
LF:17
LH:0
BRF:0
BRH:0
end_of_record
TN:
SF:src/features/vehicles/components/BlockchainConfirmationModal.tsx
FN:35,(anonymous_9)
FN:48,(anonymous_10)
FN:50,(anonymous_11)
FN:51,(anonymous_12)
FN:60,(anonymous_13)
FN:64,(anonymous_14)
FN:70,(anonymous_15)
FN:98,(anonymous_16)
FN:133,(anonymous_17)
FN:138,(anonymous_18)
FN:312,(anonymous_19)
FNF:11
FNH:0
FNDA:0,(anonymous_9)
FNDA:0,(anonymous_10)
FNDA:0,(anonymous_11)
FNDA:0,(anonymous_12)
FNDA:0,(anonymous_13)
FNDA:0,(anonymous_14)
FNDA:0,(anonymous_15)
FNDA:0,(anonymous_16)
FNDA:0,(anonymous_17)
FNDA:0,(anonymous_18)
FNDA:0,(anonymous_19)
DA:1,0
DA:2,0
DA:16,0
DA:23,0
DA:26,0
DA:35,0
DA:41,0
DA:42,0
DA:43,0
DA:44,0
DA:45,0
DA:46,0
DA:48,0
DA:49,0
DA:50,0
DA:51,0
DA:52,0
DA:53,0
DA:54,0
DA:56,0
DA:60,0
DA:64,0
DA:65,0
DA:66,0
DA:67,0
DA:70,0
DA:71,0
DA:72,0
DA:74,0
DA:83,0
DA:84,0
DA:85,0
DA:86,0
DA:88,0
DA:91,0
DA:92,0
DA:94,0
DA:98,0
DA:99,0
DA:100,0
DA:101,0
DA:104,0
DA:105,0
DA:107,0
DA:109,0
DA:110,0
DA:111,0
DA:114,0
DA:121,0
DA:123,0
DA:126,0
DA:127,0
DA:129,0
DA:133,0
DA:134,0
DA:135,0
DA:139,0
DA:140,0
DA:141,0
DA:142,0
DA:143,0
DA:147,0
DA:148,0
DA:149,0
DA:150,0
DA:151,0
DA:155,0
DA:173,0
DA:312,0
DA:425,0
LF:70
LH:0
BRDA:49,0,0,0
BRDA:49,0,1,0
BRDA:49,1,0,0
BRDA:49,1,1,0
BRDA:52,2,0,0
BRDA:52,2,1,0
BRDA:83,3,0,0
BRDA:83,3,1,0
BRDA:88,4,0,0
BRDA:88,4,1,0
BRDA:99,5,0,0
BRDA:99,5,1,0
BRDA:109,6,0,0
BRDA:109,6,1,0
BRDA:116,7,0,0
BRDA:116,7,1,0
BRDA:123,8,0,0
BRDA:123,8,1,0
BRDA:134,9,0,0
BRDA:134,9,1,0
BRDA:192,10,0,0
BRDA:192,10,1,0
BRDA:233,11,0,0
BRDA:233,11,1,0
BRDA:233,11,2,0
BRDA:271,12,0,0
BRDA:271,12,1,0
BRDA:281,13,0,0
BRDA:281,13,1,0
BRDA:290,14,0,0
BRDA:290,14,1,0
BRDA:324,15,0,0
BRDA:324,15,1,0
BRDA:361,16,0,0
BRDA:361,16,1,0
BRDA:379,17,0,0
BRDA:379,17,1,0
BRDA:388,18,0,0
BRDA:388,18,1,0
BRF:39
BRH:0
end_of_record
TN:
SF:src/features/vehicles/components/ServiceModal.tsx
FN:96,(anonymous_9)
FN:115,(anonymous_10)
FN:129,(anonymous_11)
FN:152,(anonymous_12)
FN:171,(anonymous_13)
FN:194,(anonymous_14)
FN:204,(anonymous_15)
FN:239,(anonymous_16)
FN:259,(anonymous_17)
FN:275,(anonymous_18)
FN:291,(anonymous_19)
FN:305,(anonymous_20)
FN:315,(anonymous_21)
FN:318,(anonymous_22)
FN:333,(anonymous_23)
FN:379,(anonymous_24)
FN:380,(anonymous_25)
FN:384,(anonymous_26)
FN:625,(anonymous_27)
FN:628,(anonymous_28)
FN:632,(anonymous_29)
FN:633,(anonymous_30)
FN:692,(anonymous_31)
FN:716,(anonymous_32)
FN:772,(anonymous_33)
FN:777,(anonymous_34)
FN:891,(anonymous_35)
FN:956,(anonymous_36)
FN:957,(anonymous_37)
FN:1011,(anonymous_38)
FN:1016,(anonymous_39)
FN:1042,(anonymous_40)
FN:1047,(anonymous_41)
FN:1092,(anonymous_42)
FNF:34
FNH:0
FNDA:0,(anonymous_9)
FNDA:0,(anonymous_10)
FNDA:0,(anonymous_11)
FNDA:0,(anonymous_12)
FNDA:0,(anonymous_13)
FNDA:0,(anonymous_14)
FNDA:0,(anonymous_15)
FNDA:0,(anonymous_16)
FNDA:0,(anonymous_17)
FNDA:0,(anonymous_18)
FNDA:0,(anonymous_19)
FNDA:0,(anonymous_20)
FNDA:0,(anonymous_21)
FNDA:0,(anonymous_22)
FNDA:0,(anonymous_23)
FNDA:0,(anonymous_24)
FNDA:0,(anonymous_25)
FNDA:0,(anonymous_26)
FNDA:0,(anonymous_27)
FNDA:0,(anonymous_28)
FNDA:0,(anonymous_29)
FNDA:0,(anonymous_30)
FNDA:0,(anonymous_31)
FNDA:0,(anonymous_32)
FNDA:0,(anonymous_33)
FNDA:0,(anonymous_34)
FNDA:0,(anonymous_35)
FNDA:0,(anonymous_36)
FNDA:0,(anonymous_37)
FNDA:0,(anonymous_38)
FNDA:0,(anonymous_39)
FNDA:0,(anonymous_40)
FNDA:0,(anonymous_41)
FNDA:0,(anonymous_42)
DA:1,0
DA:2,0
DA:19,0
DA:36,0
DA:37,0
DA:38,0
DA:41,0
DA:81,0
DA:82,0
DA:83,0
DA:96,0
DA:104,0
DA:105,0
DA:106,0
DA:107,0
DA:108,0
DA:109,0
DA:110,0
DA:111,0
DA:112,0
DA:115,0
DA:116,0
DA:117,0
DA:118,0
DA:119,0
DA:120,0
DA:121,0
DA:122,0
DA:123,0
DA:125,0
DA:128,0
DA:129,0
DA:130,0
DA:131,0
DA:132,0
DA:137,0
DA:139,0
DA:140,0
DA:141,0
DA:145,0
DA:146,0
DA:152,0
DA:154,0
DA:155,0
DA:158,0
DA:161,0
DA:171,0
DA:172,0
DA:173,0
DA:176,0
DA:177,0
DA:179,0
DA:180,0
DA:184,0
DA:185,0
DA:187,0
DA:188,0
DA:191,0
DA:194,0
DA:195,0
DA:196,0
DA:199,0
DA:200,0
DA:204,0
DA:205,0
DA:206,0
DA:210,0
DA:214,0
DA:216,0
DA:217,0
DA:218,0
DA:220,0
DA:221,0
DA:222,0
DA:224,0
DA:225,0
DA:228,0
DA:229,0
DA:232,0
DA:233,0
DA:236,0
DA:239,0
DA:240,0
DA:241,0
DA:244,0
DA:245,0
DA:248,0
DA:249,0
DA:252,0
DA:253,0
DA:256,0
DA:259,0
DA:260,0
DA:261,0
DA:264,0
DA:265,0
DA:268,0
DA:269,0
DA:272,0
DA:275,0
DA:276,0
DA:277,0
DA:280,0
DA:281,0
DA:284,0
DA:285,0
DA:288,0
DA:291,0
DA:293,0
DA:294,0
DA:298,0
DA:299,0
DA:300,0
DA:304,0
DA:305,0
DA:307,0
DA:308,0
DA:311,0
DA:315,0
DA:316,0
DA:318,0
DA:321,0
DA:323,0
DA:325,0
DA:327,0
DA:328,0
DA:329,0
DA:333,0
DA:334,0
DA:336,0
DA:337,0
DA:338,0
DA:342,0
DA:344,0
DA:345,0
DA:346,0
DA:347,0
DA:350,0
DA:353,0
DA:369,0
DA:370,0
DA:373,0
DA:374,0
DA:379,0
DA:380,0
DA:381,0
DA:384,0
DA:385,0
DA:387,0
DA:388,0
DA:389,0
DA:392,0
DA:393,0
DA:394,0
DA:395,0
DA:396,0
DA:397,0
DA:398,0
DA:400,0
DA:401,0
DA:406,0
DA:411,0
DA:412,0
DA:415,0
DA:416,0
DA:417,0
DA:419,0
DA:425,0
DA:426,0
DA:427,0
DA:430,0
DA:432,0
DA:433,0
DA:438,0
DA:439,0
DA:440,0
DA:445,0
DA:447,0
DA:448,0
DA:454,0
DA:455,0
DA:458,0
DA:459,0
DA:466,0
DA:467,0
DA:468,0
DA:469,0
DA:470,0
DA:471,0
DA:472,0
DA:473,0
DA:475,0
DA:478,0
DA:482,0
DA:626,0
DA:628,0
DA:633,0
DA:634,0
DA:635,0
DA:636,0
DA:694,0
DA:695,0
DA:699,0
DA:717,0
DA:773,0
DA:775,0
DA:776,0
DA:777,0
DA:891,0
DA:956,0
DA:957,0
DA:1012,0
DA:1013,0
DA:1014,0
DA:1017,0
DA:1018,0
DA:1019,0
DA:1043,0
DA:1044,0
DA:1045,0
DA:1048,0
DA:1049,0
DA:1050,0
DA:1092,0
DA:1266,0
LF:225
LH:0
BRDA:101,0,0,0
BRDA:102,1,0,0
BRDA:116,2,0,0
BRDA:116,2,1,0
BRDA:128,3,0,0
BRDA:128,3,1,0
BRDA:130,4,0,0
BRDA:130,4,1,0
BRDA:137,5,0,0
BRDA:137,5,1,0
BRDA:145,6,0,0
BRDA:145,6,1,0
BRDA:154,7,0,0
BRDA:154,7,1,0
BRDA:172,8,0,0
BRDA:172,8,1,0
BRDA:179,9,0,0
BRDA:179,9,1,0
BRDA:187,10,0,0
BRDA:187,10,1,0
BRDA:195,11,0,0
BRDA:195,11,1,0
BRDA:195,12,0,0
BRDA:195,12,1,0
BRDA:199,13,0,0
BRDA:199,13,1,0
BRDA:204,14,0,0
BRDA:204,14,1,0
BRDA:205,15,0,0
BRDA:205,15,1,0
BRDA:205,16,0,0
BRDA:205,16,1,0
BRDA:210,17,0,0
BRDA:210,17,1,0
BRDA:214,18,0,0
BRDA:214,18,1,0
BRDA:218,19,0,0
BRDA:218,19,1,0
BRDA:222,20,0,0
BRDA:222,20,1,0
BRDA:232,21,0,0
BRDA:232,21,1,0
BRDA:240,22,0,0
BRDA:240,22,1,0
BRDA:240,23,0,0
BRDA:240,23,1,0
BRDA:244,24,0,0
BRDA:244,24,1,0
BRDA:248,25,0,0
BRDA:248,25,1,0
BRDA:252,26,0,0
BRDA:252,26,1,0
BRDA:260,27,0,0
BRDA:260,27,1,0
BRDA:260,28,0,0
BRDA:260,28,1,0
BRDA:264,29,0,0
BRDA:264,29,1,0
BRDA:268,30,0,0
BRDA:268,30,1,0
BRDA:276,31,0,0
BRDA:276,31,1,0
BRDA:276,32,0,0
BRDA:276,32,1,0
BRDA:280,33,0,0
BRDA:280,33,1,0
BRDA:284,34,0,0
BRDA:284,34,1,0
BRDA:293,35,0,0
BRDA:293,35,1,0
BRDA:293,36,0,0
BRDA:293,36,1,0
BRDA:299,37,0,0
BRDA:299,37,1,0
BRDA:304,38,0,0
BRDA:304,38,1,0
BRDA:307,39,0,0
BRDA:307,39,1,0
BRDA:336,40,0,0
BRDA:336,40,1,0
BRDA:344,41,0,0
BRDA:344,41,1,0
BRDA:345,42,0,0
BRDA:345,42,1,0
BRDA:381,43,0,0
BRDA:381,43,1,0
BRDA:385,44,0,0
BRDA:385,44,1,0
BRDA:393,45,0,0
BRDA:393,45,1,0
BRDA:408,46,0,0
BRDA:408,46,1,0
BRDA:425,47,0,0
BRDA:425,47,1,0
BRDA:425,48,0,0
BRDA:425,48,1,0
BRDA:466,49,0,0
BRDA:466,49,1,0
BRDA:468,50,0,0
BRDA:468,50,1,0
BRDA:470,51,0,0
BRDA:470,51,1,0
BRDA:472,52,0,0
BRDA:472,52,1,0
BRDA:608,53,0,0
BRDA:608,53,1,0
BRDA:608,53,2,0
BRDA:626,54,0,0
BRDA:626,54,1,0
BRDA:634,55,0,0
BRDA:634,55,1,0
BRDA:694,56,0,0
BRDA:694,56,1,0
BRDA:707,57,0,0
BRDA:707,57,1,0
BRDA:775,58,0,0
BRDA:775,58,1,0
BRDA:904,59,0,0
BRDA:904,59,1,0
BRDA:1149,60,0,0
BRDA:1149,60,1,0
BRDA:1203,61,0,0
BRDA:1203,61,1,0
BRDA:1243,62,0,0
BRDA:1243,62,1,0
BRF:125
BRH:0
end_of_record
TN:
SF:src/features/vehicles/components/VehicleModal.tsx
FN:35,(anonymous_10)
FN:44,(anonymous_11)
FN:50,(anonymous_12)
FN:60,(anonymous_13)
FN:73,(anonymous_14)
FN:99,(anonymous_15)
FN:110,(anonymous_16)
FN:125,(anonymous_17)
FN:129,(anonymous_18)
FN:133,(anonymous_19)
FN:149,(anonymous_20)
FN:169,(anonymous_21)
FN:180,(anonymous_22)
FN:184,(anonymous_23)
FN:235,(anonymous_24)
FN:310,(anonymous_25)
FN:321,(anonymous_26)
FN:324,(anonymous_27)
FN:345,(anonymous_28)
FN:348,(anonymous_29)
FN:611,(anonymous_30)
FNF:21
FNH:0
FNDA:0,(anonymous_10)
FNDA:0,(anonymous_11)
FNDA:0,(anonymous_12)
FNDA:0,(anonymous_13)
FNDA:0,(anonymous_14)
FNDA:0,(anonymous_15)
FNDA:0,(anonymous_16)
FNDA:0,(anonymous_17)
FNDA:0,(anonymous_18)
FNDA:0,(anonymous_19)
FNDA:0,(anonymous_20)
FNDA:0,(anonymous_21)
FNDA:0,(anonymous_22)
FNDA:0,(anonymous_23)
FNDA:0,(anonymous_24)
FNDA:0,(anonymous_25)
FNDA:0,(anonymous_26)
FNDA:0,(anonymous_27)
FNDA:0,(anonymous_28)
FNDA:0,(anonymous_29)
FNDA:0,(anonymous_30)
DA:1,0
DA:2,0
DA:10,0
DA:22,0
DA:23,0
DA:24,0
DA:25,0
DA:27,0
DA:35,0
DA:40,0
DA:41,0
DA:42,0
DA:44,0
DA:45,0
DA:46,0
DA:50,0
DA:51,0
DA:53,0
DA:55,0
DA:57,0
DA:60,0
DA:61,0
DA:62,0
DA:63,0
DA:64,0
DA:65,0
DA:66,0
DA:67,0
DA:68,0
DA:73,0
DA:75,0
DA:76,0
DA:95,0
DA:99,0
DA:100,0
DA:103,0
DA:106,0
DA:108,0
DA:109,0
DA:110,0
DA:111,0
DA:113,0
DA:115,0
DA:116,0
DA:119,0
DA:123,0
DA:125,0
DA:126,0
DA:129,0
DA:130,0
DA:133,0
DA:134,0
DA:135,0
DA:136,0
DA:138,0
DA:139,0
DA:142,0
DA:143,0
DA:145,0
DA:149,0
DA:150,0
DA:151,0
DA:153,0
DA:154,0
DA:157,0
DA:159,0
DA:169,0
DA:170,0
DA:181,0
DA:182,0
DA:185,0
DA:186,0
DA:235,0
DA:236,0
DA:253,0
DA:310,0
DA:322,0
DA:325,0
DA:346,0
DA:349,0
DA:611,0
DA:617,0
LF:82
LH:0
BRDA:45,0,0,0
BRDA:45,0,1,0
BRDA:45,1,0,0
BRDA:45,1,1,0
BRDA:51,2,0,0
BRDA:51,2,1,0
BRDA:61,3,0,0
BRDA:61,3,1,0
BRDA:61,3,2,0
BRDA:61,3,3,0
BRDA:61,3,4,0
BRDA:61,3,5,0
BRDA:61,3,6,0
BRDA:75,4,0,0
BRDA:75,4,1,0
BRDA:79,5,0,0
BRDA:79,5,1,0
BRDA:123,6,0,0
BRDA:123,6,1,0
BRDA:136,7,0,0
BRDA:136,7,1,0
BRDA:138,8,0,0
BRDA:138,8,1,0
BRDA:151,9,0,0
BRDA:151,9,1,0
BRDA:153,10,0,0
BRDA:153,10,1,0
BRDA:226,11,0,0
BRDA:226,11,1,0
BRDA:226,11,2,0
BRDA:246,12,0,0
BRDA:246,12,1,0
BRDA:412,13,0,0
BRDA:412,13,1,0
BRDA:417,14,0,0
BRDA:417,14,1,0
BRDA:423,15,0,0
BRDA:423,15,1,0
BRDA:465,16,0,0
BRDA:465,16,1,0
BRDA:525,17,0,0
BRDA:525,17,1,0
BRDA:526,18,0,0
BRDA:526,18,1,0
BRDA:527,19,0,0
BRDA:527,19,1,0
BRDA:528,20,0,0
BRDA:528,20,1,0
BRDA:529,21,0,0
BRDA:529,21,1,0
BRDA:530,22,0,0
BRDA:530,22,1,0
BRDA:531,23,0,0
BRDA:531,23,1,0
BRDA:532,24,0,0
BRDA:532,24,1,0
BRDA:533,25,0,0
BRDA:533,25,1,0
BRDA:534,26,0,0
BRDA:534,26,1,0
BRDA:535,27,0,0
BRDA:535,27,1,0
BRDA:536,28,0,0
BRDA:536,28,1,0
BRDA:537,29,0,0
BRDA:537,29,1,0
BRDA:538,30,0,0
BRDA:538,30,1,0
BRDA:581,31,0,0
BRDA:581,31,1,0
BRDA:581,31,2,0
BRF:71
BRH:0
end_of_record
TN:
SF:src/features/vehicles/components/VehicleShareModal.tsx
FN:33,(anonymous_10)
FN:43,(anonymous_11)
FN:49,(anonymous_12)
FN:75,(anonymous_13)
FN:80,(anonymous_14)
FN:87,(anonymous_15)
FN:98,(anonymous_16)
FN:257,(anonymous_17)
FNF:8
FNH:0
FNDA:0,(anonymous_10)
FNDA:0,(anonymous_11)
FNDA:0,(anonymous_12)
FNDA:0,(anonymous_13)
FNDA:0,(anonymous_14)
FNDA:0,(anonymous_15)
FNDA:0,(anonymous_16)
FNDA:0,(anonymous_17)
DA:1,0
DA:2,0
DA:12,0
DA:20,0
DA:21,0
DA:24,0
DA:25,0
DA:33,0
DA:38,0
DA:39,0
DA:40,0
DA:41,0
DA:43,0
DA:44,0
DA:45,0
DA:49,0
DA:50,0
DA:52,0
DA:53,0
DA:54,0
DA:55,0
DA:58,0
DA:66,0
DA:68,0
DA:69,0
DA:71,0
DA:75,0
DA:76,0
DA:77,0
DA:78,0
DA:79,0
DA:80,0
DA:82,0
DA:83,0
DA:87,0
DA:88,0
DA:90,0
DA:91,0
DA:92,0
DA:93,0
DA:94,0
DA:95,0
DA:98,0
DA:99,0
DA:100,0
DA:109,0
DA:111,0
DA:257,0
DA:314,0
LF:49
LH:0
BRDA:44,0,0,0
BRDA:44,0,1,0
BRDA:44,1,0,0
BRDA:44,1,1,0
BRDA:44,1,2,0
BRDA:50,2,0,0
BRDA:50,2,1,0
BRDA:88,3,0,0
BRDA:88,3,1,0
BRDA:91,4,0,0
BRDA:91,4,1,0
BRDA:109,5,0,0
BRDA:109,5,1,0
BRDA:215,6,0,0
BRDA:215,6,1,0
BRDA:222,7,0,0
BRDA:222,7,1,0
BRDA:256,8,0,0
BRDA:256,8,1,0
BRDA:259,9,0,0
BRDA:259,9,1,0
BRDA:260,10,0,0
BRDA:260,10,1,0
BRDA:263,11,0,0
BRDA:263,11,1,0
BRDA:280,12,0,0
BRDA:280,12,1,0
BRF:27
BRH:0
end_of_record
TN:
SF:src/features/vehicles/hooks/useMockVehicle.ts
FN:11,useMockVehicle
FNF:1
FNH:1
FNDA:7,useMockVehicle
DA:1,1
DA:2,1
DA:11,1
DA:12,7
DA:151,7
DA:172,7
DA:188,7
LF:7
LH:7
BRF:0
BRH:0
end_of_record
TN:
SF:src/features/vehicles/hooks/useVehicleDetails.tsx
FN:14,useVehicleDetails
FN:24,(anonymous_2)
FN:28,(anonymous_3)
FN:35,(anonymous_4)
FN:41,(anonymous_5)
FN:49,(anonymous_6)
FN:55,(anonymous_7)
FN:59,(anonymous_8)
FN:60,(anonymous_9)
FN:60,(anonymous_10)
FN:64,(anonymous_11)
FN:69,(anonymous_12)
FN:73,(anonymous_13)
FN:74,(anonymous_14)
FN:74,(anonymous_15)
FN:78,(anonymous_16)
FN:88,(anonymous_17)
FN:93,(anonymous_18)
FN:97,(anonymous_19)
FNF:19
FNH:0
FNDA:0,useVehicleDetails
FNDA:0,(anonymous_2)
FNDA:0,(anonymous_3)
FNDA:0,(anonymous_4)
FNDA:0,(anonymous_5)
FNDA:0,(anonymous_6)
FNDA:0,(anonymous_7)
FNDA:0,(anonymous_8)
FNDA:0,(anonymous_9)
FNDA:0,(anonymous_10)
FNDA:0,(anonymous_11)
FNDA:0,(anonymous_12)
FNDA:0,(anonymous_13)
FNDA:0,(anonymous_14)
FNDA:0,(anonymous_15)
FNDA:0,(anonymous_16)
FNDA:0,(anonymous_17)
FNDA:0,(anonymous_18)
FNDA:0,(anonymous_19)
DA:1,0
DA:2,0
DA:3,0
DA:14,0
DA:21,0
DA:24,0
DA:25,0
DA:28,0
DA:29,0
DA:36,0
DA:41,0
DA:42,0
DA:50,0
DA:55,0
DA:56,0
DA:59,0
DA:60,0
DA:61,0
DA:64,0
DA:65,0
DA:69,0
DA:70,0
DA:73,0
DA:74,0
DA:75,0
DA:78,0
DA:79,0
DA:88,0
DA:89,0
DA:90,0
DA:93,0
DA:94,0
DA:97,0
DA:98,0
DA:101,0
LF:35
LH:0
BRF:0
BRH:0
end_of_record
TN:
SF:src/features/vehicles/hooks/useVehicles.ts
FN:26,(anonymous_0)
FN:36,(anonymous_1)
FN:50,(anonymous_2)
FN:60,(anonymous_3)
FN:66,(anonymous_4)
FN:83,(anonymous_5)
FN:89,(anonymous_6)
FN:90,(anonymous_7)
FN:93,(anonymous_8)
FN:107,(anonymous_9)
FN:113,(anonymous_10)
FN:114,(anonymous_11)
FN:130,(anonymous_12)
FN:136,(anonymous_13)
FN:137,(anonymous_14)
FN:138,(anonymous_15)
FN:151,(anonymous_16)
FN:156,(anonymous_17)
FN:161,(anonymous_18)
FN:166,(anonymous_19)
FN:195,(anonymous_20)
FN:200,(anonymous_21)
FN:215,(anonymous_22)
FN:219,(anonymous_23)
FNF:24
FNH:9
FNDA:16,(anonymous_0)
FNDA:9,(anonymous_1)
FNDA:10,(anonymous_2)
FNDA:1,(anonymous_3)
FNDA:0,(anonymous_4)
FNDA:1,(anonymous_5)
FNDA:0,(anonymous_6)
FNDA:0,(anonymous_7)
FNDA:0,(anonymous_8)
FNDA:1,(anonymous_9)
FNDA:0,(anonymous_10)
FNDA:0,(anonymous_11)
FNDA:0,(anonymous_12)
FNDA:0,(anonymous_13)
FNDA:0,(anonymous_14)
FNDA:0,(anonymous_15)
FNDA:1,(anonymous_16)
FNDA:0,(anonymous_17)
FNDA:1,(anonymous_18)
FNDA:8,(anonymous_19)
FNDA:0,(anonymous_20)
FNDA:0,(anonymous_21)
FNDA:0,(anonymous_22)
FNDA:0,(anonymous_23)
DA:1,1
DA:2,1
DA:26,1
DA:27,16
DA:31,16
DA:32,16
DA:33,16
DA:36,16
DA:37,9
DA:38,9
DA:39,9
DA:40,9
DA:41,8
DA:43,1
DA:45,9
DA:50,16
DA:51,10
DA:52,10
DA:53,10
DA:55,0
DA:60,16
DA:61,1
DA:62,1
DA:63,1
DA:66,1
DA:72,1
DA:74,1
DA:76,0
DA:77,0
DA:78,0
DA:83,16
DA:84,1
DA:85,1
DA:86,1
DA:89,1
DA:91,0
DA:94,0
DA:98,1
DA:100,0
DA:101,0
DA:102,0
DA:107,16
DA:108,1
DA:109,1
DA:110,1
DA:113,1
DA:114,0
DA:119,1
DA:121,1
DA:123,0
DA:124,0
DA:125,0
DA:130,16
DA:131,0
DA:132,0
DA:133,0
DA:136,0
DA:137,0
DA:138,0
DA:142,0
DA:144,0
DA:145,0
DA:146,0
DA:151,16
DA:152,1
DA:156,16
DA:157,0
DA:161,16
DA:162,1
DA:166,16
DA:167,8
DA:168,8
DA:171,16
DA:195,1
DA:196,0
DA:197,0
DA:198,0
DA:200,0
DA:201,0
DA:203,0
DA:204,0
DA:205,0
DA:206,0
DA:207,0
DA:209,0
DA:211,0
DA:215,0
DA:216,0
DA:219,0
DA:220,0
DA:223,0
LF:91
LH:50
BRDA:43,0,0,1
BRDA:43,0,1,1
BRDA:76,1,0,0
BRDA:76,1,1,0
BRDA:91,2,0,0
BRDA:91,2,1,0
BRDA:94,3,0,0
BRDA:94,3,1,0
BRDA:100,4,0,0
BRDA:100,4,1,0
BRDA:123,5,0,0
BRDA:123,5,1,0
BRDA:144,6,0,0
BRDA:144,6,1,0
BRDA:201,7,0,0
BRDA:201,7,1,0
BRDA:209,8,0,0
BRDA:209,8,1,0
BRF:18
BRH:2
end_of_record
TN:
SF:src/features/vehicles/services/fipeService.ts
FN:10,(anonymous_1)
FN:15,(anonymous_2)
FN:27,(anonymous_3)
FN:33,(anonymous_4)
FN:43,(anonymous_5)
FN:50,(anonymous_6)
FN:60,(anonymous_7)
FN:80,(anonymous_8)
FN:88,(anonymous_9)
FN:96,(anonymous_10)
FN:130,(anonymous_11)
FN:141,(anonymous_12)
FNF:12
FNH:9
FNDA:4,(anonymous_1)
FNDA:3,(anonymous_2)
FNDA:2,(anonymous_3)
FNDA:3,(anonymous_4)
FNDA:1,(anonymous_5)
FNDA:4,(anonymous_6)
FNDA:0,(anonymous_7)
FNDA:2,(anonymous_8)
FNDA:1,(anonymous_9)
FNDA:3,(anonymous_10)
FNDA:0,(anonymous_11)
FNDA:0,(anonymous_12)
DA:1,1
DA:4,1
DA:5,1
DA:11,4
DA:12,4
DA:13,3
DA:15,3
DA:16,3
DA:19,1
DA:20,1
DA:28,2
DA:29,2
DA:33,3
DA:35,1
DA:36,1
DA:44,1
DA:45,1
DA:50,4
DA:52,0
DA:53,0
DA:65,0
DA:66,0
DA:70,0
DA:72,0
DA:73,0
DA:81,2
DA:82,2
DA:90,1
DA:97,3
DA:98,3
DA:99,3
DA:101,3
DA:102,2
DA:103,2
DA:104,2
DA:106,2
DA:107,1
DA:110,0
DA:114,2
DA:115,2
DA:120,2
DA:122,0
DA:123,0
DA:131,0
DA:132,0
DA:134,0
DA:142,0
DA:143,0
DA:144,0
DA:146,0
DA:147,0
LF:51
LH:33
BRDA:82,0,0,1
BRDA:82,0,1,1
BRDA:101,1,0,2
BRDA:101,1,1,1
BRDA:106,2,0,1
BRDA:106,2,1,1
BRF:6
BRH:6
end_of_record
TN:
SF:src/features/vehicles/services/vehicleService.ts
FN:17,(anonymous_0)
FN:21,(anonymous_1)
FN:46,(anonymous_2)
FN:54,(anonymous_3)
FN:62,(anonymous_4)
FN:66,(anonymous_5)
FN:91,(anonymous_6)
FN:99,(anonymous_7)
FN:107,(anonymous_8)
FN:114,(anonymous_9)
FN:125,(anonymous_10)
FN:133,(anonymous_11)
FN:146,(anonymous_12)
FN:159,(anonymous_13)
FN:166,(anonymous_14)
FN:174,(anonymous_15)
FN:181,(anonymous_16)
FN:188,(anonymous_17)
FN:195,(anonymous_18)
FNF:19
FNH:8
FNDA:2,(anonymous_0)
FNDA:15,(anonymous_1)
FNDA:1,(anonymous_2)
FNDA:1,(anonymous_3)
FNDA:1,(anonymous_4)
FNDA:2,(anonymous_5)
FNDA:2,(anonymous_6)
FNDA:1,(anonymous_7)
FNDA:0,(anonymous_8)
FNDA:0,(anonymous_9)
FNDA:0,(anonymous_10)
FNDA:0,(anonymous_11)
FNDA:0,(anonymous_12)
FNDA:0,(anonymous_13)
FNDA:0,(anonymous_14)
FNDA:0,(anonymous_15)
FNDA:0,(anonymous_16)
FNDA:0,(anonymous_17)
FNDA:0,(anonymous_18)
DA:1,2
DA:11,2
DA:12,2
DA:18,2
DA:21,2
DA:22,15
DA:23,14
DA:24,14
DA:25,14
DA:31,2
DA:32,1
DA:35,2
DA:40,2
DA:47,1
DA:48,1
DA:55,1
DA:56,1
DA:63,1
DA:66,1
DA:67,2
DA:68,2
DA:69,2
DA:70,2
DA:76,1
DA:77,0
DA:80,1
DA:85,1
DA:92,2
DA:93,2
DA:100,1
DA:101,1
DA:108,0
DA:115,0
DA:116,0
DA:117,0
DA:119,0
DA:126,0
DA:127,0
DA:134,0
DA:136,0
DA:137,0
DA:140,0
DA:147,0
DA:149,0
DA:150,0
DA:153,0
DA:160,0
DA:167,0
DA:168,0
DA:175,0
DA:182,0
DA:189,0
DA:196,0
LF:53
LH:30
BRDA:22,0,0,14
BRDA:22,0,1,1
BRDA:22,1,0,15
BRDA:22,1,1,14
BRDA:24,2,0,14
BRDA:24,2,1,0
BRDA:31,3,0,1
BRDA:31,3,1,1
BRDA:67,4,0,2
BRDA:67,4,1,0
BRDA:67,5,0,2
BRDA:67,5,1,2
BRDA:69,6,0,2
BRDA:69,6,1,0
BRDA:76,7,0,0
BRDA:76,7,1,1
BRDA:92,8,0,2
BRDA:92,8,1,1
BRDA:119,9,0,0
BRDA:119,9,1,0
BRDA:136,10,0,0
BRDA:136,10,1,0
BRDA:149,11,0,0
BRDA:149,11,1,0
BRF:24
BRH:14
end_of_record
TN:
SF:src/features/vehicles/services/vehicleServiceService.ts
FN:41,(anonymous_0)
FN:52,(anonymous_1)
FN:65,(anonymous_2)
FN:75,(anonymous_3)
FN:79,(anonymous_4)
FN:117,(anonymous_5)
FN:121,(anonymous_6)
FN:159,(anonymous_7)
FN:167,(anonymous_8)
FN:175,(anonymous_9)
FN:182,(anonymous_10)
FN:197,(anonymous_11)
FN:205,(anonymous_12)
FN:213,(anonymous_13)
FN:226,(anonymous_14)
FN:234,(anonymous_15)
FN:242,(anonymous_16)
FN:248,(anonymous_17)
FNF:18
FNH:5
FNDA:1,(anonymous_0)
FNDA:5,(anonymous_1)
FNDA:5,(anonymous_2)
FNDA:3,(anonymous_3)
FNDA:5,(anonymous_4)
FNDA:0,(anonymous_5)
FNDA:0,(anonymous_6)
FNDA:0,(anonymous_7)
FNDA:0,(anonymous_8)
FNDA:0,(anonymous_9)
FNDA:0,(anonymous_10)
FNDA:0,(anonymous_11)
FNDA:0,(anonymous_12)
FNDA:0,(anonymous_13)
FNDA:0,(anonymous_14)
FNDA:0,(anonymous_15)
FNDA:0,(anonymous_16)
FNDA:0,(anonymous_17)
DA:1,1
DA:35,1
DA:36,1
DA:42,1
DA:43,1
DA:53,5
DA:59,5
DA:66,5
DA:72,5
DA:76,3
DA:79,5
DA:118,0
DA:121,0
DA:160,0
DA:161,0
DA:168,0
DA:169,0
DA:176,0
DA:187,0
DA:191,0
DA:198,0
DA:199,0
DA:206,0
DA:207,0
DA:214,0
DA:220,0
DA:227,0
DA:228,0
DA:235,0
DA:236,0
DA:243,0
DA:244,0
DA:247,0
DA:248,0
DA:249,0
DA:252,0
DA:253,0
DA:263,0
DA:265,0
DA:266,0
LF:40
LH:11
BRDA:59,0,0,5
BRDA:59,0,1,1
BRDA:72,1,0,5
BRDA:72,1,1,1
BRDA:89,2,0,5
BRDA:89,2,1,4
BRDA:92,3,0,1
BRDA:92,3,1,4
BRDA:99,4,0,0
BRDA:99,4,1,5
BRDA:99,5,0,5
BRDA:99,5,1,3
BRDA:110,6,0,0
BRDA:110,6,1,5
BRDA:131,7,0,0
BRDA:131,7,1,0
BRDA:134,8,0,0
BRDA:134,8,1,0
BRDA:141,9,0,0
BRDA:141,9,1,0
BRDA:141,10,0,0
BRDA:141,10,1,0
BRDA:152,11,0,0
BRDA:152,11,1,0
BRDA:243,12,0,0
BRDA:243,12,1,0
BRDA:243,13,0,0
BRDA:243,13,1,0
BRF:28
BRH:12
end_of_record
TN:
SF:src/features/vehicles/services/vehicleShareService.ts
FN:55,(anonymous_0)
FN:66,(anonymous_1)
FN:74,(anonymous_2)
FN:81,(anonymous_3)
FNF:4
FNH:4
FNDA:2,(anonymous_0)
FNDA:1,(anonymous_1)
FNDA:1,(anonymous_2)
FNDA:1,(anonymous_3)
DA:1,1
DA:49,1
DA:50,1
DA:56,2
DA:57,2
DA:60,2
DA:67,1
DA:68,1
DA:75,1
DA:82,1
DA:83,1
LF:11
LH:11
BRDA:56,0,0,1
BRDA:56,0,1,1
BRF:2
BRH:2
end_of_record
TN:
SF:src/features/vehicles/types/vehicle.types.ts
FN:1,(anonymous_0)
FN:6,(anonymous_1)
FNF:2
FNH:2
FNDA:4,(anonymous_0)
FNDA:4,(anonymous_1)
DA:1,4
DA:2,4
DA:3,4
DA:6,4
DA:7,4
DA:8,4
DA:9,4
DA:10,4
DA:11,4
DA:12,4
LF:10
LH:10
BRDA:1,0,0,4
BRDA:1,0,1,4
BRDA:6,1,0,4
BRDA:6,1,1,4
BRF:4
BRH:4
end_of_record
TN:
SF:src/features/vehicles/utils/chartConfigs.ts
FN:4,(anonymous_0)
FN:6,(anonymous_1)
FN:33,(anonymous_2)
FN:89,(anonymous_3)
FNF:4
FNH:4
FNDA:2,(anonymous_0)
FNDA:3,(anonymous_1)
FNDA:2,(anonymous_2)
FNDA:2,(anonymous_3)
DA:4,1
DA:5,2
DA:6,3
DA:33,1
DA:35,2
DA:50,2
DA:89,1
DA:91,2
DA:106,2
LF:9
LH:9
BRF:0
BRH:0
end_of_record
TN:
SF:src/features/vehicles/utils/constants.ts
FNF:0
FNH:0
DA:1,1
DA:11,1
LF:2
LH:2
BRF:0
BRH:0
end_of_record
TN:
SF:src/features/vehicles/utils/helpers.ts
FN:3,getVehicleEventTypeLabel
FN:22,getChainStatusConfig
FN:85,isValidFileType
FN:96,formatFileSize
FN:123,(anonymous_4)
FN:127,(anonymous_5)
FNF:6
FNH:6
FNDA:9,getVehicleEventTypeLabel
FNDA:4,getChainStatusConfig
FNDA:5,isValidFileType
FNDA:6,formatFileSize
FNDA:5,(anonymous_4)
FNDA:7,(anonymous_5)
DA:1,2
DA:3,2
DA:4,9
DA:13,9
DA:22,2
DA:23,4
DA:51,4
DA:52,4
DA:59,0
DA:66,2
DA:76,2
DA:85,2
DA:86,5
DA:93,5
DA:96,2
DA:97,6
DA:99,5
DA:100,5
DA:101,5
DA:103,5
DA:106,2
DA:116,2
DA:123,2
DA:124,5
DA:127,2
DA:128,7
DA:129,7
LF:27
LH:26
BRDA:13,0,0,9
BRDA:13,0,1,3
BRDA:51,1,0,4
BRDA:51,1,1,0
BRDA:51,2,0,4
BRDA:51,2,1,1
BRDA:59,3,0,0
BRDA:59,3,1,0
BRDA:97,4,0,1
BRDA:97,4,1,5
BRF:10
BRH:7
end_of_record
TN:
SF:src/features/vehicles/utils/menuUtils.tsx
FN:4,createMenuItems
FNF:1
FNH:1
FNDA:3,createMenuItems
DA:1,1
DA:4,1
DA:9,3
LF:3
LH:3
BRF:0
BRH:0
end_of_record
TN:
SF:src/features/vehicles/utils/tableColumns.tsx
FN:19,createEventColumns
FN:28,(anonymous_1)
FN:34,(anonymous_2)
FN:41,(anonymous_3)
FN:48,(anonymous_4)
FN:54,(anonymous_5)
FN:66,(anonymous_6)
FN:72,(anonymous_7)
FN:80,(anonymous_8)
FN:99,createDocumentColumns
FN:107,(anonymous_10)
FN:118,(anonymous_11)
FN:124,(anonymous_12)
FN:130,(anonymous_13)
FN:139,(anonymous_14)
FN:146,(anonymous_15)
FNF:16
FNH:7
FNDA:4,createEventColumns
FNDA:1,(anonymous_1)
FNDA:0,(anonymous_2)
FNDA:0,(anonymous_3)
FNDA:1,(anonymous_4)
FNDA:0,(anonymous_5)
FNDA:1,(anonymous_6)
FNDA:0,(anonymous_7)
FNDA:0,(anonymous_8)
FNDA:3,createDocumentColumns
FNDA:0,(anonymous_10)
FNDA:1,(anonymous_11)
FNDA:1,(anonymous_12)
FNDA:0,(anonymous_13)
FNDA:0,(anonymous_14)
FNDA:0,(anonymous_15)
DA:1,1
DA:2,1
DA:14,1
DA:15,1
DA:17,1
DA:19,1
DA:23,4
DA:28,1
DA:34,0
DA:41,0
DA:48,1
DA:55,0
DA:56,0
DA:57,0
DA:59,0
DA:60,0
DA:67,1
DA:72,0
DA:99,1
DA:102,3
DA:108,0
DA:118,1
DA:124,1
DA:131,0
DA:140,0
DA:146,0
LF:26
LH:14
BRDA:48,0,0,1
BRDA:48,0,1,0
BRDA:56,1,0,0
BRDA:56,1,1,0
BRDA:56,2,0,0
BRDA:56,2,1,0
BRDA:109,3,0,0
BRDA:109,3,1,0
BRF:8
BRH:1
end_of_record
TN:
SF:src/features/vehicles/utils/vehicleStats.ts
FN:16,calculateVehicleStats
FN:41,(anonymous_1)
FNF:2
FNH:2
FNDA:8,calculateVehicleStats
FNDA:19,(anonymous_1)
DA:1,1
DA:16,1
DA:17,8
DA:18,1
DA:29,7
DA:41,7
DA:42,19
DA:45,19
DA:48,19
DA:51,19
DA:54,19
DA:57,19
DA:60,19
DA:61,19
DA:66,7
DA:68,7
LF:16
LH:16
BRDA:17,0,0,1
BRDA:17,0,1,7
BRDA:42,1,0,19
BRDA:42,1,1,0
BRDA:45,2,0,19
BRDA:45,2,1,13
BRDA:48,3,0,19
BRDA:48,3,1,19
BRDA:51,4,0,19
BRDA:51,4,1,13
BRDA:54,5,0,19
BRDA:54,5,1,19
BRDA:60,6,0,19
BRDA:60,6,1,0
BRDA:60,7,0,19
BRDA:60,7,1,12
BRF:16
BRH:14
end_of_record
TN:
SF:src/pages/Auth/CallbackPage.tsx
FN:7,CallbackPage
FN:14,(anonymous_11)
FN:15,(anonymous_12)
FN:44,(anonymous_13)
FN:120,(anonymous_14)
FNF:5
FNH:0
FNDA:0,CallbackPage
FNDA:0,(anonymous_11)
FNDA:0,(anonymous_12)
FNDA:0,(anonymous_13)
FNDA:0,(anonymous_14)
DA:1,0
DA:2,0
DA:3,0
DA:4,0
DA:5,0
DA:7,0
DA:8,0
DA:9,0
DA:10,0
DA:11,0
DA:12,0
DA:14,0
DA:15,0
DA:16,0
DA:17,0
DA:18,0
DA:19,0
DA:21,0
DA:28,0
DA:29,0
DA:32,0
DA:33,0
DA:37,0
DA:38,0
DA:41,0
DA:44,0
DA:45,0
DA:48,0
DA:55,0
DA:58,0
DA:59,0
DA:64,0
DA:66,0
DA:70,0
DA:71,0
DA:73,0
DA:74,0
DA:78,0
DA:80,0
DA:83,0
DA:87,0
DA:90,0
DA:91,0
DA:107,0
DA:108,0
DA:120,0
DA:140,0
LF:47
LH:0
BRDA:22,0,0,0
BRDA:22,0,1,0
BRDA:23,1,0,0
BRDA:23,1,1,0
BRDA:28,2,0,0
BRDA:28,2,1,0
BRDA:32,3,0,0
BRDA:32,3,1,0
BRDA:32,4,0,0
BRDA:32,4,1,0
BRDA:58,5,0,0
BRDA:58,5,1,0
BRDA:71,6,0,0
BRDA:71,6,1,0
BRDA:73,7,0,0
BRDA:73,7,1,0
BRDA:76,8,0,0
BRDA:76,8,1,0
BRDA:90,9,0,0
BRDA:90,9,1,0
BRDA:107,10,0,0
BRDA:107,10,1,0
BRF:22
BRH:0
end_of_record
TN:
SF:src/pages/Auth/LoginPage.tsx
FN:11,LoginPage
FN:17,(anonymous_11)
FN:19,(anonymous_12)
FN:33,(anonymous_13)
FN:38,(anonymous_14)
FN:62,(anonymous_15)
FN:75,(anonymous_16)
FN:92,(anonymous_17)
FNF:8
FNH:8
FNDA:21,LoginPage
FNDA:12,(anonymous_11)
FNDA:3,(anonymous_12)
FNDA:12,(anonymous_13)
FNDA:4,(anonymous_14)
FNDA:2,(anonymous_15)
FNDA:2,(anonymous_16)
FNDA:2,(anonymous_17)
DA:1,1
DA:2,1
DA:3,1
DA:4,1
DA:5,1
DA:6,1
DA:7,1
DA:9,1
DA:11,1
DA:12,21
DA:13,21
DA:14,21
DA:15,21
DA:17,21
DA:19,12
DA:20,3
DA:22,2
DA:23,1
DA:24,1
DA:25,1
DA:26,1
DA:27,1
DA:31,12
DA:33,12
DA:34,12
DA:38,21
DA:39,4
DA:40,4
DA:42,4
DA:43,4
DA:48,1
DA:50,3
DA:51,1
DA:52,2
DA:53,1
DA:55,1
DA:58,4
DA:62,21
DA:63,2
DA:64,2
DA:66,2
DA:67,2
DA:71,2
DA:72,2
DA:75,4
DA:76,2
DA:78,2
DA:79,2
DA:81,0
DA:84,0
DA:85,0
DA:86,0
DA:88,2
DA:92,21
DA:93,2
DA:94,2
DA:95,2
DA:98,21
LF:58
LH:54
BRDA:20,0,0,1
BRDA:20,0,1,2
BRDA:22,1,0,1
BRDA:22,1,1,1
BRDA:25,2,0,1
BRDA:25,2,1,0
BRDA:50,3,0,1
BRDA:50,3,1,2
BRDA:52,4,0,1
BRDA:52,4,1,1
BRDA:71,5,0,2
BRDA:71,5,1,0
BRDA:71,6,0,2
BRDA:71,6,1,2
BRDA:85,7,0,0
BRDA:85,7,1,0
BRDA:85,7,2,0
BRDA:94,8,0,2
BRDA:94,8,1,0
BRDA:109,9,0,21
BRDA:109,9,1,5
BRF:21
BRH:15
end_of_record
TN:
SF:src/pages/Auth/RegisterPage.tsx
FN:17,RegisterPage
FN:27,(anonymous_2)
FN:43,(anonymous_3)
FN:53,(anonymous_4)
FN:88,(anonymous_5)
FN:105,(anonymous_6)
FN:120,(anonymous_7)
FN:184,(anonymous_8)
FN:185,(anonymous_9)
FN:207,(anonymous_10)
FN:231,(anonymous_11)
FN:290,(anonymous_12)
FNF:12
FNH:10
FNDA:19,RegisterPage
FNDA:7,(anonymous_2)
FNDA:1,(anonymous_3)
FNDA:2,(anonymous_4)
FNDA:0,(anonymous_5)
FNDA:0,(anonymous_6)
FNDA:19,(anonymous_7)
FNDA:5,(anonymous_8)
FNDA:5,(anonymous_9)
FNDA:4,(anonymous_10)
FNDA:19,(anonymous_11)
FNDA:38,(anonymous_12)
DA:1,1
DA:2,1
DA:3,1
DA:8,1
DA:9,1
DA:10,1
DA:11,1
DA:12,1
DA:14,1
DA:15,1
DA:17,1
DA:18,19
DA:19,19
DA:20,19
DA:21,19
DA:22,19
DA:23,19
DA:24,19
DA:27,19
DA:28,7
DA:29,7
DA:31,7
DA:33,6
DA:35,6
DA:36,6
DA:37,6
DA:39,1
DA:43,19
DA:44,1
DA:45,1
DA:47,1
DA:48,1
DA:50,1
DA:53,19
DA:54,2
DA:56,2
DA:57,2
DA:59,2
DA:60,2
DA:67,2
DA:68,1
DA:70,1
DA:72,1
DA:74,1
DA:75,1
DA:76,0
DA:77,0
DA:78,0
DA:79,0
DA:82,1
DA:84,2
DA:88,19
DA:89,0
DA:90,0
DA:92,0
DA:93,0
DA:97,0
DA:99,0
DA:101,0
DA:105,19
DA:106,0
DA:109,19
DA:120,19
DA:121,19
DA:123,11
DA:157,8
DA:184,5
DA:186,5
DA:187,4
DA:189,1
DA:208,4
DA:227,0
DA:231,19
DA:232,19
DA:233,11
DA:246,8
DA:247,8
DA:272,19
DA:291,38
LF:79
LH:66
BRDA:74,0,0,1
BRDA:74,0,1,0
BRDA:74,1,0,1
BRDA:74,1,1,1
BRDA:76,2,0,0
BRDA:76,2,1,0
BRDA:78,3,0,0
BRDA:78,3,1,0
BRDA:121,4,0,11
BRDA:121,4,1,8
BRDA:121,4,2,0
BRDA:186,5,0,4
BRDA:186,5,1,1
BRDA:186,6,0,5
BRDA:186,6,1,5
BRDA:208,7,0,4
BRDA:208,7,1,0
BRDA:232,8,0,11
BRDA:232,8,1,8
BRDA:246,9,0,8
BRDA:246,9,1,0
BRDA:299,10,0,19
BRDA:299,10,1,1
BRDA:328,11,0,19
BRDA:328,11,1,11
BRF:25
BRH:17
end_of_record
TN:
SF:src/pages/Auth/index.ts
FN:1,(anonymous_1)
FN:2,(anonymous_2)
FNF:2
FNH:0
FNDA:0,(anonymous_1)
FNDA:0,(anonymous_2)
DA:1,0
DA:2,0
LF:2
LH:0
BRF:0
BRH:0
end_of_record
TN:
SF:src/pages/Blockchain/BlockchainPage.tsx
FN:22,BlockchainPage
FN:50,(anonymous_2)
FN:58,(anonymous_3)
FN:59,(anonymous_4)
FN:73,(anonymous_5)
FN:74,(anonymous_6)
FN:75,(anonymous_7)
FN:78,(anonymous_8)
FN:103,(anonymous_9)
FN:186,(anonymous_10)
FN:190,(anonymous_11)
FNF:11
FNH:3
FNDA:1,BlockchainPage
FNDA:1,(anonymous_2)
FNDA:0,(anonymous_3)
FNDA:0,(anonymous_4)
FNDA:0,(anonymous_5)
FNDA:0,(anonymous_6)
FNDA:0,(anonymous_7)
FNDA:0,(anonymous_8)
FNDA:0,(anonymous_9)
FNDA:1,(anonymous_10)
FNDA:0,(anonymous_11)
DA:1,1
DA:2,1
DA:3,1
DA:12,1
DA:13,1
DA:14,1
DA:15,1
DA:16,1
DA:17,1
DA:18,1
DA:20,1
DA:22,1
DA:23,1
DA:24,1
DA:35,1
DA:42,1
DA:48,1
DA:50,1
DA:51,1
DA:52,1
DA:55,1
DA:56,1
DA:58,0
DA:59,0
DA:63,1
DA:71,1
DA:72,1
DA:73,1
DA:74,1
DA:75,1
DA:76,1
DA:78,1
DA:79,0
DA:82,1
DA:83,1
DA:85,1
DA:91,1
DA:92,0
DA:94,0
DA:95,0
DA:99,1
DA:103,1
DA:104,1
DA:106,1
DA:109,0
DA:112,1
DA:124,0
DA:126,0
DA:134,0
DA:145,0
DA:151,0
DA:154,0
DA:155,0
DA:158,0
DA:169,0
DA:176,0
DA:182,1
DA:186,1
DA:187,1
DA:190,1
DA:191,0
DA:192,0
DA:193,0
DA:196,0
DA:199,0
DA:200,0
DA:202,0
DA:203,0
DA:207,0
DA:208,0
DA:210,0
DA:211,0
DA:215,0
DA:216,0
DA:218,0
DA:219,0
DA:221,0
DA:231,1
DA:234,1
LF:79
LH:45
BRDA:71,0,0,1
BRDA:71,0,1,0
BRDA:74,1,0,0
BRDA:74,1,1,0
BRDA:76,2,0,1
BRDA:76,2,1,1
BRDA:79,3,0,0
BRDA:79,3,1,0
BRDA:79,3,2,0
BRDA:82,4,0,0
BRDA:82,4,1,1
BRDA:83,5,0,1
BRDA:83,5,1,0
BRDA:91,6,0,0
BRDA:91,6,1,1
BRDA:91,7,0,1
BRDA:91,7,1,0
BRDA:94,8,0,0
BRDA:94,8,1,0
BRDA:99,9,0,0
BRDA:99,9,1,1
BRDA:106,10,0,0
BRDA:106,10,1,1
BRDA:118,11,0,0
BRDA:118,11,1,1
BRDA:202,12,0,0
BRDA:202,12,1,0
BRDA:210,13,0,0
BRDA:210,13,1,0
BRDA:251,14,0,1
BRDA:251,14,1,0
BRDA:253,15,0,1
BRDA:253,15,1,0
BRDA:258,16,0,1
BRDA:258,16,1,0
BRF:35
BRH:13
end_of_record
TN:
SF:src/pages/Blockchain/index.ts
FN:1,(anonymous_1)
FNF:1
FNH:0
FNDA:0,(anonymous_1)
DA:1,0
LF:1
LH:0
BRF:0
BRH:0
end_of_record
TN:
SF:src/pages/Home/HomePage.tsx
FN:17,HomePage
FN:105,(anonymous_2)
FN:133,(anonymous_3)
FN:161,(anonymous_4)
FN:189,(anonymous_5)
FNF:5
FNH:5
FNDA:5,HomePage
FNDA:15,(anonymous_2)
FNDA:15,(anonymous_3)
FNDA:15,(anonymous_4)
FNDA:15,(anonymous_5)
DA:1,1
DA:2,1
DA:3,1
DA:4,1
DA:13,1
DA:15,1
DA:17,1
DA:18,5
DA:106,15
DA:134,15
DA:162,15
DA:190,15
LF:12
LH:12
BRF:0
BRH:0
end_of_record
TN:
SF:src/pages/Home/index.ts
FN:1,(anonymous_1)
FNF:1
FNH:0
FNDA:0,(anonymous_1)
DA:1,0
LF:1
LH:0
BRF:0
BRH:0
end_of_record
TN:
SF:src/pages/Maintenance/MaintenancePage.tsx
FN:40,MaintenancePage
FN:56,(anonymous_11)
FN:67,(anonymous_12)
FN:72,(anonymous_13)
FN:83,(anonymous_14)
FN:87,(anonymous_15)
FN:123,(anonymous_16)
FN:128,(anonymous_17)
FN:133,(anonymous_18)
FN:138,(anonymous_19)
FN:143,(anonymous_20)
FN:144,(anonymous_21)
FN:151,(anonymous_22)
FN:175,(anonymous_23)
FN:176,(anonymous_24)
FN:182,(anonymous_25)
FN:183,(anonymous_26)
FN:190,(anonymous_27)
FN:191,(anonymous_28)
FN:199,(anonymous_29)
FN:200,(anonymous_30)
FN:203,(anonymous_31)
FN:204,(anonymous_32)
FN:207,(anonymous_33)
FN:213,(anonymous_34)
FN:216,(anonymous_35)
FN:217,(anonymous_36)
FN:220,(anonymous_37)
FN:221,(anonymous_38)
FN:223,(anonymous_39)
FN:226,(anonymous_40)
FN:236,(anonymous_41)
FN:237,(anonymous_42)
FN:245,(anonymous_43)
FN:251,(anonymous_44)
FN:260,(anonymous_45)
FN:289,(anonymous_46)
FN:295,(anonymous_47)
FN:301,(anonymous_48)
FN:315,(anonymous_49)
FN:326,(anonymous_50)
FN:339,(anonymous_51)
FN:340,(anonymous_52)
FN:347,(anonymous_53)
FN:348,(anonymous_54)
FN:355,(anonymous_55)
FN:360,(anonymous_56)
FN:367,(anonymous_57)
FN:377,(anonymous_58)
FN:418,(anonymous_59)
FN:429,(anonymous_60)
FN:439,(anonymous_61)
FN:453,(anonymous_62)
FN:495,(anonymous_63)
FN:564,(anonymous_64)
FN:564,(anonymous_65)
FN:589,(anonymous_66)
FN:639,(anonymous_67)
FN:663,(anonymous_68)
FN:663,(anonymous_69)
FN:665,(anonymous_70)
FN:665,(anonymous_71)
FN:697,(anonymous_72)
FN:743,(anonymous_73)
FN:760,(anonymous_74)
FN:764,(anonymous_75)
FNF:66
FNH:10
FNDA:2,MaintenancePage
FNDA:0,(anonymous_11)
FNDA:0,(anonymous_12)
FNDA:0,(anonymous_13)
FNDA:1,(anonymous_14)
FNDA:1,(anonymous_15)
FNDA:0,(anonymous_16)
FNDA:1,(anonymous_17)
FNDA:1,(anonymous_18)
FNDA:1,(anonymous_19)
FNDA:1,(anonymous_20)
FNDA:0,(anonymous_21)
FNDA:0,(anonymous_22)
FNDA:0,(anonymous_23)
FNDA:0,(anonymous_24)
FNDA:0,(anonymous_25)
FNDA:0,(anonymous_26)
FNDA:1,(anonymous_27)
FNDA:0,(anonymous_28)
FNDA:0,(anonymous_29)
FNDA:0,(anonymous_30)
FNDA:0,(anonymous_31)
FNDA:0,(anonymous_32)
FNDA:0,(anonymous_33)
FNDA:0,(anonymous_34)
FNDA:0,(anonymous_35)
FNDA:0,(anonymous_36)
FNDA:0,(anonymous_37)
FNDA:0,(anonymous_38)
FNDA:0,(anonymous_39)
FNDA:0,(anonymous_40)
FNDA:0,(anonymous_41)
FNDA:0,(anonymous_42)
FNDA:0,(anonymous_43)
FNDA:0,(anonymous_44)
FNDA:0,(anonymous_45)
FNDA:0,(anonymous_46)
FNDA:2,(anonymous_47)
FNDA:0,(anonymous_48)
FNDA:0,(anonymous_49)
FNDA:0,(anonymous_50)
FNDA:0,(anonymous_51)
FNDA:0,(anonymous_52)
FNDA:0,(anonymous_53)
FNDA:0,(anonymous_54)
FNDA:0,(anonymous_55)
FNDA:0,(anonymous_56)
FNDA:0,(anonymous_57)
FNDA:0,(anonymous_58)
FNDA:0,(anonymous_59)
FNDA:0,(anonymous_60)
FNDA:0,(anonymous_61)
FNDA:1,(anonymous_62)
FNDA:0,(anonymous_63)
FNDA:0,(anonymous_64)
FNDA:0,(anonymous_65)
FNDA:0,(anonymous_66)
FNDA:0,(anonymous_67)
FNDA:0,(anonymous_68)
FNDA:0,(anonymous_69)
FNDA:0,(anonymous_70)
FNDA:0,(anonymous_71)
FNDA:0,(anonymous_72)
FNDA:0,(anonymous_73)
FNDA:0,(anonymous_74)
FNDA:0,(anonymous_75)
DA:1,1
DA:2,1
DA:3,1
DA:16,1
DA:17,1
DA:18,1
DA:20,1
DA:21,1
DA:22,1
DA:23,1
DA:24,1
DA:26,1
DA:27,1
DA:28,1
DA:40,1
DA:42,2
DA:52,2
DA:53,2
DA:56,2
DA:57,0
DA:58,0
DA:59,0
DA:60,0
DA:61,0
DA:63,0
DA:67,2
DA:68,0
DA:72,2
DA:74,0
DA:75,0
DA:78,0
DA:79,0
DA:83,2
DA:85,1
DA:87,1
DA:89,1
DA:91,1
DA:98,1
DA:99,1
DA:100,1
DA:102,0
DA:103,0
DA:107,1
DA:108,1
DA:111,1
DA:113,1
DA:115,0
DA:116,0
DA:120,0
DA:121,0
DA:123,1
DA:128,2
DA:129,1
DA:133,2
DA:134,1
DA:138,2
DA:139,1
DA:143,2
DA:144,1
DA:146,0
DA:147,0
DA:151,0
DA:152,0
DA:153,0
DA:157,0
DA:158,0
DA:162,0
DA:163,0
DA:164,0
DA:166,0
DA:170,0
DA:175,2
DA:176,0
DA:177,0
DA:178,0
DA:179,0
DA:182,2
DA:183,0
DA:184,0
DA:185,0
DA:186,0
DA:190,2
DA:191,1
DA:192,1
DA:193,1
DA:195,1
DA:199,2
DA:200,0
DA:203,2
DA:204,0
DA:207,2
DA:209,0
DA:210,0
DA:211,0
DA:213,0
DA:216,2
DA:217,0
DA:220,2
DA:221,0
DA:222,0
DA:223,0
DA:226,0
DA:227,0
DA:228,0
DA:232,0
DA:236,2
DA:237,0
DA:245,2
DA:246,0
DA:248,0
DA:250,0
DA:251,0
DA:253,0
DA:255,0
DA:256,0
DA:258,0
DA:259,0
DA:260,0
DA:261,0
DA:263,0
DA:265,0
DA:266,0
DA:269,0
DA:270,0
DA:271,0
DA:272,0
DA:274,0
DA:278,0
DA:279,0
DA:281,0
DA:283,0
DA:284,0
DA:286,0
DA:289,0
DA:295,2
DA:302,0
DA:316,0
DA:327,0
DA:339,0
DA:340,0
DA:347,0
DA:348,0
DA:356,0
DA:360,0
DA:368,0
DA:378,0
DA:380,0
DA:381,0
DA:382,0
DA:384,0
DA:386,0
DA:387,0
DA:388,0
DA:389,0
DA:391,0
DA:392,0
DA:393,0
DA:394,0
DA:396,0
DA:397,0
DA:398,0
DA:399,0
DA:401,0
DA:402,0
DA:403,0
DA:404,0
DA:407,0
DA:419,0
DA:420,0
DA:422,0
DA:429,0
DA:440,0
DA:441,0
DA:453,2
DA:459,2
DA:495,0
DA:564,0
DA:565,0
DA:590,0
DA:640,0
DA:663,0
DA:665,0
DA:698,0
DA:699,0
DA:700,0
DA:701,0
DA:703,0
DA:705,0
DA:706,0
DA:707,0
DA:708,0
DA:710,0
DA:711,0
DA:712,0
DA:713,0
DA:715,0
DA:716,0
DA:717,0
DA:718,0
DA:720,0
DA:721,0
DA:722,0
DA:723,0
DA:726,0
DA:744,0
DA:761,0
DA:762,0
DA:765,0
DA:766,0
DA:786,1
LF:210
LH:60
BRDA:57,0,0,0
BRDA:57,0,1,0
BRDA:58,1,0,0
BRDA:58,1,1,0
BRDA:60,2,0,0
BRDA:60,2,1,0
BRDA:68,3,0,0
BRDA:68,3,1,0
BRDA:74,4,0,0
BRDA:74,4,1,0
BRDA:74,5,0,0
BRDA:74,5,1,0
BRDA:85,6,0,0
BRDA:85,6,1,1
BRDA:98,7,0,1
BRDA:98,7,1,0
BRDA:99,8,0,1
BRDA:99,8,1,0
BRDA:107,9,0,1
BRDA:107,9,1,0
BRDA:146,10,0,0
BRDA:146,10,1,0
BRDA:146,11,0,0
BRDA:146,11,1,0
BRDA:146,11,2,0
BRDA:152,12,0,0
BRDA:152,12,1,0
BRDA:152,13,0,0
BRDA:152,13,1,0
BRDA:157,14,0,0
BRDA:157,14,1,0
BRDA:157,15,0,0
BRDA:157,15,1,0
BRDA:162,16,0,0
BRDA:162,16,1,0
BRDA:164,17,0,0
BRDA:164,17,1,0
BRDA:164,18,0,0
BRDA:164,18,1,0
BRDA:177,19,0,0
BRDA:177,19,1,0
BRDA:178,20,0,0
BRDA:178,20,1,0
BRDA:184,21,0,0
BRDA:184,21,1,0
BRDA:185,22,0,0
BRDA:185,22,1,0
BRDA:191,23,0,0
BRDA:191,23,1,0
BRDA:193,24,0,0
BRDA:193,24,1,1
BRDA:209,25,0,0
BRDA:209,25,1,0
BRDA:258,26,0,0
BRDA:258,26,1,0
BRDA:269,27,0,0
BRDA:269,27,1,0
BRDA:271,28,0,0
BRDA:271,28,1,0
BRDA:281,29,0,0
BRDA:281,29,1,0
BRDA:283,30,0,0
BRDA:283,30,1,0
BRDA:378,31,0,0
BRDA:378,31,1,0
BRDA:378,31,2,0
BRDA:384,32,0,0
BRDA:384,32,1,0
BRDA:384,32,2,0
BRDA:384,32,3,0
BRDA:419,33,0,0
BRDA:419,33,1,0
BRDA:432,34,0,0
BRDA:432,34,1,0
BRDA:462,35,0,2
BRDA:462,35,1,0
BRDA:462,35,2,0
BRDA:477,36,0,2
BRDA:477,36,1,0
BRDA:603,37,0,0
BRDA:603,37,1,0
BRDA:611,38,0,0
BRDA:611,38,1,0
BRDA:611,39,0,0
BRDA:611,39,1,0
BRDA:671,40,0,2
BRDA:671,40,1,0
BRDA:683,41,0,0
BRDA:683,41,1,0
BRDA:694,42,0,0
BRDA:694,42,1,0
BRDA:698,43,0,0
BRDA:698,43,1,0
BRDA:698,43,2,0
BRDA:703,44,0,0
BRDA:703,44,1,0
BRDA:703,44,2,0
BRDA:703,44,3,0
BRDA:733,45,0,0
BRDA:733,45,1,0
BRDA:740,46,0,0
BRDA:740,46,1,0
BRDA:740,46,2,0
BRF:103
BRH:8
end_of_record
TN:
SF:src/pages/Maintenance/index.ts
FN:1,(anonymous_1)
FNF:1
FNH:0
FNDA:0,(anonymous_1)
DA:1,0
LF:1
LH:0
BRF:0
BRH:0
end_of_record
TN:
SF:src/pages/NotFound/NotFoundPage.tsx
FN:15,NotFoundPage
FN:16,(anonymous_2)
FN:20,(anonymous_3)
FNF:3
FNH:1
FNDA:4,NotFoundPage
FNDA:0,(anonymous_2)
FNDA:0,(anonymous_3)
DA:1,1
DA:2,1
DA:3,1
DA:11,1
DA:13,1
DA:15,1
DA:16,4
DA:17,0
DA:20,4
DA:21,0
DA:24,4
LF:11
LH:9
BRF:0
BRH:0
end_of_record
TN:
SF:src/pages/NotFound/index.ts
FN:1,(anonymous_1)
FNF:1
FNH:0
FNDA:0,(anonymous_1)
DA:1,0
LF:1
LH:0
BRF:0
BRH:0
end_of_record
TN:
SF:src/pages/Privacy/PrivacyPage.tsx
FN:6,PrivacyPage
FNF:1
FNH:1
FNDA:2,PrivacyPage
DA:1,1
DA:2,1
DA:4,1
DA:6,1
DA:7,2
LF:5
LH:5
BRF:0
BRH:0
end_of_record
TN:
SF:src/pages/Profile/ProfilePage.tsx
FN:38,ProfilePage
FN:48,(anonymous_2)
FN:57,(anonymous_3)
FN:65,(anonymous_4)
FN:70,(anonymous_5)
FN:85,(anonymous_6)
FN:92,(anonymous_7)
FN:109,(anonymous_8)
FN:224,(anonymous_9)
FN:235,(anonymous_10)
FN:313,(anonymous_11)
FN:447,(anonymous_12)
FN:448,(anonymous_13)
FNF:13
FNH:2
FNDA:2,ProfilePage
FNDA:2,(anonymous_2)
FNDA:0,(anonymous_3)
FNDA:0,(anonymous_4)
FNDA:0,(anonymous_5)
FNDA:0,(anonymous_6)
FNDA:0,(anonymous_7)
FNDA:0,(anonymous_8)
FNDA:0,(anonymous_9)
FNDA:0,(anonymous_10)
FNDA:0,(anonymous_11)
FNDA:0,(anonymous_12)
FNDA:0,(anonymous_13)
DA:1,1
DA:2,1
DA:18,1
DA:25,1
DA:26,1
DA:27,1
DA:28,1
DA:30,1
DA:38,1
DA:39,2
DA:40,2
DA:41,2
DA:42,2
DA:43,2
DA:44,2
DA:45,2
DA:46,2
DA:48,2
DA:49,2
DA:50,2
DA:57,2
DA:58,0
DA:59,0
DA:64,0
DA:65,0
DA:67,0
DA:70,2
DA:71,0
DA:72,0
DA:73,0
DA:74,0
DA:75,0
DA:76,0
DA:78,0
DA:79,0
DA:81,0
DA:85,2
DA:86,0
DA:87,0
DA:88,0
DA:92,2
DA:93,0
DA:94,0
DA:98,0
DA:99,0
DA:100,0
DA:102,0
DA:103,0
DA:105,0
DA:109,2
DA:110,0
DA:111,0
DA:114,2
DA:115,0
DA:127,2
DA:224,0
DA:235,0
DA:313,0
DA:447,0
DA:449,0
DA:450,0
DA:452,0
LF:62
LH:27
BRDA:49,0,0,2
BRDA:49,0,1,0
BRDA:114,1,0,0
BRDA:114,1,1,2
BRDA:163,2,0,2
BRDA:163,2,1,2
BRDA:173,3,0,2
BRDA:173,3,1,2
BRDA:193,4,0,0
BRDA:193,4,1,2
BRDA:216,5,0,0
BRDA:216,5,1,2
BRDA:299,6,0,2
BRDA:299,6,1,0
BRDA:329,7,0,2
BRDA:329,7,1,0
BRDA:373,8,0,2
BRDA:373,8,1,2
BRDA:383,9,0,2
BRDA:383,9,1,0
BRDA:383,9,2,0
BRDA:449,10,0,0
BRDA:449,10,1,0
BRDA:449,11,0,0
BRDA:449,11,1,0
BRF:25
BRH:13
end_of_record
TN:
SF:src/pages/Profile/index.ts
FN:1,(anonymous_1)
FNF:1
FNH:0
FNDA:0,(anonymous_1)
DA:1,0
LF:1
LH:0
BRF:0
BRH:0
end_of_record
TN:
SF:src/pages/PublicVehicle/PublicVehiclePage.tsx
FN:52,(anonymous_10)
FN:69,(anonymous_11)
FN:75,(anonymous_12)
FN:90,(anonymous_13)
FN:99,(anonymous_14)
FN:106,(anonymous_15)
FN:110,(anonymous_16)
FN:114,(anonymous_17)
FN:131,(anonymous_18)
FN:148,(anonymous_19)
FN:163,(anonymous_20)
FN:171,(anonymous_21)
FN:182,(anonymous_22)
FN:219,(anonymous_23)
FN:234,(anonymous_24)
FN:240,(anonymous_25)
FN:243,(anonymous_26)
FN:279,(anonymous_27)
FN:280,(anonymous_28)
FN:287,(anonymous_29)
FN:300,(anonymous_30)
FN:306,(anonymous_31)
FN:500,(anonymous_32)
FN:581,(anonymous_33)
FN:598,(anonymous_34)
FN:606,(anonymous_35)
FN:620,(anonymous_36)
FN:628,(anonymous_37)
FN:642,(anonymous_38)
FN:676,(anonymous_39)
FN:721,(anonymous_40)
FN:796,(anonymous_41)
FN:819,(anonymous_42)
FN:821,(anonymous_43)
FN:831,(anonymous_44)
FN:848,(anonymous_45)
FN:854,(anonymous_46)
FNF:37
FNH:0
FNDA:0,(anonymous_10)
FNDA:0,(anonymous_11)
FNDA:0,(anonymous_12)
FNDA:0,(anonymous_13)
FNDA:0,(anonymous_14)
FNDA:0,(anonymous_15)
FNDA:0,(anonymous_16)
FNDA:0,(anonymous_17)
FNDA:0,(anonymous_18)
FNDA:0,(anonymous_19)
FNDA:0,(anonymous_20)
FNDA:0,(anonymous_21)
FNDA:0,(anonymous_22)
FNDA:0,(anonymous_23)
FNDA:0,(anonymous_24)
FNDA:0,(anonymous_25)
FNDA:0,(anonymous_26)
FNDA:0,(anonymous_27)
FNDA:0,(anonymous_28)
FNDA:0,(anonymous_29)
FNDA:0,(anonymous_30)
FNDA:0,(anonymous_31)
FNDA:0,(anonymous_32)
FNDA:0,(anonymous_33)
FNDA:0,(anonymous_34)
FNDA:0,(anonymous_35)
FNDA:0,(anonymous_36)
FNDA:0,(anonymous_37)
FNDA:0,(anonymous_38)
FNDA:0,(anonymous_39)
FNDA:0,(anonymous_40)
FNDA:0,(anonymous_41)
FNDA:0,(anonymous_42)
FNDA:0,(anonymous_43)
FNDA:0,(anonymous_44)
FNDA:0,(anonymous_45)
FNDA:0,(anonymous_46)
DA:1,0
DA:2,0
DA:3,0
DA:20,0
DA:21,0
DA:43,0
DA:44,0
DA:46,0
DA:47,0
DA:48,0
DA:50,0
DA:52,0
DA:53,0
DA:54,0
DA:55,0
DA:56,0
DA:57,0
DA:58,0
DA:59,0
DA:60,0
DA:61,0
DA:64,0
DA:65,0
DA:66,0
DA:67,0
DA:69,0
DA:70,0
DA:71,0
DA:75,0
DA:76,0
DA:78,0
DA:79,0
DA:80,0
DA:81,0
DA:83,0
DA:84,0
DA:86,0
DA:90,0
DA:91,0
DA:92,0
DA:99,0
DA:100,0
DA:106,0
DA:107,0
DA:110,0
DA:111,0
DA:114,0
DA:115,0
DA:117,0
DA:119,0
DA:121,0
DA:123,0
DA:125,0
DA:127,0
DA:131,0
DA:132,0
DA:134,0
DA:136,0
DA:138,0
DA:140,0
DA:142,0
DA:144,0
DA:148,0
DA:149,0
DA:151,0
DA:153,0
DA:155,0
DA:157,0
DA:159,0
DA:163,0
DA:164,0
DA:165,0
DA:166,0
DA:167,0
DA:168,0
DA:171,0
DA:172,0
DA:173,0
DA:174,0
DA:175,0
DA:177,0
DA:182,0
DA:184,0
DA:185,0
DA:188,0
DA:189,0
DA:192,0
DA:193,0
DA:205,0
DA:206,0
DA:219,0
DA:230,0
DA:231,0
DA:234,0
DA:235,0
DA:236,0
DA:239,0
DA:240,0
DA:243,0
DA:245,0
DA:246,0
DA:250,0
DA:251,0
DA:255,0
DA:256,0
DA:257,0
DA:258,0
DA:259,0
DA:260,0
DA:262,0
DA:263,0
DA:268,0
DA:269,0
DA:270,0
DA:271,0
DA:275,0
DA:279,0
DA:280,0
DA:283,0
DA:284,0
DA:285,0
DA:287,0
DA:288,0
DA:290,0
DA:291,0
DA:293,0
DA:294,0
DA:295,0
DA:296,0
DA:300,0
DA:301,0
DA:302,0
DA:303,0
DA:306,0
DA:307,0
DA:308,0
DA:309,0
DA:310,0
DA:311,0
DA:314,0
DA:316,0
DA:501,0
DA:582,0
DA:583,0
DA:599,0
DA:600,0
DA:607,0
DA:621,0
DA:622,0
DA:629,0
DA:643,0
DA:644,0
DA:677,0
DA:721,0
DA:796,0
DA:819,0
DA:821,0
DA:832,0
DA:849,0
DA:850,0
DA:851,0
DA:852,0
DA:855,0
DA:856,0
DA:857,0
DA:858,0
DA:881,0
LF:167
LH:0
BRDA:70,0,0,0
BRDA:70,0,1,0
BRDA:76,1,0,0
BRDA:76,1,1,0
BRDA:84,2,0,0
BRDA:84,2,1,0
BRDA:115,3,0,0
BRDA:115,3,1,0
BRDA:115,3,2,0
BRDA:115,3,3,0
BRDA:115,3,4,0
BRDA:115,3,5,0
BRDA:132,4,0,0
BRDA:132,4,1,0
BRDA:132,4,2,0
BRDA:132,4,3,0
BRDA:132,4,4,0
BRDA:132,4,5,0
BRDA:149,5,0,0
BRDA:149,5,1,0
BRDA:149,5,2,0
BRDA:149,5,3,0
BRDA:149,5,4,0
BRDA:164,6,0,0
BRDA:164,6,1,0
BRDA:172,7,0,0
BRDA:172,7,1,0
BRDA:174,8,0,0
BRDA:174,8,1,0
BRDA:184,9,0,0
BRDA:184,9,1,0
BRDA:184,10,0,0
BRDA:184,10,1,0
BRDA:192,11,0,0
BRDA:192,11,1,0
BRDA:205,12,0,0
BRDA:205,12,1,0
BRDA:230,13,0,0
BRDA:230,13,1,0
BRDA:235,14,0,0
BRDA:235,14,1,0
BRDA:235,15,0,0
BRDA:235,15,1,0
BRDA:245,16,0,0
BRDA:245,16,1,0
BRDA:245,17,0,0
BRDA:245,17,1,0
BRDA:250,18,0,0
BRDA:250,18,1,0
BRDA:250,19,0,0
BRDA:250,19,1,0
BRDA:255,20,0,0
BRDA:255,20,1,0
BRDA:262,21,0,0
BRDA:262,21,1,0
BRDA:262,22,0,0
BRDA:262,22,1,0
BRDA:262,22,2,0
BRDA:262,22,3,0
BRDA:268,23,0,0
BRDA:268,23,1,0
BRDA:268,24,0,0
BRDA:268,24,1,0
BRDA:268,24,2,0
BRDA:270,25,0,0
BRDA:270,25,1,0
BRDA:270,26,0,0
BRDA:270,26,1,0
BRDA:291,27,0,0
BRDA:291,27,1,0
BRDA:314,28,0,0
BRDA:314,28,1,0
BRDA:314,28,2,0
BRDA:314,28,3,0
BRDA:334,29,0,0
BRDA:334,29,1,0
BRDA:367,30,0,0
BRDA:367,30,1,0
BRDA:368,31,0,0
BRDA:368,31,1,0
BRDA:369,32,0,0
BRDA:369,32,1,0
BRDA:370,33,0,0
BRDA:370,33,1,0
BRDA:371,34,0,0
BRDA:371,34,1,0
BRDA:372,35,0,0
BRDA:372,35,1,0
BRDA:373,36,0,0
BRDA:373,36,1,0
BRDA:374,37,0,0
BRDA:374,37,1,0
BRDA:375,38,0,0
BRDA:375,38,1,0
BRDA:376,39,0,0
BRDA:376,39,1,0
BRDA:377,40,0,0
BRDA:377,40,1,0
BRDA:378,41,0,0
BRDA:378,41,1,0
BRDA:379,42,0,0
BRDA:379,42,1,0
BRDA:380,43,0,0
BRDA:380,43,1,0
BRDA:400,44,0,0
BRDA:400,44,1,0
BRDA:493,45,0,0
BRDA:493,45,1,0
BRDA:535,46,0,0
BRDA:535,46,1,0
BRDA:553,47,0,0
BRDA:553,47,1,0
BRDA:555,48,0,0
BRDA:555,48,1,0
BRDA:559,49,0,0
BRDA:559,49,1,0
BRDA:658,50,0,0
BRDA:658,50,1,0
BRDA:714,51,0,0
BRDA:714,51,1,0
BRDA:714,52,0,0
BRDA:714,52,1,0
BRDA:721,53,0,0
BRDA:721,53,1,0
BRDA:739,54,0,0
BRDA:739,54,1,0
BRDA:745,55,0,0
BRDA:745,55,1,0
BRDA:763,56,0,0
BRDA:763,56,1,0
BRDA:770,57,0,0
BRDA:770,57,1,0
BRDA:771,58,0,0
BRDA:771,58,1,0
BRDA:774,59,0,0
BRDA:774,59,1,0
BRDA:782,60,0,0
BRDA:782,60,1,0
BRF:138
BRH:0
end_of_record
TN:
SF:src/pages/Reports/ReportsPage.tsx
FN:70,ReportsPage
FN:88,(anonymous_2)
FN:92,(anonymous_3)
FN:109,(anonymous_4)
FN:111,(anonymous_5)
FN:174,(anonymous_6)
FN:179,(anonymous_7)
FN:191,(anonymous_8)
FN:198,(anonymous_9)
FN:205,(anonymous_10)
FN:229,(anonymous_11)
FN:234,(anonymous_12)
FN:235,(anonymous_13)
FN:238,(anonymous_14)
FN:243,(anonymous_15)
FN:255,(anonymous_16)
FN:298,(anonymous_17)
FN:336,(anonymous_18)
FN:347,(anonymous_19)
FN:381,(anonymous_20)
FN:387,(anonymous_21)
FN:429,(anonymous_22)
FN:473,(anonymous_23)
FN:477,(anonymous_24)
FN:483,(anonymous_25)
FN:484,(anonymous_26)
FN:504,(anonymous_27)
FN:505,(anonymous_28)
FN:532,(anonymous_29)
FN:538,(anonymous_30)
FN:548,(anonymous_31)
FN:558,(anonymous_32)
FN:559,(anonymous_33)
FN:566,(anonymous_34)
FN:571,(anonymous_35)
FN:577,(anonymous_36)
FN:619,(anonymous_37)
FN:630,(anonymous_38)
FN:678,(anonymous_39)
FN:690,(anonymous_40)
FN:764,(anonymous_41)
FN:767,(anonymous_42)
FN:770,(anonymous_43)
FN:771,(anonymous_44)
FN:883,(anonymous_45)
FN:892,(anonymous_46)
FN:900,(anonymous_47)
FN:903,(anonymous_48)
FN:995,(anonymous_49)
FN:998,(anonymous_50)
FN:1001,(anonymous_51)
FN:1002,(anonymous_52)
FN:1003,(anonymous_53)
FN:1103,(anonymous_54)
FN:1110,(anonymous_55)
FN:1112,(anonymous_56)
FN:1113,(anonymous_57)
FN:1120,(anonymous_58)
FNF:58
FNH:11
FNDA:1,ReportsPage
FNDA:1,(anonymous_2)
FNDA:1,(anonymous_3)
FNDA:0,(anonymous_4)
FNDA:0,(anonymous_5)
FNDA:0,(anonymous_6)
FNDA:0,(anonymous_7)
FNDA:0,(anonymous_8)
FNDA:0,(anonymous_9)
FNDA:0,(anonymous_10)
FNDA:5,(anonymous_11)
FNDA:0,(anonymous_12)
FNDA:0,(anonymous_13)
FNDA:0,(anonymous_14)
FNDA:0,(anonymous_15)
FNDA:1,(anonymous_16)
FNDA:0,(anonymous_17)
FNDA:1,(anonymous_18)
FNDA:0,(anonymous_19)
FNDA:6,(anonymous_20)
FNDA:1,(anonymous_21)
FNDA:0,(anonymous_22)
FNDA:0,(anonymous_23)
FNDA:0,(anonymous_24)
FNDA:0,(anonymous_25)
FNDA:0,(anonymous_26)
FNDA:0,(anonymous_27)
FNDA:0,(anonymous_28)
FNDA:0,(anonymous_29)
FNDA:0,(anonymous_30)
FNDA:0,(anonymous_31)
FNDA:0,(anonymous_32)
FNDA:0,(anonymous_33)
FNDA:0,(anonymous_34)
FNDA:0,(anonymous_35)
FNDA:0,(anonymous_36)
FNDA:0,(anonymous_37)
FNDA:0,(anonymous_38)
FNDA:1,(anonymous_39)
FNDA:1,(anonymous_40)
FNDA:0,(anonymous_41)
FNDA:0,(anonymous_42)
FNDA:0,(anonymous_43)
FNDA:0,(anonymous_44)
FNDA:0,(anonymous_45)
FNDA:0,(anonymous_46)
FNDA:0,(anonymous_47)
FNDA:0,(anonymous_48)
FNDA:0,(anonymous_49)
FNDA:0,(anonymous_50)
FNDA:0,(anonymous_51)
FNDA:0,(anonymous_52)
FNDA:0,(anonymous_53)
FNDA:1,(anonymous_54)
FNDA:0,(anonymous_55)
FNDA:0,(anonymous_56)
FNDA:0,(anonymous_57)
FNDA:0,(anonymous_58)
DA:1,1
DA:2,1
DA:18,1
DA:30,1
DA:45,1
DA:46,1
DA:47,1
DA:48,1
DA:49,1
DA:50,1
DA:51,1
DA:52,1
DA:53,1
DA:55,1
DA:56,1
DA:57,1
DA:70,1
DA:71,1
DA:72,1
DA:82,1
DA:83,1
DA:84,1
DA:85,1
DA:86,1
DA:88,1
DA:89,1
DA:92,1
DA:93,1
DA:94,1
DA:97,1
DA:98,1
DA:99,1
DA:102,1
DA:103,1
DA:105,1
DA:106,1
DA:109,1
DA:111,0
DA:112,0
DA:113,0
DA:114,0
DA:115,0
DA:116,0
DA:117,0
DA:118,0
DA:119,0
DA:123,0
DA:158,0
DA:159,0
DA:161,0
DA:162,0
DA:164,0
DA:165,0
DA:169,1
DA:172,1
DA:174,1
DA:175,0
DA:176,0
DA:179,1
DA:180,0
DA:182,1
DA:183,1
DA:188,1
DA:189,1
DA:191,1
DA:192,0
DA:193,0
DA:194,0
DA:195,0
DA:198,1
DA:199,0
DA:200,0
DA:203,1
DA:204,1
DA:205,1
DA:206,0
DA:207,0
DA:210,1
DA:222,0
DA:223,0
DA:225,1
DA:229,1
DA:230,5
DA:233,5
DA:234,5
DA:235,5
DA:237,5
DA:238,0
DA:241,5
DA:242,0
DA:243,0
DA:244,0
DA:245,0
DA:246,0
DA:247,0
DA:251,5
DA:255,1
DA:256,1
DA:266,1
DA:269,1
DA:270,1
DA:271,12
DA:272,12
DA:273,12
DA:274,12
DA:275,12
DA:285,12
DA:298,1
DA:299,0
DA:300,0
DA:302,0
DA:303,0
DA:306,0
DA:308,0
DA:309,0
DA:311,0
DA:312,0
DA:314,0
DA:315,0
DA:317,0
DA:318,0
DA:320,0
DA:321,0
DA:323,0
DA:324,0
DA:326,0
DA:328,0
DA:332,1
DA:336,1
DA:337,1
DA:338,1
DA:347,1
DA:348,0
DA:350,0
DA:352,0
DA:353,0
DA:355,0
DA:356,0
DA:358,0
DA:359,0
DA:361,0
DA:362,0
DA:364,0
DA:365,0
DA:367,0
DA:368,0
DA:370,0
DA:374,1
DA:381,6
DA:383,1
DA:387,1
DA:388,1
DA:398,1
DA:401,1
DA:402,1
DA:403,8
DA:404,8
DA:405,8
DA:406,8
DA:416,8
DA:429,1
DA:430,0
DA:431,0
DA:432,0
DA:433,0
DA:435,0
DA:436,0
DA:437,0
DA:438,0
DA:439,0
DA:442,0
DA:444,0
DA:445,0
DA:447,0
DA:448,0
DA:450,0
DA:451,0
DA:453,0
DA:454,0
DA:456,0
DA:457,0
DA:459,0
DA:460,0
DA:462,0
DA:468,1
DA:473,1
DA:474,0
DA:477,1
DA:478,0
DA:480,0
DA:483,0
DA:484,0
DA:485,0
DA:501,0
DA:502,0
DA:505,0
DA:510,0
DA:511,0
DA:512,0
DA:513,0
DA:514,0
DA:515,0
DA:516,0
DA:517,0
DA:518,0
DA:520,0
DA:522,0
DA:523,0
DA:527,1
DA:532,0
DA:539,0
DA:549,0
DA:558,0
DA:560,0
DA:567,0
DA:571,0
DA:578,0
DA:590,1
DA:620,0
DA:631,0
DA:632,0
DA:634,0
DA:678,1
DA:690,1
DA:764,0
DA:768,0
DA:770,0
DA:771,0
DA:772,0
DA:774,0
DA:883,0
DA:893,0
DA:901,0
DA:903,0
DA:904,0
DA:906,0
DA:995,0
DA:999,0
DA:1001,0
DA:1002,0
DA:1003,0
DA:1005,0
DA:1105,1
DA:1107,1
DA:1110,0
DA:1112,0
DA:1113,0
DA:1121,0
LF:248
LH:100
BRDA:98,0,0,1
BRDA:98,0,1,0
BRDA:112,1,0,0
BRDA:112,1,1,0
BRDA:112,1,2,0
BRDA:112,1,3,0
BRDA:112,1,4,0
BRDA:112,1,5,0
BRDA:112,1,6,0
BRDA:124,2,0,0
BRDA:124,2,1,0
BRDA:127,3,0,0
BRDA:127,3,1,0
BRDA:129,4,0,0
BRDA:129,4,1,0
BRDA:130,5,0,0
BRDA:130,5,1,0
BRDA:131,6,0,0
BRDA:131,6,1,0
BRDA:132,7,0,0
BRDA:132,7,1,0
BRDA:133,8,0,0
BRDA:133,8,1,0
BRDA:135,9,0,0
BRDA:135,9,1,0
BRDA:136,10,0,0
BRDA:136,10,1,0
BRDA:141,11,0,0
BRDA:141,11,1,0
BRDA:142,12,0,0
BRDA:142,12,1,0
BRDA:143,13,0,0
BRDA:143,13,1,0
BRDA:154,14,0,0
BRDA:154,14,1,0
BRDA:175,15,0,0
BRDA:175,15,1,0
BRDA:175,16,0,0
BRDA:175,16,1,0
BRDA:182,17,0,0
BRDA:182,17,1,1
BRDA:183,18,0,0
BRDA:183,18,1,1
BRDA:195,19,0,0
BRDA:195,19,1,0
BRDA:199,20,0,0
BRDA:199,20,1,0
BRDA:199,21,0,0
BRDA:199,21,1,0
BRDA:207,22,0,0
BRDA:207,22,1,0
BRDA:233,23,0,5
BRDA:233,23,1,0
BRDA:237,24,0,0
BRDA:237,24,1,5
BRDA:241,25,0,0
BRDA:241,25,1,5
BRDA:247,26,0,0
BRDA:247,26,1,0
BRDA:302,27,0,0
BRDA:302,27,1,0
BRDA:303,28,0,0
BRDA:303,28,1,0
BRDA:303,29,0,0
BRDA:303,29,1,0
BRDA:306,30,0,0
BRDA:306,30,1,0
BRDA:306,30,2,0
BRDA:306,30,3,0
BRDA:306,30,4,0
BRDA:306,30,5,0
BRDA:306,30,6,0
BRDA:348,31,0,0
BRDA:348,31,1,0
BRDA:348,32,0,0
BRDA:348,32,1,0
BRDA:350,33,0,0
BRDA:350,33,1,0
BRDA:350,33,2,0
BRDA:350,33,3,0
BRDA:350,33,4,0
BRDA:350,33,5,0
BRDA:350,33,6,0
BRDA:435,34,0,0
BRDA:435,34,1,0
BRDA:435,35,0,0
BRDA:435,35,1,0
BRDA:437,36,0,0
BRDA:437,36,1,0
BRDA:438,37,0,0
BRDA:438,37,1,0
BRDA:438,38,0,0
BRDA:438,38,1,0
BRDA:442,39,0,0
BRDA:442,39,1,0
BRDA:442,39,2,0
BRDA:442,39,3,0
BRDA:442,39,4,0
BRDA:442,39,5,0
BRDA:442,39,6,0
BRDA:486,40,0,0
BRDA:486,40,1,0
BRDA:493,41,0,0
BRDA:493,41,1,0
BRDA:494,42,0,0
BRDA:494,42,1,0
BRDA:495,43,0,0
BRDA:495,43,1,0
BRDA:496,44,0,0
BRDA:496,44,1,0
BRDA:501,45,0,0
BRDA:501,45,1,0
BRDA:505,46,0,0
BRDA:505,46,1,0
BRDA:579,47,0,0
BRDA:579,47,1,0
BRDA:580,48,0,0
BRDA:580,48,1,0
BRDA:582,49,0,0
BRDA:582,49,1,0
BRDA:631,50,0,0
BRDA:631,50,1,0
BRDA:768,51,0,0
BRDA:768,51,1,0
BRDA:768,52,0,0
BRDA:768,52,1,0
BRDA:901,53,0,0
BRDA:901,53,1,0
BRDA:901,54,0,0
BRDA:901,54,1,0
BRDA:904,55,0,0
BRDA:904,55,1,0
BRDA:999,56,0,0
BRDA:999,56,1,0
BRDA:999,57,0,0
BRDA:999,57,1,0
BRDA:1107,58,0,0
BRDA:1107,58,1,1
BRF:138
BRH:7
end_of_record
TN:
SF:src/pages/Reports/index.ts
FN:1,(anonymous_1)
FNF:1
FNH:0
FNDA:0,(anonymous_1)
DA:1,0
LF:1
LH:0
BRF:0
BRH:0
end_of_record
TN:
SF:src/pages/Terms/TermsPage.tsx
FN:6,TermsPage
FNF:1
FNH:1
FNDA:2,TermsPage
DA:1,1
DA:2,1
DA:4,1
DA:6,1
DA:7,2
LF:5
LH:5
BRF:0
BRH:0
end_of_record
TN:
SF:src/pages/Vehicles/VehiclesPage.tsx
FN:19,VehiclesPage
FN:29,(anonymous_2)
FN:33,(anonymous_3)
FN:49,(anonymous_4)
FN:71,(anonymous_5)
FN:72,(anonymous_6)
FN:81,(anonymous_7)
FN:82,(anonymous_8)
FN:101,(anonymous_9)
FN:106,(anonymous_10)
FN:111,(anonymous_11)
FN:117,(anonymous_12)
FN:141,(anonymous_13)
FN:148,(anonymous_14)
FN:180,(anonymous_15)
FN:197,(anonymous_16)
FN:224,(anonymous_17)
FN:238,(anonymous_18)
FN:242,(anonymous_19)
FN:243,(anonymous_20)
FN:244,(anonymous_21)
FN:265,(anonymous_22)
FN:355,(anonymous_23)
FNF:23
FNH:4
FNDA:2,VehiclesPage
FNDA:2,(anonymous_2)
FNDA:2,(anonymous_3)
FNDA:0,(anonymous_4)
FNDA:0,(anonymous_5)
FNDA:0,(anonymous_6)
FNDA:0,(anonymous_7)
FNDA:0,(anonymous_8)
FNDA:0,(anonymous_9)
FNDA:0,(anonymous_10)
FNDA:0,(anonymous_11)
FNDA:0,(anonymous_12)
FNDA:0,(anonymous_13)
FNDA:0,(anonymous_14)
FNDA:0,(anonymous_15)
FNDA:4,(anonymous_16)
FNDA:0,(anonymous_17)
FNDA:0,(anonymous_18)
FNDA:0,(anonymous_19)
FNDA:0,(anonymous_20)
FNDA:0,(anonymous_21)
FNDA:0,(anonymous_22)
FNDA:0,(anonymous_23)
DA:1,1
DA:2,1
DA:3,1
DA:9,1
DA:10,1
DA:11,1
DA:13,1
DA:14,1
DA:15,1
DA:17,1
DA:19,1
DA:20,2
DA:21,2
DA:22,2
DA:23,2
DA:24,2
DA:25,2
DA:26,2
DA:27,2
DA:29,2
DA:30,2
DA:33,2
DA:34,2
DA:35,2
DA:36,2
DA:37,2
DA:38,2
DA:48,2
DA:49,2
DA:59,2
DA:64,2
DA:67,2
DA:68,2
DA:70,0
DA:71,0
DA:72,0
DA:73,0
DA:78,2
DA:80,0
DA:81,0
DA:82,0
DA:83,0
DA:92,2
DA:94,0
DA:95,0
DA:97,2
DA:101,2
DA:102,0
DA:103,0
DA:106,2
DA:107,0
DA:108,0
DA:111,2
DA:112,0
DA:113,0
DA:114,0
DA:117,2
DA:118,0
DA:120,0
DA:121,0
DA:122,0
DA:123,0
DA:124,0
DA:125,0
DA:126,0
DA:127,0
DA:128,0
DA:130,0
DA:131,0
DA:137,0
DA:141,2
DA:142,0
DA:143,0
DA:144,0
DA:148,2
DA:149,0
DA:151,0
DA:152,0
DA:153,0
DA:156,0
DA:157,0
DA:159,0
DA:161,0
DA:162,0
DA:165,0
DA:166,0
DA:169,0
DA:170,0
DA:171,0
DA:173,0
DA:174,0
DA:176,0
DA:180,2
DA:181,0
DA:182,0
DA:183,0
DA:191,2
DA:192,2
DA:195,2
DA:197,2
DA:198,4
DA:199,4
DA:224,0
DA:236,0
DA:239,0
DA:242,0
DA:243,0
DA:244,0
DA:253,2
DA:266,0
DA:267,0
DA:356,0
DA:357,0
LF:113
LH:50
BRDA:41,0,0,2
BRDA:41,0,1,2
BRDA:42,1,0,2
BRDA:42,1,1,2
BRDA:43,2,0,2
BRDA:43,2,1,0
BRDA:44,3,0,2
BRDA:44,3,1,0
BRDA:48,4,0,2
BRDA:48,4,1,0
BRDA:48,5,0,2
BRDA:48,5,1,2
BRDA:60,6,0,2
BRDA:60,6,1,0
BRDA:61,7,0,2
BRDA:61,7,1,0
BRDA:67,8,0,2
BRDA:67,8,1,0
BRDA:67,9,0,2
BRDA:67,9,1,2
BRDA:68,10,0,0
BRDA:68,10,1,2
BRDA:78,11,0,0
BRDA:78,11,1,2
BRDA:78,12,0,2
BRDA:78,12,1,0
BRDA:118,13,0,0
BRDA:118,13,1,0
BRDA:137,14,0,0
BRDA:137,14,1,0
BRDA:151,15,0,0
BRDA:151,15,1,0
BRDA:151,16,0,0
BRDA:151,16,1,0
BRDA:159,17,0,0
BRDA:159,17,1,0
BRDA:174,18,0,0
BRDA:174,18,1,0
BRDA:197,19,0,0
BRDA:198,20,0,4
BRDA:198,20,1,0
BRDA:204,21,0,2
BRDA:204,21,1,2
BRDA:207,22,0,2
BRDA:207,22,1,2
BRDA:216,23,0,4
BRDA:216,23,1,2
BRDA:218,24,0,0
BRDA:218,24,1,2
BRDA:256,25,0,2
BRDA:256,25,1,0
BRDA:259,26,0,0
BRDA:259,26,1,0
BRDA:306,27,0,0
BRDA:306,27,1,2
BRF:55
BRH:27
end_of_record
TN:
SF:src/pages/Vehicles/index.ts
FN:1,(anonymous_1)
FNF:1
FNH:0
FNDA:0,(anonymous_1)
DA:1,0
LF:1
LH:0
BRF:0
BRH:0
end_of_record
TN:
SF:src/shared/api.ts
FN:9,(anonymous_1)
FN:21,(anonymous_2)
FN:24,(anonymous_3)
FN:31,(anonymous_4)
FN:38,(anonymous_5)
FN:41,(anonymous_6)
FN:52,(anonymous_7)
FN:57,(anonymous_8)
FN:62,(anonymous_9)
FN:67,(anonymous_10)
FN:72,(anonymous_11)
FNF:11
FNH:2
FNDA:1,(anonymous_1)
FNDA:1,(anonymous_2)
FNDA:0,(anonymous_3)
FNDA:0,(anonymous_4)
FNDA:0,(anonymous_5)
FNDA:0,(anonymous_6)
FNDA:0,(anonymous_7)
FNDA:0,(anonymous_8)
FNDA:0,(anonymous_9)
FNDA:0,(anonymous_10)
FNDA:0,(anonymous_11)
DA:1,1
DA:4,1
DA:7,1
DA:10,1
DA:18,1
DA:23,1
DA:25,0
DA:26,0
DA:27,0
DA:29,0
DA:32,0
DA:37,1
DA:39,0
DA:42,0
DA:43,0
DA:44,0
DA:46,0
DA:53,0
DA:54,0
DA:58,0
DA:59,0
DA:63,0
DA:64,0
DA:68,0
DA:69,0
DA:73,0
DA:74,0
DA:78,1
DA:79,1
LF:29
LH:9
BRDA:26,0,0,0
BRDA:26,0,1,0
BRDA:42,1,0,0
BRDA:42,1,1,0
BRF:4
BRH:0
end_of_record
TN:
SF:src/shared/index.ts
FNF:0
FNH:0
DA:2,0
DA:3,0
DA:4,0
DA:5,0
LF:4
LH:0
BRF:0
BRH:0
end_of_record
TN:
SF:src/shared/constants/index.ts
FNF:0
FNH:0
DA:2,1
DA:9,1
LF:2
LH:2
BRF:0
BRH:0
end_of_record
TN:
SF:src/shared/hooks/index.ts
FNF:0
FNH:0
DA:2,0
LF:1
LH:0
BRF:0
BRH:0
end_of_record
TN:
SF:src/shared/hooks/useApi.ts
FN:4,useApi
FN:14,(anonymous_1)
FN:15,(anonymous_2)
FN:30,(anonymous_3)
FNF:4
FNH:4
FNDA:27,useApi
FNDA:12,(anonymous_1)
FNDA:12,(anonymous_2)
FNDA:1,(anonymous_3)
DA:1,1
DA:4,1
DA:7,27
DA:13,27
DA:15,12
DA:17,12
DA:18,12
DA:19,7
DA:20,7
DA:22,4
DA:23,4
DA:24,4
DA:30,27
DA:31,1
DA:34,27
LF:15
LH:15
BRDA:22,0,0,4
BRDA:22,0,1,3
BRDA:22,0,2,1
BRF:3
BRH:3
end_of_record
TN:
SF:src/shared/lib/api.ts
FN:14,(anonymous_0)
FN:19,(anonymous_1)
FNF:2
FNH:0
FNDA:0,(anonymous_0)
FNDA:0,(anonymous_1)
DA:2,0
DA:15,0
DA:20,0
DA:22,0
DA:23,0
DA:28,0
LF:6
LH:0
BRDA:4,0,0,0
BRDA:4,0,1,0
BRDA:20,1,0,0
BRDA:20,1,1,0
BRDA:22,2,0,0
BRDA:22,2,1,0
BRF:6
BRH:0
end_of_record
TN:
SF:src/shared/services/api.ts
FN:9,(anonymous_1)
FN:21,(anonymous_2)
FN:23,(anonymous_3)
FN:31,(anonymous_4)
FN:37,(anonymous_5)
FN:38,(anonymous_6)
FN:50,(anonymous_7)
FN:54,(anonymous_8)
FN:58,(anonymous_9)
FN:62,(anonymous_10)
FN:66,(anonymous_11)
FN:75,(anonymous_12)
FN:79,(anonymous_13)
FN:83,(anonymous_14)
FN:87,(anonymous_15)
FNF:15
FNH:11
FNDA:14,(anonymous_1)
FNDA:14,(anonymous_2)
FNDA:0,(anonymous_3)
FNDA:0,(anonymous_4)
FNDA:0,(anonymous_5)
FNDA:0,(anonymous_6)
FNDA:1,(anonymous_7)
FNDA:4,(anonymous_8)
FNDA:3,(anonymous_9)
FNDA:2,(anonymous_10)
FNDA:2,(anonymous_11)
FNDA:4,(anonymous_12)
FNDA:1,(anonymous_13)
FNDA:1,(anonymous_14)
FNDA:1,(anonymous_15)
DA:1,14
DA:4,14
DA:7,14
DA:10,14
DA:18,14
DA:22,14
DA:24,0
DA:25,0
DA:26,0
DA:27,0
DA:29,0
DA:32,0
DA:36,14
DA:37,0
DA:39,0
DA:40,0
DA:41,0
DA:42,0
DA:45,0
DA:51,1
DA:55,4
DA:59,3
DA:63,2
DA:67,2
DA:68,2
DA:69,1
DA:70,1
DA:71,1
DA:76,4
DA:80,1
DA:84,1
DA:88,1
DA:92,14
LF:33
LH:21
BRDA:25,0,0,0
BRDA:25,0,1,0
BRDA:39,1,0,0
BRDA:39,1,1,0
BRDA:41,2,0,0
BRDA:41,2,1,0
BRDA:68,3,0,1
BRDA:68,3,1,1
BRDA:70,4,0,1
BRDA:70,4,1,0
BRF:10
BRH:3
end_of_record
TN:
SF:src/shared/services/index.ts
FNF:0
FNH:0
DA:2,0
LF:1
LH:0
BRF:0
BRH:0
end_of_record
TN:
SF:src/shared/types/index.ts
FNF:0
FNH:0
DA:2,0
DA:3,0
DA:4,0
DA:5,0
LF:4
LH:0
BRF:0
BRH:0
end_of_record
TN:
SF:src/shared/utils/format.ts
FN:1,currencyBRL
FN:13,kmFormat
FN:17,percentFormat
FN:21,formatBRDate
FNF:4
FNH:4
FNDA:8,currencyBRL
FNDA:5,kmFormat
FNDA:4,percentFormat
FNDA:6,formatBRDate
DA:1,4
DA:3,8
DA:5,8
DA:13,4
DA:14,5
DA:17,4
DA:18,4
DA:21,4
DA:22,6
DA:23,3
DA:24,3
DA:25,2
LF:12
LH:12
BRDA:3,0,0,8
BRDA:3,0,1,6
BRDA:14,1,0,5
BRDA:14,1,1,3
BRDA:22,2,0,3
BRDA:22,2,1,3
BRDA:23,3,0,2
BRDA:23,3,1,1
BRDA:24,4,0,1
BRDA:24,4,1,2
BRF:10
BRH:10
end_of_record
TN:
SF:src/shared/utils/index.ts
FNF:0
FNH:0
DA:2,0
DA:3,0
LF:2
LH:0
BRF:0
BRH:0
end_of_record
TN:
SF:src/shared/utils/vehicleValidation.ts
FN:7,(anonymous_0)
FN:44,(anonymous_1)
FN:68,(anonymous_2)
FN:87,(anonymous_3)
FN:106,(anonymous_4)
FN:131,(anonymous_5)
FN:150,(anonymous_6)
FN:171,(anonymous_7)
FN:197,(anonymous_8)
FN:204,(anonymous_9)
FN:218,(anonymous_10)
FN:236,(anonymous_11)
FN:248,(anonymous_12)
FN:256,(anonymous_13)
FN:264,(anonymous_14)
FN:271,(anonymous_15)
FN:275,(anonymous_16)
FNF:17
FNH:13
FNDA:0,(anonymous_0)
FNDA:10,(anonymous_1)
FNDA:6,(anonymous_2)
FNDA:5,(anonymous_3)
FNDA:8,(anonymous_4)
FNDA:6,(anonymous_5)
FNDA:7,(anonymous_6)
FNDA:6,(anonymous_7)
FNDA:0,(anonymous_8)
FNDA:3,(anonymous_9)
FNDA:2,(anonymous_10)
FNDA:2,(anonymous_11)
FNDA:2,(anonymous_12)
FNDA:0,(anonymous_13)
FNDA:0,(anonymous_14)
FNDA:2,(anonymous_15)
FNDA:4,(anonymous_16)
DA:3,1
DA:8,0
DA:11,0
DA:12,0
DA:15,0
DA:16,0
DA:19,0
DA:20,0
DA:23,0
DA:24,0
DA:27,0
DA:28,0
DA:31,0
DA:32,0
DA:35,0
DA:36,0
DA:38,0
DA:45,10
DA:46,2
DA:49,8
DA:51,8
DA:52,2
DA:55,6
DA:56,6
DA:58,6
DA:59,2
DA:62,4
DA:69,6
DA:70,2
DA:73,4
DA:74,1
DA:77,3
DA:78,1
DA:81,2
DA:88,5
DA:89,2
DA:92,3
DA:93,0
DA:96,3
DA:97,1
DA:100,2
DA:107,8
DA:108,2
DA:111,6
DA:113,6
DA:114,2
DA:117,4
DA:118,4
DA:119,4
DA:121,4
DA:122,2
DA:125,2
DA:132,6
DA:133,2
DA:136,4
DA:137,1
DA:140,3
DA:141,1
DA:144,2
DA:151,7
DA:152,2
DA:155,5
DA:157,5
DA:158,3
DA:161,2
DA:162,0
DA:165,2
DA:173,6
DA:174,2
DA:177,4
DA:179,4
DA:180,1
DA:183,3
DA:184,0
DA:187,3
DA:188,1
DA:191,2
DA:198,0
DA:205,3
DA:206,3
DA:208,3
DA:209,3
DA:212,0
DA:219,2
DA:220,2
DA:222,2
DA:223,2
DA:224,0
DA:225,0
DA:226,0
DA:227,0
DA:230,0
DA:237,2
DA:238,2
DA:240,2
DA:242,2
DA:249,2
DA:250,2
DA:257,0
DA:258,0
DA:265,0
DA:272,2
DA:275,4
LF:103
LH:74
BRDA:12,0,0,0
BRDA:12,0,1,0
BRDA:16,1,0,0
BRDA:16,1,1,0
BRDA:20,2,0,0
BRDA:20,2,1,0
BRDA:24,3,0,0
BRDA:24,3,1,0
BRDA:28,4,0,0
BRDA:28,4,1,0
BRDA:32,5,0,0
BRDA:32,5,1,0
BRDA:36,6,0,0
BRDA:36,6,1,0
BRDA:45,7,0,2
BRDA:45,7,1,8
BRDA:45,8,0,10
BRDA:45,8,1,9
BRDA:51,9,0,2
BRDA:51,9,1,6
BRDA:51,10,0,8
BRDA:51,10,1,7
BRDA:58,11,0,2
BRDA:58,11,1,4
BRDA:58,12,0,6
BRDA:58,12,1,4
BRDA:69,13,0,2
BRDA:69,13,1,4
BRDA:69,14,0,6
BRDA:69,14,1,5
BRDA:73,15,0,1
BRDA:73,15,1,3
BRDA:77,16,0,1
BRDA:77,16,1,2
BRDA:88,17,0,2
BRDA:88,17,1,3
BRDA:88,18,0,5
BRDA:88,18,1,4
BRDA:92,19,0,0
BRDA:92,19,1,3
BRDA:96,20,0,1
BRDA:96,20,1,2
BRDA:107,21,0,2
BRDA:107,21,1,6
BRDA:107,22,0,8
BRDA:107,22,1,7
BRDA:113,23,0,2
BRDA:113,23,1,4
BRDA:121,24,0,2
BRDA:121,24,1,2
BRDA:121,25,0,4
BRDA:121,25,1,3
BRDA:132,26,0,2
BRDA:132,26,1,4
BRDA:132,27,0,6
BRDA:132,27,1,5
BRDA:136,28,0,1
BRDA:136,28,1,3
BRDA:140,29,0,1
BRDA:140,29,1,2
BRDA:151,30,0,2
BRDA:151,30,1,5
BRDA:151,31,0,7
BRDA:151,31,1,6
BRDA:157,32,0,3
BRDA:157,32,1,2
BRDA:161,33,0,0
BRDA:161,33,1,2
BRDA:173,34,0,2
BRDA:173,34,1,4
BRDA:173,35,0,6
BRDA:173,35,1,5
BRDA:179,36,0,1
BRDA:179,36,1,3
BRDA:183,37,0,0
BRDA:183,37,1,3
BRDA:187,38,0,1
BRDA:187,38,1,2
BRDA:208,39,0,3
BRDA:208,39,1,0
BRDA:222,40,0,2
BRDA:222,40,1,0
BRDA:224,41,0,0
BRDA:224,41,1,0
BRDA:226,42,0,0
BRDA:226,42,1,0
BRDA:240,43,0,0
BRDA:240,43,1,2
BRDA:250,44,0,2
BRDA:250,44,1,0
BRF:90
BRH:65
end_of_record
